Log file open, 09/04/17 15:44:58
LogInit:Display: Running engine for game: Paper2DDemo
LogPlatformFile: Not using cached read wrapper
LogInit:Display: RandInit(-697158847) SRandInit(-697158770).
LogTaskGraph: Started task graph with 4 named threads and 5 total threads.
LogStats: Stats thread started at 0.088999
LogInit: Version: 4.11.2-2946394+++UE4+Release-4.11
LogInit: API Version: 2927265
LogInit: Compiled (64-bit): Apr 18 2016 02:18:46
LogInit: Compiled with Visual C++: 19.00.23026.00
LogInit: Build Configuration: Development
LogInit: Branch Name: ++UE4+Release-4.11
LogInit: Command line: -EpicPortal 
LogInit: Base directory: C:/Program Files (x86)/Epic Games/4.11/Engine/Binaries/Win64/
LogInit: Installed Engine Build: 1
LogInit: Using libcurl 7.41.0
LogInit:  - built for x86_64-pc-win32
LogInit:  - supports SSL with WinSSL
LogInit:  - other features:
LogInit:      CURL_VERSION_SSL
LogInit:      CURL_VERSION_IPV6
LogInit:      CURL_VERSION_ASYNCHDNS
LogInit:      CURL_VERSION_LARGEFILE
LogInit:      CURL_VERSION_IDN
LogInit:  CurlRequestOptions (configurable via config and command line):
LogInit:  - bVerifyPeer = true  - Libcurl will verify peer certificate
LogInit:  - bUseHttpProxy = false  - Libcurl will NOT use HTTP proxy
LogInit:  - bDontReuseConnections = false  - Libcurl will reuse connections
LogInit:  - CertBundlePath = nullptr  - Libcurl will use whatever was configured at build time.
LogInit: Presizing for max 16777216 objects, including 0 objects not considered by GC, pre-allocating 0 bytes for permanent pool.
LogInit: Object subsystem initialized
[2017.09.04-19.44.58:966][  0]LogInit: Selected Device Profile: [Windows]
[2017.09.04-19.44.58:967][  0]LogInit: Applying CVar settings loaded from the selected device profile: [Windows]
[2017.09.04-19.44.58:979][  0]LogInit: Computer: NAIKELEA
[2017.09.04-19.44.58:979][  0]LogInit: User: Daniel
[2017.09.04-19.44.58:979][  0]LogInit: CPU Page size=65536, Cores=2
[2017.09.04-19.44.58:979][  0]LogInit: High frequency timer resolution =14.318180 MHz
[2017.09.04-19.44.58:980][  0]LogMemory: Memory total: Physical=7.9GB (8GB approx)
[2017.09.04-19.44.58:981][  0]LogMemory: Platform Memory Stats for Windows
[2017.09.04-19.44.58:981][  0]LogMemory: Process Physical Memory: 310.54 MB used, 310.54 MB peak
[2017.09.04-19.44.58:981][  0]LogMemory: Process Virtual Memory: 315.20 MB used, 315.20 MB peak
[2017.09.04-19.44.58:981][  0]LogMemory: Physical Memory: 6577.08 MB used, 8131.27 MB total
[2017.09.04-19.44.58:981][  0]LogMemory: Virtual Memory: 634.39 MB used, 134217728.00 MB total
[2017.09.04-19.44.59:036][  0]LogTextLocalizationManager: No specific translations for ('en-US') exist, so ('en') translations will be used.
[2017.09.04-19.44.59:862][  0]LogD3D11RHI: D3D11 adapters:
[2017.09.04-19.44.59:894][  0]LogD3D11RHI:    0. 'NVIDIA GeForce GTX 750 Ti' (Feature Level 11_0)
[2017.09.04-19.44.59:894][  0]LogD3D11RHI:       1988MB of dedicated video memory, 0MB of dedicated system memory, and 2048MB of shared system memory, 2 output[s]
[2017.09.04-19.44.59:895][  0]LogD3D11RHI:    1. 'Microsoft Basic Render Driver' (Feature Level 11_0)
[2017.09.04-19.44.59:895][  0]LogD3D11RHI:       0MB of dedicated video memory, 0MB of dedicated system memory, and 256MB of shared system memory, 0 output[s]
[2017.09.04-19.44.59:895][  0]LogD3D11RHI: Chosen D3D11 Adapter: 0
[2017.09.04-19.44.59:903][  0]LogD3D11RHI: Creating new Direct3DDevice
[2017.09.04-19.44.59:904][  0]LogD3D11RHI:     Adapter Name: NVIDIA GeForce GTX 750 Ti
[2017.09.04-19.44.59:904][  0]LogD3D11RHI:   Driver Version: Unknown (internal Unknown)
[2017.09.04-19.44.59:904][  0]LogD3D11RHI:      Driver Date: Unknown
[2017.09.04-19.44.59:904][  0]LogRHI: Texture pool is 1361 MB (70% of 1945 MB)
[2017.09.04-19.44.59:926][  0]LogD3D11RHI: Async texture creation enabled
[2017.09.04-19.44.59:945][  0]LogShaderCompilers: Guid format shader working directory is -21 characters bigger than the processId version (../../../../../../Users/Daniel/Documents/Unreal Projects/Paper2DDemo/Intermediate/Shaders/WorkingDirectory/8272/).
[2017.09.04-19.44.59:945][  0]LogShaderCompilers: Cleaned the shader compiler working directory 'C:/Users/Daniel/AppData/Local/Temp/UnrealShaderWorkingDir/EA17E94842693789ABD21BB53AD96923/'.
[2017.09.04-19.44.59:945][  0]LogShaderCompilers:Display: Using Local Shader Compiler.
[2017.09.04-19.45.02:098][  0]LogTemp:Display: Loaded TP AllDesktopTargetPlatform
[2017.09.04-19.45.02:105][  0]LogTemp:Display: Loaded TP WindowsClientTargetPlatform
[2017.09.04-19.45.02:116][  0]LogTemp:Display: Loaded TP WindowsNoEditorTargetPlatform
[2017.09.04-19.45.02:123][  0]LogTemp:Display: Loaded TP WindowsServerTargetPlatform
[2017.09.04-19.45.02:130][  0]LogTemp:Display: Loaded TP WindowsTargetPlatform
[2017.09.04-19.45.02:136][  0]LogTemp:Display: Loaded TP AndroidTargetPlatform
[2017.09.04-19.45.02:141][  0]LogTemp:Display: Loaded TP Android_ASTCTargetPlatform
[2017.09.04-19.45.02:148][  0]LogTemp:Display: Loaded TP Android_ATCTargetPlatform
[2017.09.04-19.45.02:154][  0]LogTemp:Display: Loaded TP Android_DXTTargetPlatform
[2017.09.04-19.45.02:159][  0]LogTemp:Display: Loaded TP Android_ETC1TargetPlatform
[2017.09.04-19.45.02:167][  0]LogTemp:Display: Loaded TP Android_ETC2TargetPlatform
[2017.09.04-19.45.02:184][  0]LogTemp:Display: Loaded TP Android_MultiTargetPlatform
[2017.09.04-19.45.02:184][  0]LogTemp:Display: Loaded TP Android_PVRTCTargetPlatform
[2017.09.04-19.45.02:185][  0]LogTemp:Display: Loaded TP HTML5TargetPlatform
[2017.09.04-19.45.02:204][  0]LogTemp:Display: Loaded TP IOSTargetPlatform
[2017.09.04-19.45.02:213][  0]LogTemp:Display: Loaded TP TVOSTargetPlatform
[2017.09.04-19.45.02:219][  0]LogTemp:Display: Loaded TP LinuxNoEditorTargetPlatform
[2017.09.04-19.45.02:225][  0]LogTemp:Display: Loaded TP LinuxServerTargetPlatform
[2017.09.04-19.45.02:234][  0]LogTemp:Display: Loaded TP LinuxTargetPlatform
[2017.09.04-19.45.02:234][  0]LogTargetPlatformManager:Display: Building Assets For Windows
[2017.09.04-19.45.02:400][  0]LogDerivedDataCache:Display: Max Cache Size: 512 MB
[2017.09.04-19.45.02:540][  0]LogDerivedDataCache: Loaded boot cache 0.14s 46MB C:/Users/Daniel/AppData/Local/UnrealEngine/4.11/DerivedDataCache/Boot.ddc.
[2017.09.04-19.45.02:540][  0]LogDerivedDataCache:Display: Loaded Boot cache: C:/Users/Daniel/AppData/Local/UnrealEngine/4.11/DerivedDataCache/Boot.ddc
[2017.09.04-19.45.02:540][  0]LogDerivedDataCache: FDerivedDataBackendGraph:  Pak pak cache file ../../../../../../Users/Daniel/Documents/Unreal Projects/Paper2DDemo/DerivedDataCache/DDC.ddp not found, will not use a pak cache.
[2017.09.04-19.45.02:540][  0]LogDerivedDataCache: Unable to find inner node Pak for hierarchical cache Hierarchy.
[2017.09.04-19.45.02:540][  0]LogDerivedDataCache: FDerivedDataBackendGraph:  CompressedPak pak cache file ../../../../../../Users/Daniel/Documents/Unreal Projects/Paper2DDemo/DerivedDataCache/Compressed.ddp not found, will not use a pak cache.
[2017.09.04-19.45.02:540][  0]LogDerivedDataCache: Unable to find inner node CompressedPak for hierarchical cache Hierarchy.
[2017.09.04-19.45.02:562][  0]LogDerivedDataCache:Display: Pak cache opened for reading ../../../Engine/DerivedDataCache/Compressed.ddp.
[2017.09.04-19.45.02:574][  0]LogDerivedDataCache: Using Local data cache path C:/Users/Daniel/AppData/Local/UnrealEngine/Common/DerivedDataCache: Writable
[2017.09.04-19.45.02:927][  0]LogInit: Selected Device Profile: [Windows]
[2017.09.04-19.45.02:928][  0]LogContentStreaming: Texture pool size is 0.00 MB
[2017.09.04-19.45.03:013][  0]LogMaterial: Uniform references updated for custom material expression Custom.
[2017.09.04-19.45.03:237][  0]LogMeshUtilities: No automatic mesh reduction module available
[2017.09.04-19.45.03:237][  0]LogMeshUtilities: No automatic mesh merging module available
[2017.09.04-19.45.03:237][  0]LogMeshUtilities: No distributed automatic mesh merging module available
[2017.09.04-19.45.03:782][  0]LogUObjectArray: 27679 objects as part of root set at end of initial load.
[2017.09.04-19.45.03:782][  0]LogUObjectAllocator: 5591600 out of 0 bytes used by permanent object pool.
[2017.09.04-19.45.03:782][  0]LogUObjectArray: CloseDisregardForGC: 0/0 objects in disregard for GC pool
[2017.09.04-19.45.03:796][  0]LogInit: WinSock: version 1.1 (2.2), MaxSocks=32767, MaxUdp=65467
[2017.09.04-19.45.03:983][  0]LogSlate: SlateFontCache - WITH_FREETYPE: 1, WITH_HARFBUZZ: 1
[2017.09.04-19.45.03:984][  0]LogSlate: SlateFontCache - WITH_FREETYPE: 1, WITH_HARFBUZZ: 1
[2017.09.04-19.45.04:125][  0]LogStreaming:Warning: Failed to read file '../../../Engine/Content/Editor/Slate/Common/Selection_16x.png' error.
[2017.09.04-19.45.04:125][  0]LogSlate: Could not find file for Slate resource: ../../../Engine/Content/Editor/Slate/Common/Selection_16x.png
[2017.09.04-19.45.04:125][  0]LogStreaming:Warning: Failed to read file '../../../Engine/Content/Editor/Slate/Common/Selection_16x.png' error.
[2017.09.04-19.45.04:125][  0]LogSlate: Could not find file for Slate resource: ../../../Engine/Content/Editor/Slate/Common/Selection_16x.png
[2017.09.04-19.45.04:125][  0]LogStreaming:Warning: Failed to read file '../../../Engine/Content/Editor/Slate/Common/Selection_16x.png' error.
[2017.09.04-19.45.04:125][  0]LogSlate: Could not find file for Slate resource: ../../../Engine/Content/Editor/Slate/Common/Selection_16x.png
[2017.09.04-19.45.04:956][  0]LogUdpMessaging: Initializing bridge on interface 0.0.0.0:0 to multicast group 230.0.0.1:6666.
[2017.09.04-19.45.05:093][  0]LogAssetRegistry: FAssetRegistry took 0.0228 seconds to start up
[2017.09.04-19.45.05:491][  0]SourceControl: Info Source control is disabled
[2017.09.04-19.45.05:494][  0]SourceControl: Info Source control is disabled
[2017.09.04-19.45.05:530][  0]SourceControl: Info Source control is disabled
[2017.09.04-19.45.05:553][  0]SourceControl: Info Source control is disabled
[2017.09.04-19.45.05:861][  0]LogHMD: Failed to initialize OpenVR with code 110
[2017.09.04-19.45.05:985][  0]LogEngine: Initializing Engine...
[2017.09.04-19.45.06:235][  0]LogAIModule: Creating AISystem for world NewWorld
[2017.09.04-19.45.06:256][  0]LogInit: XAudio2 using 'Speakers (Realtek High Definition Audio)' : 2 channels at 48 kHz using 32 bits per sample (channel mask 0x3)
[2017.09.04-19.45.06:280][  0]LogInit: FAudioDevice initialized.
[2017.09.04-19.45.06:327][  0]LogDerivedDataCache: Saved boot cache 0.05s 46MB C:/Users/Daniel/AppData/Local/UnrealEngine/4.11/DerivedDataCache/Boot.ddc.
[2017.09.04-19.45.06:340][  0]LogInit: Texture streaming: Enabled
[2017.09.04-19.45.06:390][  0]LogInit: Transaction tracking system initialized
[2017.09.04-19.45.06:443][  0]BlueprintLog: New page: Editor Load
[2017.09.04-19.45.06:608][  0]LocalizationService: Info Localization service is disabled
[2017.09.04-19.45.06:982][  0]LogConsoleResponse:Display: 
[2017.09.04-19.45.07:190][  0]LogCook:Display: Max memory allowance for cook 8192mb
[2017.09.04-19.45.07:190][  0]LogCook:Display: Mobile HDR setting 1
[2017.09.04-19.45.07:190][  0]LogCook:Display: Done creating registry. It took  0.00s.
[2017.09.04-19.45.07:293][  0]LogFileCache: Scanning file cache for directory 'C:/Users/Daniel/Documents/Unreal Projects/Paper2DDemo/Content/' took 0.02s
[2017.09.04-19.45.07:293][  0]SourceControl: Info Source control is disabled
[2017.09.04-19.45.07:293][  0]Cmd: MAP LOAD FILE="../../../Engine/Content/Maps/Templates/Template_Default.umap" TEMPLATE=1 SHOWPROGRESS=1 FEATURELEVEL=3
[2017.09.04-19.45.07:294][  0]LightingResults: New page: Lighting Build
[2017.09.04-19.45.07:300][  0]MapCheck: New page: Map Check
[2017.09.04-19.45.07:300][  0]LightingResults: New page: Lighting Build
[2017.09.04-19.45.07:661][  0]LogAIModule: Creating AISystem for world Untitled_1
[2017.09.04-19.45.07:672][  0]LogEditorServer: Finished looking for orphan Actors (0.000 secs)
[2017.09.04-19.45.07:678][  0]Cmd: MAP CHECKDEP NOCLEARLOG
[2017.09.04-19.45.07:737][  0]MapCheck: Info Map check complete: 0 Error(s), 0 Warning(s), took 58.242ms to complete.
[2017.09.04-19.45.07:737][  0]LogFileHelpers: Loading map 'Template_Default' took 0.444
[2017.09.04-19.45.08:236][  0]LogCollectionManager: Loaded 0 collections in 0.004066 seconds
[2017.09.04-19.45.08:328][  0]LogFileCache: Scanning file cache for directory 'C:/Users/Daniel/Documents/Unreal Projects/Paper2DDemo/Saved/Collections/' took 0.01s
[2017.09.04-19.45.08:328][  0]LogFileCache: Scanning file cache for directory 'C:/Users/Daniel/Documents/Unreal Projects/Paper2DDemo/Content/Developers/Daniel/Collections/' took 0.01s
[2017.09.04-19.45.08:328][  0]LogFileCache: Scanning file cache for directory 'C:/Users/Daniel/Documents/Unreal Projects/Paper2DDemo/Content/Collections/' took 0.01s
[2017.09.04-19.45.08:328][  0]LogCollectionManager: Rebuilt the GUID cache for 0 collections in 0.000005 seconds
[2017.09.04-19.45.08:343][  0]LogContentBrowser: Native class hierarchy populated in 0.0138 seconds. Added 1979 classes and 343 folders.
[2017.09.04-19.45.08:360][  0]LogStats: UGameplayTagsManager::ConstructGameplayTagTree: Construct from data asset -  0.000 s
[2017.09.04-19.45.08:360][  0]LogStats: UGameplayTagsManager::ConstructGameplayTagTree: GameplayTagTreeChangedEvent.Broadcast -  0.000 s
[2017.09.04-19.45.08:361][  0]LogContentBrowser: Native class hierarchy updated for 'GameplayTags' in 0.0007 seconds. Added 12 classes and 0 folders.
[2017.09.04-19.45.08:372][  0]LogContentBrowser: Native class hierarchy updated for 'WidgetCarousel' in 0.0008 seconds. Added 0 classes and 0 folders.
[2017.09.04-19.45.08:407][  0]LogContentBrowser: Native class hierarchy updated for 'SuperSearch' in 0.0005 seconds. Added 1 classes and 2 folders.
[2017.09.04-19.45.08:545][  0]LogContentBrowser: Native class hierarchy updated for 'AddContentDialog' in 0.0004 seconds. Added 0 classes and 0 folders.
[2017.09.04-19.45.08:562][  0]LogContentBrowser: Native class hierarchy updated for 'SceneOutliner' in 0.0005 seconds. Added 1 classes and 2 folders.
[2017.09.04-19.45.08:819][  0]LogCrashTracker: Crashtracker disabled due to settings.
[2017.09.04-19.45.08:844][  0]LogUObjectGlobals:Warning: Failed to find object 'Class None.'
[2017.09.04-19.45.08:877][  0]LogContentBrowser: Native class hierarchy updated for 'HierarchicalLODOutliner' in 0.0004 seconds. Added 1 classes and 2 folders.
[2017.09.04-19.45.08:878][  0]LogLoad: Full Startup: 11.40 seconds (BP compile: 0.09 seconds)
[2017.09.04-19.45.08:878][  0]LogExternalProfiler: Found external profiler: VSPerf
[2017.09.04-19.45.08:878][  0]LogExternalProfiler: Using external profiler: VSPerf
[2017.09.04-19.45.08:888][  0]LogOcInput: OculusInput pre-init called
[2017.09.04-19.45.08:998][  0]LogContentStreaming: Texture pool size now 1000 MB
[2017.09.04-19.45.09:199][  0]LogRenderer: Reallocating scene render targets to support 1136x548 (Frame:2).
[2017.09.04-19.45.09:343][  1]LogAssetRegistry: Asset discovery search completed in 4.2736 seconds
[2017.09.04-19.45.09:343][  1]LogCollectionManager: Rebuilt the object cache for 0 collections in 0.000002 seconds (found 0 objects)
[2017.09.04-19.45.09:343][  1]LogCollectionManager: Fixed up redirectors for 0 collections in 0.000038 seconds (updated 0 objects)
[2017.09.04-19.51.20:620][851]LogContentBrowser: Native class hierarchy updated for 'BlueprintGraph' in 0.0010 seconds. Added 108 classes and 0 folders.
[2017.09.04-19.52.07:089][622]LogUObjectHash:Warning: Ambiguous search, could be CanvasPanel /Game/User_Interface/Pause_Menu/In_Game_Menu.In_Game_Menu:WidgetTree.CanvasPanel_0 or CanvasPanel /Game/User_Interface/Pause_Menu/In_Game_Menu.In_Game_Menu_C:WidgetTree_0.CanvasPanel_0
[2017.09.04-19.52.07:089][622]LogUObjectHash:Warning: Ambiguous search, could be CanvasPanel /Game/User_Interface/Pause_Menu/In_Game_Menu.In_Game_Menu:WidgetTree.CanvasPanel_0 or CanvasPanel /Engine/Transient.World_3:In_Game_Menu_C_0.WidgetTree_0.CanvasPanel_0
[2017.09.04-19.52.07:089][622]LogUObjectHash:Warning: Ambiguous search, could be CanvasPanel /Game/User_Interface/Pause_Menu/In_Game_Menu.In_Game_Menu:WidgetTree.CanvasPanel_0 or CanvasPanel /Game/User_Interface/Pause_Menu/In_Game_Menu.In_Game_Menu_C:WidgetTree_1.CanvasPanel_0
[2017.09.04-19.52.07:089][622]LogUObjectHash:Warning: Ambiguous search, could be CanvasPanel /Game/User_Interface/Pause_Menu/In_Game_Menu.In_Game_Menu:WidgetTree.CanvasPanel_0 or CanvasPanel /Engine/Transient.World_3:In_Game_Menu_C_1.WidgetTree_1.CanvasPanel_0
[2017.09.04-19.52.07:089][622]LogUObjectHash:Warning: Ambiguous search, could be CanvasPanel /Game/User_Interface/Pause_Menu/In_Game_Menu.In_Game_Menu:WidgetTree.CanvasPanel_0 or CanvasPanel /Game/User_Interface/Pause_Menu/In_Game_Menu.In_Game_Menu_C:WidgetTree_2.CanvasPanel_0
[2017.09.04-19.52.07:089][622]LogUObjectHash:Warning: Ambiguous search, could be CanvasPanel /Game/User_Interface/Pause_Menu/In_Game_Menu.In_Game_Menu:WidgetTree.CanvasPanel_0 or CanvasPanel /Engine/Transient.World_3:In_Game_Menu_C_2.WidgetTree_2.CanvasPanel_0
[2017.09.04-19.52.07:089][622]LogUObjectHash:Warning: Ambiguous search, could be CanvasPanel /Game/User_Interface/Pause_Menu/In_Game_Menu.In_Game_Menu:WidgetTree.CanvasPanel_0 or CanvasPanel /Game/User_Interface/Pause_Menu/In_Game_Menu.In_Game_Menu_C:WidgetTree_3.CanvasPanel_0
[2017.09.04-19.52.07:089][622]LogUObjectHash:Warning: Ambiguous search, could be CanvasPanel /Game/User_Interface/Pause_Menu/In_Game_Menu.In_Game_Menu:WidgetTree.CanvasPanel_0 or CanvasPanel /Engine/Transient.World_3:In_Game_Menu_C_3.WidgetTree_3.CanvasPanel_0
[2017.09.04-19.52.07:090][622]LogUObjectHash:Warning: Ambiguous search, could be CanvasPanel /Game/User_Interface/Pause_Menu/In_Game_Menu.In_Game_Menu:WidgetTree.CanvasPanel_0 or CanvasPanel /Game/User_Interface/Pause_Menu/In_Game_Menu.In_Game_Menu_C:WidgetTree_4.CanvasPanel_0
[2017.09.04-19.52.07:090][622]LogUObjectHash:Warning: Ambiguous search, could be CanvasPanel /Game/User_Interface/Pause_Menu/In_Game_Menu.In_Game_Menu:WidgetTree.CanvasPanel_0 or CanvasPanel /Engine/Transient.World_3:In_Game_Menu_C_4.WidgetTree_4.CanvasPanel_0
[2017.09.04-19.52.07:090][622]LogProperty:Warning: Illegal TEXT reference to a private object in external package (CanvasPanelSlot /Game/User_Interface/Pause_Menu/In_Game_Menu.In_Game_Menu:WidgetTree.CanvasPanel_0.CanvasPanelSlot_61) from referencer (Button /Engine/UMG/Editor/Transient.Button_61).  Import failed...
[2017.09.04-19.52.07:090][622]LogProperty:Warning: ObjectProperty /Script/UMG.Widget:Slot: unresolved reference to 'CanvasPanelSlot'CanvasPanel_0.CanvasPanelSlot_61''
[2017.09.04-19.56.44:771][166]LogFileHelpers: Editor autosave (incl. sublevels) for '/Temp/Untitled_1' took 0.088
[2017.09.04-19.56.44:779][166]OBJ SavePackage: Generating thumbnails for [0] asset(s) in package [/Game/User_Interface/Pause_Menu/In_Game_Menu] ([1] browsable assets)...
[2017.09.04-19.56.44:779][166]OBJ SavePackage: Finished generating thumbnails for package [/Game/User_Interface/Pause_Menu/In_Game_Menu]
[2017.09.04-19.56.44:824][166]LogSavePackage: Save=40.90ms
[2017.09.04-19.56.44:824][166]LogSavePackage: Moving '../../../../../../Users/Daniel/Documents/Unreal Projects/Paper2DDemo/Saved/In_Game_Menu_Auto18B6E02894798F3908F033C8849C40A07.tmp' to '../../../../../../Users/Daniel/Documents/Unreal Projects/Paper2DDemo/Saved/Autosaves/Game/User_Interface/Pause_Menu/In_Game_Menu_Auto1.uasset'
[2017.09.04-19.56.44:827][166]LogSavePackage: Total save time: 44.28ms
[2017.09.04-19.56.44:827][166]LogSavePackage:Display: Finished SavePackage ../../../../../../Users/Daniel/Documents/Unreal Projects/Paper2DDemo/Saved/Autosaves/Game/User_Interface/Pause_Menu/In_Game_Menu_Auto1.uasset
[2017.09.04-19.56.44:827][166]LogFileHelpers: Auto-saving content packages took 0.055
[2017.09.04-20.00.13:473][346]LogWindows:Error: Windows GetLastError: The operation completed successfully. (0)
[2017.09.04-20.00.14:069][346]LogCrashTracker: 


[2017.09.04-20.00.14:085][346]LogCrashTracker: 


[2017.09.04-20.00.14:085][346]LogWindows:Error: === Critical error: ===
Assertion failed: (Index >= 0) & (Index < ArrayNum) [File:D:\BuildFarm\buildmachine_++UE4+Release-4.11\Engine\Source\Runtime\Core\Public\Containers\Array.h] [Line: 785] 
Array index out of bounds: 0 from an array of size 0




[2017.09.04-20.00.14:168][346]LogExit: Executing StaticShutdownAfterError
[2017.09.04-20.00.14:173][346]LogPhysics:Warning: PHYSX: ..\..\PhysX\src\NpScene.cpp (2946) 8 : PxScene::unlockWrite() called without matching call to PxScene::lockWrite(), behaviour will be undefined.
[2017.09.04-20.00.14:174][346]LogPhysics:Warning: PHYSX: ..\..\PhysX\src\NpScene.cpp (2946) 8 : PxScene::unlockWrite() called without matching call to PxScene::lockWrite(), behaviour will be undefined.
[2017.09.04-20.00.14:174][346]LogPhysics:Warning: PHYSX: ..\..\PhysX\src\NpScene.cpp (2946) 8 : PxScene::unlockWrite() called without matching call to PxScene::lockWrite(), behaviour will be undefined.
[2017.09.04-20.00.14:175][346]LogPhysics:Warning: PHYSX: ..\..\PhysX\src\NpScene.cpp (2946) 8 : PxScene::unlockWrite() called without matching call to PxScene::lockWrite(), behaviour will be undefined.
[2017.09.04-20.00.14:175][346]LogPhysics:Warning: PHYSX: ..\..\PhysX\src\NpScene.cpp (2946) 8 : PxScene::unlockWrite() called without matching call to PxScene::lockWrite(), behaviour will be undefined.
[2017.09.04-20.00.14:175][346]LogPhysics:Warning: PHYSX: ..\..\PhysX\src\NpScene.cpp (2946) 8 : PxScene::unlockWrite() called without matching call to PxScene::lockWrite(), behaviour will be undefined.
[2017.09.04-20.00.14:175][346]LogPhysics:Warning: PHYSX: ..\..\PhysX\src\NpScene.cpp (2946) 8 : PxScene::unlockWrite() called without matching call to PxScene::lockWrite(), behaviour will be undefined.
[2017.09.04-20.00.14:176][346]LogPhysics:Warning: PHYSX: ..\..\PhysX\src\NpScene.cpp (2946) 8 : PxScene::unlockWrite() called without matching call to PxScene::lockWrite(), behaviour will be undefined.
[2017.09.04-20.00.14:176][346]LogWindows: FPlatformMisc::RequestExit(1)
[2017.09.04-20.00.14:176][346]Log file closed, 09/04/17 16:00:14
