Log file open, 09/13/17 17:45:39
LogWindows: LoadLibraryWithSearchPaths failed for file aqProf.dll. GetLastError=0
LogWindows: LoadLibraryWithSearchPaths failed for file VtuneApi.dll. GetLastError=0
LogWindows: LoadLibraryWithSearchPaths failed for file VtuneApi32e.dll. GetLastError=0
LogInit: Display: Running engine for game: Paper2DDemo
LogPlatformFile: Not using cached read wrapper
LogInit: Display: RandInit(944931552) SRandInit(944931552).
LogTaskGraph: Started task graph with 5 named threads and 26 total threads with 3 sets of task threads.
LogStats: Stats thread started at 0.293094
LogD3D11RHI: Aftermath initialized
LogPluginManager: Mounting plugin Paper2D
LogPluginManager: Mounting plugin LightPropagationVolume
LogPluginManager: Mounting plugin CodeLiteSourceCodeAccess
LogPluginManager: Mounting plugin GitSourceControl
LogPluginManager: Mounting plugin KDevelopSourceCodeAccess
LogPluginManager: Mounting plugin NullSourceCodeAccess
LogPluginManager: Mounting plugin PerforceSourceControl
LogPluginManager: Mounting plugin SubversionSourceControl
LogPluginManager: Mounting plugin UObjectPlugin
LogPluginManager: Mounting plugin VisualStudioSourceCodeAccess
LogPluginManager: Mounting plugin XCodeSourceCodeAccess
LogPluginManager: Mounting plugin AssetManagerEditor
LogPluginManager: Mounting plugin AudioCapture
LogPluginManager: Mounting plugin FacialAnimation
LogPluginManager: Mounting plugin GameplayTagsEditor
LogPluginManager: Mounting plugin MobileLauncherProfileWizard
LogPluginManager: Mounting plugin PluginBrowser
LogPluginManager: Mounting plugin SpeedTreeImporter
LogPluginManager: Mounting plugin AlembicImporter
LogPluginManager: Mounting plugin CharacterAI
LogPluginManager: Mounting plugin HTML5Networking
LogPluginManager: Mounting plugin AndroidMedia
LogPluginManager: Mounting plugin AvfMedia
LogPluginManager: Mounting plugin MediaPlayerEditor
LogPluginManager: Mounting plugin WmfMedia
LogPluginManager: Mounting plugin TcpMessaging
LogPluginManager: Mounting plugin UdpMessaging
LogPluginManager: Mounting plugin LevelSequenceEditor
LogPluginManager: Mounting plugin MatineeToLevelSequence
LogPluginManager: Mounting plugin OnlineSubsystemGooglePlay
LogPluginManager: Mounting plugin OnlineSubsystemIOS
LogPluginManager: Mounting plugin OnlineSubsystem
LogPluginManager: Mounting plugin OnlineSubsystemNull
LogPluginManager: Mounting plugin OnlineSubsystemUtils
LogPluginManager: Mounting plugin AndroidDeviceProfileSelector
LogPluginManager: Mounting plugin AndroidMoviePlayer
LogPluginManager: Mounting plugin AndroidPermission
LogPluginManager: Mounting plugin AppleMoviePlayer
LogPluginManager: Mounting plugin ArchVisCharacter
LogPluginManager: Mounting plugin CableComponent
LogPluginManager: Mounting plugin CustomMeshComponent
LogPluginManager: Mounting plugin ExampleDeviceProfileSelector
LogPluginManager: Mounting plugin GoogleCloudMessaging
LogPluginManager: Mounting plugin ImmediatePhysics
LogPluginManager: Mounting plugin IOSDeviceProfileSelector
LogPluginManager: Mounting plugin LinuxDeviceProfileSelector
LogPluginManager: Mounting plugin LocationServicesBPLibrary
LogPluginManager: Mounting plugin MobilePatchingUtils
LogPluginManager: Mounting plugin OculusVR
LogPluginManager: Mounting plugin PhysXVehicles
LogPluginManager: Mounting plugin ProceduralMeshComponent
LogPluginManager: Mounting plugin RuntimePhysXCooking
LogPluginManager: Mounting plugin WindowsMoviePlayer
LogInit: Using libcurl 7.47.1
LogInit:  - built for x86_64-pc-win32
LogInit:  - supports SSL with OpenSSL/1.0.2g
LogInit:  - supports HTTP deflate (compression) using libz 1.2.8
LogInit:  - other features:
LogInit:      CURL_VERSION_SSL
LogInit:      CURL_VERSION_LIBZ
LogInit:      CURL_VERSION_IPV6
LogInit:      CURL_VERSION_ASYNCHDNS
LogInit:      CURL_VERSION_LARGEFILE
LogInit:      CURL_VERSION_IDN
LogInit:  CurlRequestOptions (configurable via config and command line):
LogInit:  - bVerifyPeer = false  - Libcurl will NOT verify peer certificate
LogInit:  - bUseHttpProxy = false  - Libcurl will NOT use HTTP proxy
LogInit:  - bDontReuseConnections = false  - Libcurl will reuse connections
LogInit:  - CertBundlePath = nullptr  - Libcurl will use whatever was configured at build time.
LogInit: Build: ++UE4+Release-4.17-CL-3586342
LogInit: Engine Version: 4.17.1-3586342+++UE4+Release-4.17
LogInit: Compatible Engine Version: 4.17.0-3573198+++UE4+Release-4.17
LogInit: Net CL: 3573198
LogDevObjectVersion: Number of dev versions registered: 16
LogDevObjectVersion:   Dev-Blueprints (B0D832E4-1F89-4F0D-ACCF-7EB736FD4AA2): 10
LogDevObjectVersion:   Dev-Build (E1C64328-A22C-4D53-A36C-8E866417BD8C): 0
LogDevObjectVersion:   Dev-Core (375EC13C-06E4-48FB-B500-84F0262A717E): 2
LogDevObjectVersion:   Dev-Editor (E4B068ED-F494-42E9-A231-DA0B2E46BB41): 20
LogDevObjectVersion:   Dev-Framework (CFFC743F-43B0-4480-9391-14DF171D2073): 28
LogDevObjectVersion:   Dev-Mobile (B02B49B5-BB20-44E9-A304-32B752E40360): 0
LogDevObjectVersion:   Dev-Networking (A4E4105C-59A1-49B5-A7C5-40C4547EDFEE): 0
LogDevObjectVersion:   Dev-Online (39C831C9-5AE6-47DC-9A44-9C173E1C8E7C): 0
LogDevObjectVersion:   Dev-Physics (78F01B33-EBEA-4F98-B9B4-84EACCB95AA2): 0
LogDevObjectVersion:   Dev-Platform (6631380F-2D4D-43E0-8009-CF276956A95A): 0
LogDevObjectVersion:   Dev-Rendering (12F88B9F-8875-4AFC-A67C-D90C383ABD29): 19
LogDevObjectVersion:   Dev-Sequencer (7B5AE74C-D270-4C10-A958-57980B212A5A): 4
LogDevObjectVersion:   Dev-VR (D7296918-1DD6-4BDD-9DE2-64A83CC13884): 0
LogDevObjectVersion:   Dev-LoadTimes (C2A15278-BFE7-4AFE-6C17-90FF531DF755): 1
LogDevObjectVersion:   Private-Geometry (6EACA3D4-40EC-4CC1-B786-8BED09428FC5): 1
LogDevObjectVersion:   Dev-AnimPhys (29E575DD-E0A3-4627-9D10-D276232CDCEA): 7
LogInit: Compiled (64-bit): Aug 15 2017 02:05:26
LogInit: Compiled with Visual C++: 19.00.24215.01
LogInit: Build Configuration: Development
LogInit: Branch Name: ++UE4+Release-4.17
LogInit: Command line: -EpicPortal 
LogInit: Base directory: D:/Epic Games/UE_4.17/Engine/Binaries/Win64/
LogInit: Installed Engine Build: 1
LogInit: Presizing for max 8388607 objects, including 0 objects not considered by GC, pre-allocating 0 bytes for permanent pool.
LogInit: Object subsystem initialized
[2017.09.13-21.45.39:633][  0]LogInit: Selected Device Profile: [Windows]
[2017.09.13-21.45.39:633][  0]LogInit: Applying CVar settings loaded from the selected device profile: [Windows]
[2017.09.13-21.45.39:646][  0]LogInit: Computer: DESKTOP-46BDBGE
[2017.09.13-21.45.39:646][  0]LogInit: User: Bryan
[2017.09.13-21.45.39:646][  0]LogInit: CPU Page size=4096, Cores=8
[2017.09.13-21.45.39:646][  0]LogInit: High frequency timer resolution =3.606499 MHz
[2017.09.13-21.45.39:646][  0]LogMemory: Memory total: Physical=15.9GB (16GB approx)
[2017.09.13-21.45.39:646][  0]LogMemory: Platform Memory Stats for Windows
[2017.09.13-21.45.39:646][  0]LogMemory: Process Physical Memory: 280.11 MB used, 280.11 MB peak
[2017.09.13-21.45.39:646][  0]LogMemory: Process Virtual Memory: 281.18 MB used, 281.18 MB peak
[2017.09.13-21.45.39:646][  0]LogMemory: Physical Memory: 6594.49 MB used,  9718.17 MB free, 16312.66 MB total
[2017.09.13-21.45.39:646][  0]LogMemory: Virtual Memory: 682.88 MB used,  9718.17 MB free, 134217728.00 MB total
[2017.09.13-21.45.39:766][  0]LogInit: Using OS detected language (en-US).
[2017.09.13-21.45.39:766][  0]LogInit: Using OS detected locale (en-US).
[2017.09.13-21.45.39:771][  0]LogTextLocalizationManager: No specific localization for 'en-US' exists, so the 'en' localization will be used.
[2017.09.13-21.45.40:584][  0]LogD3D11RHI: D3D11 adapters:
[2017.09.13-21.45.41:077][  0]LogD3D11RHI:    0. 'NVIDIA GeForce GTX 1080' (Feature Level 11_0)
[2017.09.13-21.45.41:077][  0]LogD3D11RHI:       8110/0/8156 MB DedicatedVideo/DedicatedSystem/SharedSystem, Outputs:3, VendorId:0x10de
[2017.09.13-21.45.41:079][  0]LogD3D11RHI:    1. 'Microsoft Basic Render Driver' (Feature Level 11_0)
[2017.09.13-21.45.41:079][  0]LogD3D11RHI:       0/0/8156 MB DedicatedVideo/DedicatedSystem/SharedSystem, Outputs:0, VendorId:0x1414
[2017.09.13-21.45.41:079][  0]LogD3D11RHI: Chosen D3D11 Adapter: 0
[2017.09.13-21.45.41:086][  0]LogD3D11RHI: Creating new Direct3DDevice
[2017.09.13-21.45.41:086][  0]LogD3D11RHI:     GPU DeviceId: 0x1b80 (for the marketing name, search the web for "GPU Device Id")
[2017.09.13-21.45.41:086][  0]LogWindows: EnumDisplayDevices:
[2017.09.13-21.45.41:086][  0]LogWindows:    0. 'NVIDIA GeForce GTX 1080' (P:1 D:1)
[2017.09.13-21.45.41:087][  0]LogWindows:    1. 'NVIDIA GeForce GTX 1080' (P:0 D:1)
[2017.09.13-21.45.41:087][  0]LogWindows:    2. 'NVIDIA GeForce GTX 1080' (P:0 D:1)
[2017.09.13-21.45.41:087][  0]LogWindows:    3. 'NVIDIA GeForce GTX 1080' (P:0 D:0)
[2017.09.13-21.45.41:087][  0]LogWindows: DebugString: FoundDriverCount:4 
[2017.09.13-21.45.41:087][  0]LogD3D11RHI:     Adapter Name: NVIDIA GeForce GTX 1080
[2017.09.13-21.45.41:087][  0]LogD3D11RHI:   Driver Version: 382.05 (internal:22.21.13.8205, unified:382.05)
[2017.09.13-21.45.41:087][  0]LogD3D11RHI:      Driver Date: 5-1-2017
[2017.09.13-21.45.41:087][  0]LogRHI: Texture pool is 1361 MB (70% of 1945 MB)
[2017.09.13-21.45.41:604][  0]LogD3D11RHI: Async texture creation enabled
[2017.09.13-21.45.41:634][  0]LogD3D11RHI: GPU Timing Frequency: 1000.000000 (Debug: 2 1)
[2017.09.13-21.45.41:719][  0]LogShaderCompilers: Guid format shader working directory is -16 characters bigger than the processId version (../../../../../GitHub/2DGameMechanics2.0/darthmaulsuncle 4.17/Intermediate/Shaders/WorkingDirectory/13064/).
[2017.09.13-21.45.41:719][  0]LogShaderCompilers: Cleaned the shader compiler working directory 'C:/Users/Bryan/AppData/Local/Temp/UnrealShaderWorkingDir/FDC2F0B047C8BEC4E93243ACCCE8EB1C/'.
[2017.09.13-21.45.41:719][  0]LogShaderCompilers: Display: Using Local Shader Compiler.
[2017.09.13-21.45.42:558][  0]LogTemp: Display: Loaded TP AllDesktopTargetPlatform
[2017.09.13-21.45.42:605][  0]LogTemp: Display: Loaded TP MacClientTargetPlatform
[2017.09.13-21.45.42:652][  0]LogTemp: Display: Loaded TP MacNoEditorTargetPlatform
[2017.09.13-21.45.42:699][  0]LogTemp: Display: Loaded TP MacServerTargetPlatform
[2017.09.13-21.45.42:746][  0]LogTemp: Display: Loaded TP MacTargetPlatform
[2017.09.13-21.45.42:793][  0]LogTemp: Display: Loaded TP WindowsClientTargetPlatform
[2017.09.13-21.45.42:840][  0]LogTemp: Display: Loaded TP WindowsNoEditorTargetPlatform
[2017.09.13-21.45.42:888][  0]LogTemp: Display: Loaded TP WindowsServerTargetPlatform
[2017.09.13-21.45.42:927][  0]LogTemp: Display: Loaded TP WindowsTargetPlatform
[2017.09.13-21.45.42:973][  0]LogTemp: Display: Loaded TP AndroidTargetPlatform
[2017.09.13-21.45.43:018][  0]LogTemp: Display: Loaded TP Android_ASTCTargetPlatform
[2017.09.13-21.45.43:064][  0]LogTemp: Display: Loaded TP Android_ATCTargetPlatform
[2017.09.13-21.45.43:109][  0]LogTemp: Display: Loaded TP Android_DXTTargetPlatform
[2017.09.13-21.45.43:153][  0]LogTemp: Display: Loaded TP Android_ETC1TargetPlatform
[2017.09.13-21.45.43:198][  0]LogTemp: Display: Loaded TP Android_ETC2TargetPlatform
[2017.09.13-21.45.43:288][  0]LogTemp: Display: Loaded TP Android_MultiTargetPlatform
[2017.09.13-21.45.43:289][  0]LogTemp: Display: Loaded TP Android_PVRTCTargetPlatform
[2017.09.13-21.45.43:321][  0]LogTemp: Display: Loaded TP HTML5TargetPlatform
[2017.09.13-21.45.43:402][  0]LogTemp: Display: Loaded TP IOSTargetPlatform
[2017.09.13-21.45.43:428][  0]LogTemp: Display: Loaded TP TVOSTargetPlatform
[2017.09.13-21.45.43:473][  0]LogTemp: Display: Loaded TP LinuxClientTargetPlatform
[2017.09.13-21.45.43:518][  0]LogTemp: Display: Loaded TP LinuxNoEditorTargetPlatform
[2017.09.13-21.45.43:563][  0]LogTemp: Display: Loaded TP LinuxServerTargetPlatform
[2017.09.13-21.45.43:608][  0]LogTemp: Display: Loaded TP LinuxTargetPlatform
[2017.09.13-21.45.43:608][  0]LogTargetPlatformManager: Display: Building Assets For Windows
[2017.09.13-21.45.43:985][  0]LogDerivedDataCache: Display: Max Cache Size: 512 MB
[2017.09.13-21.45.44:091][  0]LogDerivedDataCache: Loaded boot cache 0.11s 93MB C:/Users/Bryan/AppData/Local/UnrealEngine/4.17/DerivedDataCache/Boot.ddc.
[2017.09.13-21.45.44:091][  0]LogDerivedDataCache: Display: Loaded Boot cache: C:/Users/Bryan/AppData/Local/UnrealEngine/4.17/DerivedDataCache/Boot.ddc
[2017.09.13-21.45.44:091][  0]LogDerivedDataCache: FDerivedDataBackendGraph:  Pak pak cache file ../../../../../GitHub/2DGameMechanics2.0/darthmaulsuncle 4.17/DerivedDataCache/DDC.ddp not found, will not use a pak cache.
[2017.09.13-21.45.44:091][  0]LogDerivedDataCache: Unable to find inner node Pak for hierarchical cache Hierarchy.
[2017.09.13-21.45.44:091][  0]LogDerivedDataCache: FDerivedDataBackendGraph:  CompressedPak pak cache file ../../../../../GitHub/2DGameMechanics2.0/darthmaulsuncle 4.17/DerivedDataCache/Compressed.ddp not found, will not use a pak cache.
[2017.09.13-21.45.44:091][  0]LogDerivedDataCache: Unable to find inner node CompressedPak for hierarchical cache Hierarchy.
[2017.09.13-21.45.44:110][  0]LogDerivedDataCache: Display: Pak cache opened for reading ../../../Engine/DerivedDataCache/Compressed.ddp.
[2017.09.13-21.45.44:122][  0]LogDerivedDataCache: Using Local data cache path C:/Users/Bryan/AppData/Local/UnrealEngine/Common/DerivedDataCache: Writable
[2017.09.13-21.45.44:133][  0]LogMaterial: Verifying Global Shaders for PCD3D_SM5
[2017.09.13-21.45.44:133][  0]LogSlate: Using Freetype 2.6.0
[2017.09.13-21.45.44:134][  0]LogSlate: SlateFontCache - WITH_FREETYPE: 1, WITH_HARFBUZZ: 1
[2017.09.13-21.45.44:134][  0]LogSlate: SlateFontCache - WITH_FREETYPE: 1, WITH_HARFBUZZ: 1
[2017.09.13-21.45.44:424][  0]LogAssetRegistry: FAssetRegistry took 0.0260 seconds to start up
[2017.09.13-21.45.44:546][  0]LogInit: Selected Device Profile: [Windows]
[2017.09.13-21.45.44:870][  0]LogSimplygon: Simplygon DLL not present - disabling.
[2017.09.13-21.45.44:903][  0]LogMeshReduction: Using SimplygonSwarm for distributed automatic mesh merging
[2017.09.13-21.45.44:903][  0]LogMeshReduction: Using QuadricMeshReduction for automatic static mesh reduction
[2017.09.13-21.45.44:903][  0]LogMeshReduction: No automatic skeletal mesh reduction module available
[2017.09.13-21.45.44:903][  0]LogMeshReduction: No automatic mesh merging module available
[2017.09.13-21.45.44:903][  0]LogMeshMerging: No automatic mesh merging module available
[2017.09.13-21.45.44:905][  0]LogContentStreaming: Texture pool size is 0.00 MB
[2017.09.13-21.45.45:341][  0]LogNetVersion: Paper2DDemo , NetCL: 3573198, EngineNetVer: 2, GameNetVer: 0 (Checksum: 26211092)
[2017.09.13-21.45.45:531][  0]LogPackageLocalizationCache: Processed 4 localized package path(s) for 2 prioritized culture(s) in 0.041134 seconds
[2017.09.13-21.45.45:537][  0]LogUObjectArray: 35628 objects as part of root set at end of initial load.
[2017.09.13-21.45.45:537][  0]LogUObjectAllocator: 7494032 out of 0 bytes used by permanent object pool.
[2017.09.13-21.45.45:537][  0]LogUObjectArray: CloseDisregardForGC: 0/0 objects in disregard for GC pool
[2017.09.13-21.45.45:580][  0]LogInit: WinSock: version 1.1 (2.2), MaxSocks=32767, MaxUdp=65467
[2017.09.13-21.45.47:945][  0]LogTcpMessaging: Initializing TcpMessaging bridge
[2017.09.13-21.45.47:980][  0]LogUdpMessaging: Initializing bridge on interface 0.0.0.0:0 to multicast group 230.0.0.1:6666.
[2017.09.13-21.45.48:550][  0]LogMaterial: Uniform references updated for custom material expression Custom.
[2017.09.13-21.45.48:899][  0]SourceControl: Source control is disabled
[2017.09.13-21.45.48:899][  0]SourceControl: Source control is disabled
[2017.09.13-21.45.48:941][  0]SourceControl: Source control is disabled
[2017.09.13-21.45.48:985][  0]SourceControl: Source control is disabled
[2017.09.13-21.45.49:495][  0]LogAndroidPermission: UAndroidPermissionCallbackProxy::GetInstance
[2017.09.13-21.45.49:714][  0]LogOcInput: OculusInput pre-init called
[2017.09.13-21.45.49:899][  0]LogEngine: Initializing Engine...
[2017.09.13-21.45.50:116][  0]LogStats: UGameplayTagsManager::ConstructGameplayTagTree: Construct from data asset -  0.000 s
[2017.09.13-21.45.50:116][  0]LogStats: UGameplayTagsManager::ConstructGameplayTagTree: GameplayTagTreeChangedEvent.Broadcast -  0.000 s
[2017.09.13-21.45.50:222][  0]LogAIModule: Creating AISystem for world Untitled
[2017.09.13-21.45.50:239][  0]LogInit: XAudio2 using 'Speakers (High Definition Audio Device)' : 2 channels at 48 kHz using 16 bits per sample (channel mask 0x3)
[2017.09.13-21.45.50:251][  0]LogInit: FAudioDevice initialized.
[2017.09.13-21.45.50:342][  0]LogDerivedDataCache: Saved boot cache 0.09s 93MB C:/Users/Bryan/AppData/Local/UnrealEngine/4.17/DerivedDataCache/Boot.ddc.
[2017.09.13-21.45.50:356][  0]LogInit: Texture streaming: Enabled
[2017.09.13-21.45.50:437][  0]LogEngineSessionManager: EngineSessionManager initialized
[2017.09.13-21.45.50:624][  0]LogInit: Transaction tracking system initialized
[2017.09.13-21.45.50:880][  0]BlueprintLog: New page: Editor Load
[2017.09.13-21.45.51:612][  0]LocalizationService: Localization service is disabled
[2017.09.13-21.45.52:181][  0]LogConsoleResponse: Display: 
[2017.09.13-21.45.52:330][  0]LogCook: Display: Max memory allowance for cook 16384mb min free memory 0mb
[2017.09.13-21.45.52:330][  0]LogCook: Display: Mobile HDR setting 1
[2017.09.13-21.45.52:330][  0]LogGameplayTags: Display: UGameplayTagsManager::DoneAddingNativeTags. DelegateIsBound: 0
[2017.09.13-21.45.53:165][  0]LogFileCache: Scanning file cache for directory 'D:/GitHub/2DGameMechanics2.0/darthmaulsuncle 4.17/Content/' took 0.01s
[2017.09.13-21.45.53:203][  0]SourceControl: Source control is disabled
[2017.09.13-21.45.53:203][  0]Cmd: MAP LOAD FILE="../../../Engine/Content/Maps/Templates/Template_Default.umap" TEMPLATE=1 SHOWPROGRESS=1 FEATURELEVEL=3
[2017.09.13-21.45.53:204][  0]LightingResults: New page: Lighting Build
[2017.09.13-21.45.53:238][  0]MapCheck: New page: Map Check
[2017.09.13-21.45.53:238][  0]LightingResults: New page: Lighting Build
[2017.09.13-21.45.53:448][  0]LogAIModule: Creating AISystem for world Untitled_1
[2017.09.13-21.45.53:453][  0]LogEditorServer: Finished looking for orphan Actors (0.000 secs)
[2017.09.13-21.45.53:483][  0]Cmd: MAP CHECKDEP NOCLEARLOG
[2017.09.13-21.45.53:541][  0]MapCheck: Map check complete: 0 Error(s), 0 Warning(s), took 58.051ms to complete.
[2017.09.13-21.45.53:541][  0]LogFileHelpers: Loading map 'Template_Default' took 0.337
[2017.09.13-21.45.53:773][  0]LogCollectionManager: Loaded 0 collections in 0.001270 seconds
[2017.09.13-21.45.53:879][  0]LogFileCache: Scanning file cache for directory 'D:/GitHub/2DGameMechanics2.0/darthmaulsuncle 4.17/Saved/Collections/' took 0.01s
[2017.09.13-21.45.53:879][  0]LogFileCache: Scanning file cache for directory 'D:/GitHub/2DGameMechanics2.0/darthmaulsuncle 4.17/Content/Developers/Bryan/Collections/' took 0.01s
[2017.09.13-21.45.53:879][  0]LogFileCache: Scanning file cache for directory 'D:/GitHub/2DGameMechanics2.0/darthmaulsuncle 4.17/Content/Collections/' took 0.01s
[2017.09.13-21.45.53:879][  0]LogCollectionManager: Rebuilt the GUID cache for 0 collections in 0.000000 seconds
[2017.09.13-21.45.53:890][  0]LogContentBrowser: Native class hierarchy populated in 0.0108 seconds. Added 2383 classes and 495 folders.
[2017.09.13-21.45.53:942][  0]LogContentBrowser: Native class hierarchy updated for 'WidgetCarousel' in 0.0009 seconds. Added 0 classes and 0 folders.
[2017.09.13-21.45.54:001][  0]LogContentBrowser: Native class hierarchy updated for 'AddContentDialog' in 0.0008 seconds. Added 0 classes and 0 folders.
[2017.09.13-21.45.54:040][  0]LogContentBrowser: Native class hierarchy updated for 'SceneOutliner' in 0.0009 seconds. Added 1 classes and 2 folders.
[2017.09.13-21.45.54:141][  0]LogDirectoryWatcher: Warning: Failed to begin reading directory changes for ../../../../../GitHub/2DGameMechanics2.0/darthmaulsuncle 4.17/Plugins/. Error: The system cannot find the file specified. (0x00000002)
[2017.09.13-21.45.54:155][  0]LogSlate: Took 0.000273 seconds to synchronously load lazily loaded font '../../../Engine/Content/Slate/Fonts/Roboto-Regular.ttf' (155K)
[2017.09.13-21.45.54:157][  0]LogSlate: Took 0.000253 seconds to synchronously load lazily loaded font '../../../Engine/Content/Slate/Fonts/Roboto-Bold.ttf' (160K)
[2017.09.13-21.45.54:162][  0]LogSlate: Took 0.000248 seconds to synchronously load lazily loaded font '../../../Engine/Content/Editor/Slate/Fonts/FontAwesome.ttf' (139K)
[2017.09.13-21.45.54:252][  0]LogRenderer: Reallocating scene render targets to support 1208x576 Format 10 NumSamples 1 (Frame:1).
[2017.09.13-21.45.54:470][  0]LogContentBrowser: Native class hierarchy updated for 'HierarchicalLODOutliner' in 0.0009 seconds. Added 1 classes and 2 folders.
[2017.09.13-21.45.54:470][  0]LogLoad: (Engine Initialization) Total time: 16.65 seconds
[2017.09.13-21.45.54:470][  0]LogLoad: (Engine Initialization) Total Blueprint compile time: 0.00 seconds
[2017.09.13-21.45.54:471][  0]LogExternalProfiler: Found external profiler: VSPerf
[2017.09.13-21.45.54:471][  0]LogExternalProfiler: Using external profiler: VSPerf
[2017.09.13-21.45.54:481][  0]LogWindowsTextInputMethodSystem: Display: IME system now deactivated.
[2017.09.13-21.45.54:502][  0]LogContentStreaming: Texture pool size now 1000 MB
[2017.09.13-21.45.54:547][  0]LogSlate: Took 0.000258 seconds to synchronously load lazily loaded font '../../../Engine/Content/Slate/Fonts/Roboto-Light.ttf' (159K)
[2017.09.13-21.45.54:570][  1]LogAssetRegistry: Asset discovery search completed in 10.1670 seconds
[2017.09.13-21.45.54:572][  1]LogCollectionManager: Rebuilt the object cache for 0 collections in 0.000000 seconds (found 0 objects)
[2017.09.13-21.45.54:572][  1]LogCollectionManager: Fixed up redirectors for 0 collections in 0.000059 seconds (updated 0 objects)
[2017.09.13-21.50.01:056][ 52]LogDirectoryWatcher: A directory notification for '../../../Engine/Plugins/' was aborted.
[2017.09.13-21.50.05:860][618]LogSlate: Took 0.000240 seconds to synchronously load lazily loaded font '../../../Engine/Content/Slate/Fonts/Roboto-Light.ttf' (159K)
[2017.09.13-21.50.05:934][618]LogClass: Warning: Enum '/Game/SpriteTexture/Anim_States.Anim_States' was upgraded to use FText to store its display name data. Please re-save this asset to avoid issues with localization and determinstic cooking.
[2017.09.13-21.50.05:971][618]LogAIModule: Creating AISystem for world MainLevel
[2017.09.13-21.50.06:005][618]Cmd: MAP LOAD FILE="../../../../../GitHub/2DGameMechanics2.0/darthmaulsuncle 4.17/Content/Map/MainLevel.umap" TEMPLATE=0 SHOWPROGRESS=1 FEATURELEVEL=3
[2017.09.13-21.50.06:005][618]LightingResults: New page: Lighting Build
[2017.09.13-21.50.06:006][618]LoadErrors: New page: Loading map: MainLevel.umap
[2017.09.13-21.50.06:006][618]MapCheck: New page: Map Check
[2017.09.13-21.50.06:006][618]LightingResults: New page: Lighting Build
[2017.09.13-21.50.06:081][618]LogEditorServer: Finished looking for orphan Actors (0.000 secs)
[2017.09.13-21.50.06:133][618]Cmd: MAP CHECKDEP NOCLEARLOG
[2017.09.13-21.50.06:196][618]MapCheck: Map check complete: 0 Error(s), 0 Warning(s), took 62.276ms to complete.
[2017.09.13-21.50.06:196][618]LogFileHelpers: Loading map 'MainLevel' took 0.192
[2017.09.13-21.50.54:995][633]LogTemp: Executing iPhonePackager certificates Engine -bundlename com.YourCompany.Paper2DDemo
[2017.09.13-21.50.54:995][633]LogTemp: CWD: D:\Epic Games\UE_4.17\Engine\Binaries\DotNET\IOS
[2017.09.13-21.50.54:995][633]LogTemp: Initial Dir: D:\Epic Games\UE_4.17
[2017.09.13-21.50.54:995][633]LogTemp: Env CWD: D:\Epic Games\UE_4.17\Engine\Binaries\DotNET\IOS
[2017.09.13-21.50.54:995][633]LogTemp: BranchPath = DESKTOP-46BDBGE/D/Epic Games/UE_4.17/Engine/Binaries --- GameBranchPath = DESKTOP-46BDBGE/D/Epic Games/UE_4.17/Engine/Binaries
[2017.09.13-21.50.55:020][634]LogTemp: IPP ERROR: Could not find provision directory 'C:\Users\Bryan\AppData\Local/Apple Computer/MobileDevice/Provisioning Profiles/'.
[2017.09.13-21.51.12:577][586]LogSlate: Took 0.000295 seconds to synchronously load lazily loaded font '../../../Engine/Content/Slate/Fonts/Roboto-Light.ttf' (159K)
[2017.09.13-21.51.32:666][681]Cmd: OBJ SAVEPACKAGE PACKAGE="/Game/Map/MainLevel" FILE="../../../../../GitHub/2DGameMechanics2.0/darthmaulsuncle 4.17/Content/Map/MainLevel.umap" SILENT=true AUTOSAVING=false KEEPDIRTY=false
[2017.09.13-21.51.32:734][681]LogSavePackage: Save=32.59ms
[2017.09.13-21.51.32:734][681]LogSavePackage: Moving '../../../../../GitHub/2DGameMechanics2.0/darthmaulsuncle 4.17/Saved/MainLevel4D10961D44EDF2F169D574855FB2595C.tmp' to '../../../../../GitHub/2DGameMechanics2.0/darthmaulsuncle 4.17/Content/Map/MainLevel.umap'
[2017.09.13-21.51.32:736][681]LogSavePackage: Display: Finished SavePackage ../../../../../GitHub/2DGameMechanics2.0/darthmaulsuncle 4.17/Content/Map/MainLevel.umap
[2017.09.13-21.51.32:757][681]Cmd: OBJ SAVEPACKAGE PACKAGE="/Game/Map/MainLevel_BuiltData" FILE="../../../../../GitHub/2DGameMechanics2.0/darthmaulsuncle 4.17/Content/Map/MainLevel_BuiltData.uasset" SILENT=true
[2017.09.13-21.51.32:776][681]LogSavePackage: Save=12.73ms
[2017.09.13-21.51.32:776][681]LogSavePackage: Moving '../../../../../GitHub/2DGameMechanics2.0/darthmaulsuncle 4.17/Saved/MainLevel_BuiltData45B76E894E4706181F2E5288DB2D1E03.tmp' to '../../../../../GitHub/2DGameMechanics2.0/darthmaulsuncle 4.17/Content/Map/MainLevel_BuiltData.uasset'
[2017.09.13-21.51.32:777][681]LogSavePackage: Display: Finished SavePackage ../../../../../GitHub/2DGameMechanics2.0/darthmaulsuncle 4.17/Content/Map/MainLevel_BuiltData.uasset
[2017.09.13-21.51.36:957][173]Cmd: OBJ SAVEPACKAGE PACKAGE="/Game/Map/MainLevel" FILE="../../../../../GitHub/2DGameMechanics2.0/darthmaulsuncle 4.17/Content/Map/MainLevel.umap" SILENT=true AUTOSAVING=false KEEPDIRTY=false
[2017.09.13-21.51.37:011][173]LogSavePackage: Save=20.97ms
[2017.09.13-21.51.37:011][173]LogSavePackage: Moving '../../../../../GitHub/2DGameMechanics2.0/darthmaulsuncle 4.17/Saved/MainLevel80ECFA18417E31CA45E4E5B48BD0CBEF.tmp' to '../../../../../GitHub/2DGameMechanics2.0/darthmaulsuncle 4.17/Content/Map/MainLevel.umap'
[2017.09.13-21.51.37:012][173]LogSavePackage: Display: Finished SavePackage ../../../../../GitHub/2DGameMechanics2.0/darthmaulsuncle 4.17/Content/Map/MainLevel.umap
[2017.09.13-21.51.37:033][173]Cmd: OBJ SAVEPACKAGE PACKAGE="/Game/Map/MainLevel_BuiltData" FILE="../../../../../GitHub/2DGameMechanics2.0/darthmaulsuncle 4.17/Content/Map/MainLevel_BuiltData.uasset" SILENT=true
[2017.09.13-21.51.37:046][173]LogSavePackage: Save=10.30ms
[2017.09.13-21.51.37:046][173]LogSavePackage: Moving '../../../../../GitHub/2DGameMechanics2.0/darthmaulsuncle 4.17/Saved/MainLevel_BuiltData5EFED9974FF7F0B13BC23797AECFE40F.tmp' to '../../../../../GitHub/2DGameMechanics2.0/darthmaulsuncle 4.17/Content/Map/MainLevel_BuiltData.uasset'
[2017.09.13-21.51.37:048][173]LogSavePackage: Display: Finished SavePackage ../../../../../GitHub/2DGameMechanics2.0/darthmaulsuncle 4.17/Content/Map/MainLevel_BuiltData.uasset
[2017.09.13-21.51.39:626][471]Cmd: OBJ SAVEPACKAGE PACKAGE="/Game/Map/MainLevel" FILE="../../../../../GitHub/2DGameMechanics2.0/darthmaulsuncle 4.17/Content/Map/MainLevel.umap" SILENT=true AUTOSAVING=false KEEPDIRTY=false
[2017.09.13-21.51.39:681][471]LogSavePackage: Save=21.42ms
[2017.09.13-21.51.39:681][471]LogSavePackage: Moving '../../../../../GitHub/2DGameMechanics2.0/darthmaulsuncle 4.17/Saved/MainLevelFFDA20B34672935B67E63EAB455BF59B.tmp' to '../../../../../GitHub/2DGameMechanics2.0/darthmaulsuncle 4.17/Content/Map/MainLevel.umap'
[2017.09.13-21.51.39:683][471]LogSavePackage: Display: Finished SavePackage ../../../../../GitHub/2DGameMechanics2.0/darthmaulsuncle 4.17/Content/Map/MainLevel.umap
[2017.09.13-21.51.39:704][471]Cmd: OBJ SAVEPACKAGE PACKAGE="/Game/Map/MainLevel_BuiltData" FILE="../../../../../GitHub/2DGameMechanics2.0/darthmaulsuncle 4.17/Content/Map/MainLevel_BuiltData.uasset" SILENT=true
[2017.09.13-21.51.39:716][471]LogSavePackage: Save=10.10ms
[2017.09.13-21.51.39:717][471]LogSavePackage: Moving '../../../../../GitHub/2DGameMechanics2.0/darthmaulsuncle 4.17/Saved/MainLevel_BuiltData2C6BF6C944D455B9E3E82B9A1E61D2F5.tmp' to '../../../../../GitHub/2DGameMechanics2.0/darthmaulsuncle 4.17/Content/Map/MainLevel_BuiltData.uasset'
[2017.09.13-21.51.39:718][471]LogSavePackage: Display: Finished SavePackage ../../../../../GitHub/2DGameMechanics2.0/darthmaulsuncle 4.17/Content/Map/MainLevel_BuiltData.uasset
[2017.09.13-21.51.42:916][840]LogWindowsTextInputMethodSystem: Display: IME system now deactivated.
[2017.09.13-21.51.43:106][841]Cmd: QUIT_EDITOR
[2017.09.13-21.51.43:123][841]LogExit: Preparing to exit.
[2017.09.13-21.51.44:190][841]LogDirectoryWatcher: A directory notification for 'D:/GitHub/2DGameMechanics2.0/darthmaulsuncle 4.17/Content/' was aborted.
[2017.09.13-21.51.44:206][841]LogExit: Editor shut down
[2017.09.13-21.51.44:211][841]LogExit: Transaction tracking system shut down
[2017.09.13-21.51.44:377][841]LogDirectoryWatcher: A directory notification for '../../../Engine/Content/' was aborted.
[2017.09.13-21.51.44:377][841]LogDirectoryWatcher: A directory notification for '../../../../../GitHub/2DGameMechanics2.0/darthmaulsuncle 4.17/Content/' was aborted.
[2017.09.13-21.51.44:377][841]LogDirectoryWatcher: A directory notification for '../../../Engine/Plugins/2D/Paper2D/Content/' was aborted.
[2017.09.13-21.51.44:377][841]LogDirectoryWatcher: A directory notification for '../../../Engine/Plugins/Runtime/Oculus/OculusVR/Content/' was aborted.
[2017.09.13-21.51.44:420][841]LogExit: Object subsystem successfully closed.
[2017.09.13-21.51.44:444][841]LogD3D11RHI: Shutdown
[2017.09.13-21.51.44:444][841]LogD3D11RHI: CleanupD3DDevice
[2017.09.13-21.51.44:510][841]LogD3D11RHI: ~FD3D11DynamicRHI
[2017.09.13-21.51.44:522][841]LogModuleManager: Shutting down and abandoning module ExternalImagePicker (528)
[2017.09.13-21.51.44:522][841]LogModuleManager: Shutting down and abandoning module HierarchicalLODOutliner (526)
[2017.09.13-21.51.44:522][841]LogModuleManager: Shutting down and abandoning module SceneOutliner (524)
[2017.09.13-21.51.44:522][841]LogModuleManager: Shutting down and abandoning module AddContentDialog (522)
[2017.09.13-21.51.44:522][841]LogDirectoryWatcher: A directory notification for 'D:/Epic Games/UE_4.17/FeaturePacks/' was aborted.
[2017.09.13-21.51.44:523][841]LogModuleManager: Shutting down and abandoning module WidgetCarousel (521)
[2017.09.13-21.51.44:524][841]LogModuleManager: Shutting down and abandoning module EditorWidgets (518)
[2017.09.13-21.51.44:524][841]LogModuleManager: Shutting down and abandoning module CollectionManager (516)
[2017.09.13-21.51.44:524][841]LogDirectoryWatcher: A directory notification for 'D:/GitHub/2DGameMechanics2.0/darthmaulsuncle 4.17/Content/Collections/' was aborted.
[2017.09.13-21.51.44:524][841]LogDirectoryWatcher: A directory notification for 'D:/GitHub/2DGameMechanics2.0/darthmaulsuncle 4.17/Content/Developers/Bryan/Collections/' was aborted.
[2017.09.13-21.51.44:524][841]LogDirectoryWatcher: A directory notification for 'D:/GitHub/2DGameMechanics2.0/darthmaulsuncle 4.17/Saved/Collections/' was aborted.
[2017.09.13-21.51.44:524][841]LogModuleManager: Shutting down and abandoning module StatsViewer (514)
[2017.09.13-21.51.44:524][841]LogModuleManager: Shutting down and abandoning module FoliageEdit (512)
[2017.09.13-21.51.44:524][841]LogModuleManager: Shutting down and abandoning module LandscapeEditor (510)
[2017.09.13-21.51.44:524][841]LogModuleManager: Shutting down and abandoning module MeshPaintMode (508)
[2017.09.13-21.51.44:524][841]LogModuleManager: Shutting down and abandoning module SceneDepthPickerMode (506)
[2017.09.13-21.51.44:524][841]LogModuleManager: Shutting down and abandoning module ActorPickerMode (504)
[2017.09.13-21.51.44:524][841]LogModuleManager: Shutting down and abandoning module GeometryMode (502)
[2017.09.13-21.51.44:524][841]LogModuleManager: Shutting down and abandoning module TextureAlignMode (500)
[2017.09.13-21.51.44:524][841]LogModuleManager: Shutting down and abandoning module BspMode (498)
[2017.09.13-21.51.44:524][841]LogModuleManager: Shutting down and abandoning module PIEPreviewDeviceProfileSelector (496)
[2017.09.13-21.51.44:524][841]LogModuleManager: Shutting down and abandoning module HardwareSurvey (494)
[2017.09.13-21.51.44:524][841]LogModuleManager: Shutting down and abandoning module SequenceRecorderSections (492)
[2017.09.13-21.51.44:524][841]LogModuleManager: Shutting down and abandoning module AutomationWorker (490)
[2017.09.13-21.51.44:524][841]LogModuleManager: Shutting down and abandoning module MatineeToLevelSequence (488)
[2017.09.13-21.51.44:524][841]LogModuleManager: Shutting down and abandoning module LevelSequenceEditor (486)
[2017.09.13-21.51.44:524][841]LogModuleManager: Shutting down and abandoning module PlacementMode (485)
[2017.09.13-21.51.44:524][841]LogModuleManager: Shutting down and abandoning module WmfMediaFactory (482)
[2017.09.13-21.51.44:524][841]LogModuleManager: Shutting down and abandoning module WmfMediaEditor (480)
[2017.09.13-21.51.44:524][841]LogModuleManager: Shutting down and abandoning module AvfMediaFactory (478)
[2017.09.13-21.51.44:524][841]LogModuleManager: Shutting down and abandoning module AvfMediaEditor (476)
[2017.09.13-21.51.44:524][841]LogModuleManager: Shutting down and abandoning module AndroidMediaFactory (474)
[2017.09.13-21.51.44:524][841]LogModuleManager: Shutting down and abandoning module Media (473)
[2017.09.13-21.51.44:524][841]LogModuleManager: Shutting down and abandoning module AndroidMediaEditor (470)
[2017.09.13-21.51.44:524][841]LogModuleManager: Shutting down and abandoning module CharacterAI (468)
[2017.09.13-21.51.44:525][841]LogModuleManager: Shutting down and abandoning module AudioCapture (466)
[2017.09.13-21.51.44:525][841]LogModuleManager: Shutting down and abandoning module SequenceRecorder (465)
[2017.09.13-21.51.44:525][841]LogModuleManager: Shutting down and abandoning module SmartSnapping (462)
[2017.09.13-21.51.44:525][841]LogModuleManager: Shutting down and abandoning module SessionServices (460)
[2017.09.13-21.51.44:525][841]LogModuleManager: Shutting down and abandoning module ViewportSnapping (458)
[2017.09.13-21.51.44:525][841]LogModuleManager: Shutting down and abandoning module ViewportInteraction (456)
[2017.09.13-21.51.44:525][841]LogModuleManager: Shutting down and abandoning module ClothPainter (454)
[2017.09.13-21.51.44:525][841]LogModuleManager: Shutting down and abandoning module LogVisualizer (452)
[2017.09.13-21.51.44:525][841]LogModuleManager: Shutting down and abandoning module IntroTutorials (450)
[2017.09.13-21.51.44:525][841]LogModuleManager: Shutting down and abandoning module GameProjectGeneration (449)
[2017.09.13-21.51.44:525][841]LogModuleManager: Shutting down and abandoning module IOSPlatformEditor (446)
[2017.09.13-21.51.44:525][841]LogModuleManager: Shutting down and abandoning module HTML5PlatformEditor (444)
[2017.09.13-21.51.44:525][841]LogModuleManager: Shutting down and abandoning module AndroidPlatformEditor (442)
[2017.09.13-21.51.44:525][841]LogModuleManager: Shutting down and abandoning module AndroidDeviceDetection (441)
[2017.09.13-21.51.45:007][841]LogModuleManager: Shutting down and abandoning module WindowsPlatformEditor (438)
[2017.09.13-21.51.45:007][841]LogModuleManager: Shutting down and abandoning module IOSRuntimeSettings (436)
[2017.09.13-21.51.45:007][841]LogModuleManager: Shutting down and abandoning module AndroidRuntimeSettings (434)
[2017.09.13-21.51.45:007][841]LogModuleManager: Shutting down and abandoning module InputBindingEditor (432)
[2017.09.13-21.51.45:007][841]LogModuleManager: Shutting down and abandoning module MergeActors (430)
[2017.09.13-21.51.45:007][841]LogModuleManager: Shutting down and abandoning module SizeMap (428)
[2017.09.13-21.51.45:007][841]LogModuleManager: Shutting down and abandoning module TreeMap (426)
[2017.09.13-21.51.45:007][841]LogModuleManager: Shutting down and abandoning module ReferenceViewer (424)
[2017.09.13-21.51.45:007][841]LogModuleManager: Shutting down and abandoning module LocalizationDashboard (422)
[2017.09.13-21.51.45:007][841]LogModuleManager: Shutting down and abandoning module LocalizationService (421)
[2017.09.13-21.51.45:007][841]LogModuleManager: Shutting down and abandoning module HardwareTargeting (418)
[2017.09.13-21.51.45:007][841]LogModuleManager: Shutting down and abandoning module DeviceProfileEditor (416)
[2017.09.13-21.51.45:007][841]LogModuleManager: Shutting down and abandoning module UndoHistory (414)
[2017.09.13-21.51.45:007][841]LogModuleManager: Shutting down and abandoning module XmlParser (412)
[2017.09.13-21.51.45:007][841]LogModuleManager: Shutting down and abandoning module Blutility (410)
[2017.09.13-21.51.45:007][841]LogModuleManager: Shutting down and abandoning module ProjectSettingsViewer (408)
[2017.09.13-21.51.45:007][841]LogModuleManager: Shutting down and abandoning module ProjectTargetPlatformEditor (407)
[2017.09.13-21.51.45:007][841]LogModuleManager: Shutting down and abandoning module EditorSettingsViewer (404)
[2017.09.13-21.51.45:007][841]LogModuleManager: Shutting down and abandoning module SettingsEditor (402)
[2017.09.13-21.51.45:007][841]LogModuleManager: Shutting down and abandoning module ProjectLauncher (400)
[2017.09.13-21.51.45:007][841]LogModuleManager: Shutting down and abandoning module SessionFrontend (398)
[2017.09.13-21.51.45:007][841]LogModuleManager: Shutting down and abandoning module ProfilerClient (396)
[2017.09.13-21.51.45:007][841]LogModuleManager: Shutting down and abandoning module DeviceManager (394)
[2017.09.13-21.51.45:007][841]LogModuleManager: Shutting down and abandoning module TargetDeviceServices (393)
[2017.09.13-21.51.45:060][841]LogModuleManager: Shutting down and abandoning module AutomationController (390)
[2017.09.13-21.51.45:060][841]LogModuleManager: Shutting down and abandoning module AutomationWindow (388)
[2017.09.13-21.51.45:060][841]LogModuleManager: Shutting down and abandoning module Layers (386)
[2017.09.13-21.51.45:060][841]LogModuleManager: Shutting down and abandoning module ComponentVisualizers (384)
[2017.09.13-21.51.45:060][841]LogModuleManager: Shutting down and abandoning module DetailCustomizations (382)
[2017.09.13-21.51.45:060][841]LogModuleManager: Shutting down and abandoning module PackagesDialog (380)
[2017.09.13-21.51.45:060][841]LogModuleManager: Shutting down and abandoning module Persona (378)
[2017.09.13-21.51.45:060][841]LogModuleManager: Shutting down and abandoning module AdvancedPreviewScene (377)
[2017.09.13-21.51.45:060][841]LogModuleManager: Shutting down and abandoning module AnimGraph (375)
[2017.09.13-21.51.45:060][841]LogModuleManager: Shutting down and abandoning module Kismet (372)
[2017.09.13-21.51.45:060][841]LogModuleManager: Shutting down and abandoning module ClassViewer (370)
[2017.09.13-21.51.45:061][841]LogModuleManager: Shutting down and abandoning module Toolbox (368)
[2017.09.13-21.51.45:061][841]LogModuleManager: Shutting down and abandoning module ModuleUI (366)
[2017.09.13-21.51.45:061][841]LogModuleManager: Shutting down and abandoning module MovieSceneTools (364)
[2017.09.13-21.51.45:062][841]LogModuleManager: Shutting down and abandoning module OutputLog (362)
[2017.09.13-21.51.45:062][841]LogModuleManager: Shutting down and abandoning module GammaUI (360)
[2017.09.13-21.51.45:062][841]LogModuleManager: Shutting down and abandoning module Documentation (358)
[2017.09.13-21.51.45:062][841]LogModuleManager: Shutting down and abandoning module MovieSceneTracks (356)
[2017.09.13-21.51.45:062][841]LogModuleManager: Shutting down and abandoning module MovieScene (354)
[2017.09.13-21.51.45:062][841]LogModuleManager: Shutting down and abandoning module Niagara (352)
[2017.09.13-21.51.45:062][841]LogModuleManager: Shutting down and abandoning module NiagaraEditor (351)
[2017.09.13-21.51.45:062][841]LogModuleManager: Shutting down and abandoning module StreamingPauseRendering (348)
[2017.09.13-21.51.45:062][841]LogModuleManager: Shutting down and abandoning module LauncherPlatform (346)
[2017.09.13-21.51.45:062][841]LogModuleManager: Shutting down and abandoning module AnalyticsET (344)
[2017.09.13-21.51.45:062][841]LogModuleManager: Shutting down and abandoning module PortalServices (342)
[2017.09.13-21.51.45:062][841]LogModuleManager: Shutting down and abandoning module PortalRpc (340)
[2017.09.13-21.51.45:062][841]LogModuleManager: Shutting down and abandoning module MessagingRpc (338)
[2017.09.13-21.51.45:062][841]LogModuleManager: Shutting down and abandoning module AIModule (336)
[2017.09.13-21.51.45:062][841]LogModuleManager: Shutting down and abandoning module GameplayDebugger (335)
[2017.09.13-21.51.45:062][841]LogModuleManager: Shutting down and abandoning module AITestSuite (333)
[2017.09.13-21.51.45:062][841]LogModuleManager: Shutting down and abandoning module ProfilerService (330)
[2017.09.13-21.51.45:118][841]LogModuleManager: Shutting down and abandoning module TaskGraph (328)
[2017.09.13-21.51.45:118][841]LogModuleManager: Shutting down and abandoning module ProceduralMeshComponentEditor (326)
[2017.09.13-21.51.45:118][841]LogModuleManager: Shutting down and abandoning module ProceduralMeshComponent (324)
[2017.09.13-21.51.45:118][841]LogModuleManager: Shutting down and abandoning module OculusInput (322)
[2017.09.13-21.51.45:118][841]LogModuleManager: Shutting down and abandoning module MobilePatchingUtils (320)
[2017.09.13-21.51.45:118][841]LogModuleManager: Shutting down and abandoning module CustomMeshComponent (318)
[2017.09.13-21.51.45:118][841]LogModuleManager: Shutting down and abandoning module CableComponent (316)
[2017.09.13-21.51.45:118][841]LogModuleManager: Shutting down and abandoning module ArchVisCharacter (314)
[2017.09.13-21.51.45:118][841]LogModuleManager: Shutting down and abandoning module AndroidPermission (312)
[2017.09.13-21.51.45:118][841]LogModuleManager: Shutting down and abandoning module MediaPlayerEditor (308)
[2017.09.13-21.51.45:118][841]LogModuleManager: Shutting down and abandoning module HTML5Networking (306)
[2017.09.13-21.51.45:118][841]LogModuleManager: Shutting down and abandoning module AlembicImporter (304)
[2017.09.13-21.51.45:118][841]LogModuleManager: Shutting down and abandoning module AlembicLibrary (303)
[2017.09.13-21.51.45:118][841]LogModuleManager: Shutting down and abandoning module GeometryCache (302)
[2017.09.13-21.51.45:118][841]LogModuleManager: Shutting down and abandoning module GeometryCacheEd (301)
[2017.09.13-21.51.45:118][841]LogModuleManager: Shutting down and abandoning module SpeedTreeImporter (296)
[2017.09.13-21.51.45:118][841]LogModuleManager: Shutting down and abandoning module PluginBrowser (294)
[2017.09.13-21.51.45:118][841]LogModuleManager: Shutting down and abandoning module MobileLauncherProfileWizard (292)
[2017.09.13-21.51.45:118][841]LogModuleManager: Shutting down and abandoning module VisualStudioSourceCodeAccess (290)
[2017.09.13-21.51.45:118][841]LogModuleManager: Shutting down and abandoning module DesktopPlatform (289)
[2017.09.13-21.51.45:118][841]LogModuleManager: Shutting down and abandoning module UObjectPlugin (286)
[2017.09.13-21.51.45:118][841]LogModuleManager: Shutting down and abandoning module SubversionSourceControl (284)
[2017.09.13-21.51.45:118][841]LogModuleManager: Shutting down and abandoning module PerforceSourceControl (282)
[2017.09.13-21.51.45:118][841]LogModuleManager: Shutting down and abandoning module GitSourceControl (280)
[2017.09.13-21.51.45:118][841]LogModuleManager: Shutting down and abandoning module SourceControl (279)
[2017.09.13-21.51.45:118][841]LogModuleManager: Shutting down and abandoning module LightPropagationVolumeEditor (276)
[2017.09.13-21.51.45:118][841]LogModuleManager: Shutting down and abandoning module PaperTiledImporter (274)
[2017.09.13-21.51.45:118][841]LogModuleManager: Shutting down and abandoning module PaperSpriteSheetImporter (272)
[2017.09.13-21.51.45:118][841]LogModuleManager: Shutting down and abandoning module Paper2DEditor (270)
[2017.09.13-21.51.45:118][841]LogModuleManager: Shutting down and abandoning module MeshPaint (269)
[2017.09.13-21.51.45:118][841]LogModuleManager: Shutting down and abandoning module LevelEditor (267)
[2017.09.13-21.51.45:119][841]LogModuleManager: Shutting down and abandoning module PixelInspectorModule (266)
[2017.09.13-21.51.45:119][841]LogModuleManager: Shutting down and abandoning module MainFrame (264)
[2017.09.13-21.51.45:119][841]LogModuleManager: Shutting down and abandoning module HotReload (263)
[2017.09.13-21.51.45:120][841]LogModuleManager: Shutting down and abandoning module RuntimePhysXCooking (258)
[2017.09.13-21.51.45:120][841]LogModuleManager: Shutting down and abandoning module PhysXVehiclesEditor (256)
[2017.09.13-21.51.45:120][841]LogModuleManager: Shutting down and abandoning module PhysXVehicles (254)
[2017.09.13-21.51.45:120][841]LogModuleManager: Shutting down and abandoning module OculusEditor (252)
[2017.09.13-21.51.45:120][841]LogModuleManager: Shutting down and abandoning module LocationServicesBPLibrary (250)
[2017.09.13-21.51.45:120][841]LogModuleManager: Shutting down and abandoning module ImmediatePhysicsEditor (248)
[2017.09.13-21.51.45:120][841]LogModuleManager: Shutting down and abandoning module ImmediatePhysics (246)
[2017.09.13-21.51.45:120][841]LogModuleManager: Shutting down and abandoning module UdpMessaging (244)
[2017.09.13-21.51.45:220][841]LogModuleManager: Shutting down and abandoning module TcpMessaging (242)
[2017.09.13-21.51.45:320][841]LogModuleManager: Shutting down and abandoning module GameplayTagsEditor (240)
[2017.09.13-21.51.45:320][841]LogModuleManager: Shutting down and abandoning module FacialAnimationEditor (238)
[2017.09.13-21.51.45:320][841]LogModuleManager: Shutting down and abandoning module FacialAnimation (236)
[2017.09.13-21.51.45:320][841]LogModuleManager: Shutting down and abandoning module AssetManagerEditor (234)
[2017.09.13-21.51.45:320][841]LogModuleManager: Shutting down and abandoning module GraphEditor (233)
[2017.09.13-21.51.45:320][841]LogModuleManager: Shutting down and abandoning module ContentBrowser (231)
[2017.09.13-21.51.45:321][841]LogModuleManager: Shutting down and abandoning module LightPropagationVolumeRuntime (228)
[2017.09.13-21.51.45:321][841]LogModuleManager: Shutting down and abandoning module Paper2D (226)
[2017.09.13-21.51.45:321][841]LogModuleManager: Shutting down and abandoning module WindowsMoviePlayer (224)
[2017.09.13-21.51.45:321][841]LogModuleManager: Shutting down and abandoning module WmfMedia (222)
[2017.09.13-21.51.45:321][841]LogModuleManager: Shutting down and abandoning module PacketHandler (220)
[2017.09.13-21.51.45:321][841]LogModuleManager: Shutting down and abandoning module ClothingSystemEditor (218)
[2017.09.13-21.51.45:321][841]LogModuleManager: Shutting down and abandoning module ClothingSystemRuntime (216)
[2017.09.13-21.51.45:321][841]LogModuleManager: Shutting down and abandoning module Overlay (214)
[2017.09.13-21.51.45:321][841]LogModuleManager: Shutting down and abandoning module OverlayEditor (213)
[2017.09.13-21.51.45:321][841]LogModuleManager: Shutting down and abandoning module MediaAssets (210)
[2017.09.13-21.51.45:321][841]LogModuleManager: Shutting down and abandoning module VREditor (208)
[2017.09.13-21.51.45:321][841]LogModuleManager: Shutting down and abandoning module StringTableEditor (206)
[2017.09.13-21.51.45:321][841]LogModuleManager: Shutting down and abandoning module GameplayTasksEditor (204)
[2017.09.13-21.51.45:321][841]LogModuleManager: Shutting down and abandoning module BehaviorTreeEditor (202)
[2017.09.13-21.51.45:321][841]LogModuleManager: Shutting down and abandoning module FunctionalTesting (200)
[2017.09.13-21.51.45:322][841]LogModuleManager: Shutting down and abandoning module CollisionAnalyzer (198)
[2017.09.13-21.51.45:322][841]LogModuleManager: Shutting down and abandoning module WorkspaceMenuStructure (197)
[2017.09.13-21.51.45:322][841]LogModuleManager: Shutting down and abandoning module UMG (194)
[2017.09.13-21.51.45:322][841]LogModuleManager: Shutting down and abandoning module UMGEditor (193)
[2017.09.13-21.51.45:322][841]LogModuleManager: Shutting down and abandoning module Sequencer (192)
[2017.09.13-21.51.45:322][841]LogModuleManager: Shutting down and abandoning module MessageLog (189)
[2017.09.13-21.51.45:322][841]LogModuleManager: Shutting down and abandoning module SlateReflector (184)
[2017.09.13-21.51.45:322][841]LogModuleManager: Shutting down and abandoning module Slate (182)
[2017.09.13-21.51.45:322][841]LogModuleManager: Shutting down and abandoning module EditorStyle (180)
[2017.09.13-21.51.45:324][841]LogModuleManager: Shutting down and abandoning module MRMesh (178)
[2017.09.13-21.51.45:324][841]LogModuleManager: Shutting down and abandoning module SourceCodeAccess (176)
[2017.09.13-21.51.45:324][841]LogModuleManager: Shutting down and abandoning module HeadMountedDisplay (174)
[2017.09.13-21.51.45:324][841]LogModuleManager: Shutting down and abandoning module XAudio2 (172)
[2017.09.13-21.51.45:324][841]LogModuleManager: Shutting down and abandoning module Networking (170)
[2017.09.13-21.51.45:324][841]LogModuleManager: Shutting down and abandoning module Core (166)
[2017.09.13-21.51.45:324][841]LogModuleManager: Shutting down and abandoning module KismetCompiler (162)
[2017.09.13-21.51.45:324][841]LogModuleManager: Shutting down and abandoning module LevelSequence (160)
[2017.09.13-21.51.45:324][841]LogModuleManager: Shutting down and abandoning module MeshUtilities (158)
[2017.09.13-21.51.45:324][841]LogModuleManager: Shutting down and abandoning module MeshMergeUtilities (157)
[2017.09.13-21.51.45:324][841]LogModuleManager: Shutting down and abandoning module MeshReductionInterface (156)
[2017.09.13-21.51.45:324][841]LogModuleManager: Shutting down and abandoning module SimplygonSwarm (155)
[2017.09.13-21.51.45:324][841]LogModuleManager: Shutting down and abandoning module SimplygonMeshReduction (153)
[2017.09.13-21.51.45:324][841]LogModuleManager: Shutting down and abandoning module QuadricMeshReduction (151)
[2017.09.13-21.51.45:324][841]LogModuleManager: Shutting down and abandoning module MaterialBaking (147)
[2017.09.13-21.51.45:324][841]LogModuleManager: Shutting down and abandoning module DirectoryWatcher (144)
[2017.09.13-21.51.45:324][841]LogModuleManager: Shutting down and abandoning module DerivedDataCache (142)
[2017.09.13-21.51.45:336][841]LogDerivedDataCache: Shutdown
[2017.09.13-21.51.45:336][841]LogModuleManager: Shutting down and abandoning module TargetPlatform (140)
[2017.09.13-21.51.45:336][841]LogModuleManager: Shutting down and abandoning module VulkanShaderFormat (139)
[2017.09.13-21.51.45:336][841]LogModuleManager: Shutting down and abandoning module ShaderFormatVectorVM (137)
[2017.09.13-21.51.45:336][841]LogModuleManager: Shutting down and abandoning module ShaderFormatOpenGL (135)
[2017.09.13-21.51.45:336][841]LogModuleManager: Shutting down and abandoning module ShaderFormatD3D (133)
[2017.09.13-21.51.45:336][841]LogModuleManager: Shutting down and abandoning module MetalShaderFormat (131)
[2017.09.13-21.51.45:336][841]LogModuleManager: Shutting down and abandoning module TextureFormatUncompressed (129)
[2017.09.13-21.51.45:336][841]LogModuleManager: Shutting down and abandoning module TextureFormatPVR (127)
[2017.09.13-21.51.45:336][841]LogModuleManager: Shutting down and abandoning module TextureFormatDXT (125)
[2017.09.13-21.51.45:336][841]LogModuleManager: Shutting down and abandoning module TextureFormatIntelISPCTexComp (123)
[2017.09.13-21.51.45:336][841]LogModuleManager: Shutting down and abandoning module TextureFormatASTC (121)
[2017.09.13-21.51.45:336][841]LogModuleManager: Shutting down and abandoning module ImageWrapper (120)
[2017.09.13-21.51.45:336][841]LogModuleManager: Shutting down and abandoning module TextureFormatAndroid (117)
[2017.09.13-21.51.45:336][841]LogModuleManager: Shutting down and abandoning module AudioFormatOpus (115)
[2017.09.13-21.51.45:336][841]LogModuleManager: Shutting down and abandoning module AudioFormatOgg (113)
[2017.09.13-21.51.45:336][841]LogModuleManager: Shutting down and abandoning module AudioFormatADPCM (111)
[2017.09.13-21.51.45:336][841]LogModuleManager: Shutting down and abandoning module LinuxTargetPlatform (109)
[2017.09.13-21.51.45:336][841]LogModuleManager: Shutting down and abandoning module LinuxServerTargetPlatform (107)
[2017.09.13-21.51.45:336][841]LogModuleManager: Shutting down and abandoning module LinuxNoEditorTargetPlatform (105)
[2017.09.13-21.51.45:336][841]LogModuleManager: Shutting down and abandoning module LinuxClientTargetPlatform (103)
[2017.09.13-21.51.45:336][841]LogModuleManager: Shutting down and abandoning module TVOSTargetPlatform (101)
[2017.09.13-21.51.45:336][841]LogModuleManager: Shutting down and abandoning module Messaging (99)
[2017.09.13-21.51.45:336][841]LogModuleManager: Shutting down and abandoning module IOSTargetPlatform (97)
[2017.09.13-21.51.45:336][841]LogModuleManager: Shutting down and abandoning module HTML5TargetPlatform (95)
[2017.09.13-21.51.45:336][841]LogModuleManager: Shutting down and abandoning module Android_PVRTCTargetPlatform (93)
[2017.09.13-21.51.45:336][841]LogModuleManager: Shutting down and abandoning module Android_MultiTargetPlatform (91)
[2017.09.13-21.51.45:336][841]LogModuleManager: Shutting down and abandoning module Android_ETC2TargetPlatform (89)
[2017.09.13-21.51.45:336][841]LogModuleManager: Shutting down and abandoning module Android_ETC1TargetPlatform (87)
[2017.09.13-21.51.45:336][841]LogModuleManager: Shutting down and abandoning module Android_DXTTargetPlatform (85)
[2017.09.13-21.51.45:336][841]LogModuleManager: Shutting down and abandoning module Android_ATCTargetPlatform (83)
[2017.09.13-21.51.45:336][841]LogModuleManager: Shutting down and abandoning module Android_ASTCTargetPlatform (81)
[2017.09.13-21.51.45:336][841]LogModuleManager: Shutting down and abandoning module AndroidTargetPlatform (79)
[2017.09.13-21.51.45:336][841]LogModuleManager: Shutting down and abandoning module WindowsTargetPlatform (77)
[2017.09.13-21.51.45:336][841]LogModuleManager: Shutting down and abandoning module WindowsServerTargetPlatform (75)
[2017.09.13-21.51.45:336][841]LogModuleManager: Shutting down and abandoning module WindowsNoEditorTargetPlatform (73)
[2017.09.13-21.51.45:336][841]LogModuleManager: Shutting down and abandoning module WindowsClientTargetPlatform (71)
[2017.09.13-21.51.45:336][841]LogModuleManager: Shutting down and abandoning module MacTargetPlatform (69)
[2017.09.13-21.51.45:336][841]LogModuleManager: Shutting down and abandoning module MacServerTargetPlatform (67)
[2017.09.13-21.51.45:336][841]LogModuleManager: Shutting down and abandoning module MacNoEditorTargetPlatform (65)
[2017.09.13-21.51.45:336][841]LogModuleManager: Shutting down and abandoning module MacClientTargetPlatform (63)
[2017.09.13-21.51.45:336][841]LogModuleManager: Shutting down and abandoning module AllDesktopTargetPlatform (61)
[2017.09.13-21.51.45:336][841]LogModuleManager: Shutting down and abandoning module InputCore (58)
[2017.09.13-21.51.45:336][841]LogModuleManager: Shutting down and abandoning module Settings (56)
[2017.09.13-21.51.45:336][841]LogModuleManager: Shutting down and abandoning module PhysXCooking (54)
[2017.09.13-21.51.45:336][841]LogModuleManager: Shutting down and abandoning module OculusHMD (52)
[2017.09.13-21.51.45:337][841]LogModuleManager: Shutting down and abandoning module ExampleDeviceProfileSelector (50)
[2017.09.13-21.51.45:337][841]LogModuleManager: Shutting down and abandoning module OnlineBlueprintSupport (48)
[2017.09.13-21.51.45:337][841]LogModuleManager: Shutting down and abandoning module OnlineSubsystem (44)
[2017.09.13-21.51.45:337][841]LogOnline: Display: Unloading online subsystem: NULL
[2017.09.13-21.51.45:337][841]LogModuleManager: Shutting down and abandoning module XMPP (43)
[2017.09.13-21.51.45:337][841]LogModuleManager: Shutting down and abandoning module HTTP (41)
[2017.09.13-21.51.45:337][841]LogHttp: Display: Http module shutting down, but needs to wait on 1 outstanding Http requests:
[2017.09.13-21.51.45:337][841]LogHttp: Display: 	verb=[POST] url=[https://datarouter.ol.epicgames.com/datarouter/api/v1/public/data?SessionID=%7BC93D01BE-40BD-0893-8240-529D0A49E1A0%7D&AppID=UEEditor.Rocket.Release&AppVersion=4.17.1-3586342%2B%2B%2BUE4%2BRelease-4.17&UserID=644e85d248cd51610afd53a51c5768e5%7C0f70ffcf2d7540bbaf08208f27877753%7C6d7dfa74-2848-42e1-910b-db3d85379abb&AppEnvironment=datacollector-binary&UploadType=eteventstream] status=Processing
[2017.09.13-21.51.45:371][841]LogModuleManager: Shutting down and abandoning module SSL (40)
[2017.09.13-21.51.45:372][841]LogModuleManager: Shutting down and abandoning module AnimationModifiers (36)
[2017.09.13-21.51.45:372][841]LogModuleManager: Shutting down and abandoning module PropertyEditor (35)
[2017.09.13-21.51.45:372][841]LogModuleManager: Shutting down and abandoning module AudioEditor (32)
[2017.09.13-21.51.45:372][841]LogModuleManager: Shutting down and abandoning module TextureCompressor (30)
[2017.09.13-21.51.45:372][841]LogModuleManager: Shutting down and abandoning module ShaderCore (28)
[2017.09.13-21.51.45:372][841]LogModuleManager: Shutting down and abandoning module Landscape (26)
[2017.09.13-21.51.45:372][841]LogModuleManager: Shutting down and abandoning module SlateRHIRenderer (24)
[2017.09.13-21.51.45:373][841]LogModuleManager: Shutting down and abandoning module OpenGLDrv (22)
[2017.09.13-21.51.45:373][841]LogModuleManager: Shutting down and abandoning module D3D11RHI (20)
[2017.09.13-21.51.45:373][841]LogModuleManager: Shutting down and abandoning module AnimGraphRuntime (18)
[2017.09.13-21.51.45:373][841]LogModuleManager: Shutting down and abandoning module Renderer (16)
[2017.09.13-21.51.45:373][841]LogModuleManager: Shutting down and abandoning module Engine (14)
[2017.09.13-21.51.45:373][841]LogModuleManager: Shutting down and abandoning module CoreUObject (12)
[2017.09.13-21.51.45:373][841]LogModuleManager: Shutting down and abandoning module NetworkFile (10)
[2017.09.13-21.51.45:373][841]LogModuleManager: Shutting down and abandoning module CookedIterativeFile (8)
[2017.09.13-21.51.45:373][841]LogModuleManager: Shutting down and abandoning module StreamingFile (6)
[2017.09.13-21.51.45:373][841]LogModuleManager: Shutting down and abandoning module SandboxFile (4)
[2017.09.13-21.51.45:373][841]LogModuleManager: Shutting down and abandoning module PakFile (2)
[2017.09.13-21.51.45:378][841]LogExit: Exiting.
[2017.09.13-21.51.45:390][841]Log file closed, 09/13/17 17:51:45
