Log file open, 09/10/17 20:21:24
LogWindows: LoadLibraryWithSearchPaths failed for file aqProf.dll. GetLastError=0
LogWindows: LoadLibraryWithSearchPaths failed for file VtuneApi.dll. GetLastError=0
LogWindows: LoadLibraryWithSearchPaths failed for file VtuneApi32e.dll. GetLastError=0
LogInit: Display: Running engine for game: Paper2DDemo
LogPlatformFile: Not using cached read wrapper
LogInit: Display: RandInit(863219776) SRandInit(863219797).
LogTaskGraph: Started task graph with 5 named threads and 8 total threads with 3 sets of task threads.
LogStats: Stats thread started at 0.179155
LogD3D11RHI: Aftermath initialized
LogPluginManager: Mounting plugin Paper2D
LogPluginManager: Mounting plugin LightPropagationVolume
LogPluginManager: Mounting plugin CodeLiteSourceCodeAccess
LogPluginManager: Mounting plugin GitSourceControl
LogPluginManager: Mounting plugin KDevelopSourceCodeAccess
LogPluginManager: Mounting plugin NullSourceCodeAccess
LogPluginManager: Mounting plugin PerforceSourceControl
LogPluginManager: Mounting plugin SubversionSourceControl
LogPluginManager: Mounting plugin UObjectPlugin
LogPluginManager: Mounting plugin VisualStudioSourceCodeAccess
LogPluginManager: Mounting plugin XCodeSourceCodeAccess
LogPluginManager: Mounting plugin AssetManagerEditor
LogPluginManager: Mounting plugin AudioCapture
LogPluginManager: Mounting plugin FacialAnimation
LogPluginManager: Mounting plugin GameplayTagsEditor
LogPluginManager: Mounting plugin MobileLauncherProfileWizard
LogPluginManager: Mounting plugin PluginBrowser
LogPluginManager: Mounting plugin SpeedTreeImporter
LogPluginManager: Mounting plugin AlembicImporter
LogPluginManager: Mounting plugin CharacterAI
LogPluginManager: Mounting plugin HTML5Networking
LogPluginManager: Mounting plugin AndroidMedia
LogPluginManager: Mounting plugin AvfMedia
LogPluginManager: Mounting plugin MediaPlayerEditor
LogPluginManager: Mounting plugin WmfMedia
LogPluginManager: Mounting plugin TcpMessaging
LogPluginManager: Mounting plugin UdpMessaging
LogPluginManager: Mounting plugin LevelSequenceEditor
LogPluginManager: Mounting plugin MatineeToLevelSequence
LogPluginManager: Mounting plugin OnlineSubsystemGooglePlay
LogPluginManager: Mounting plugin OnlineSubsystemIOS
LogPluginManager: Mounting plugin OnlineSubsystem
LogPluginManager: Mounting plugin OnlineSubsystemNull
LogPluginManager: Mounting plugin OnlineSubsystemUtils
LogPluginManager: Mounting plugin AndroidDeviceProfileSelector
LogPluginManager: Mounting plugin AndroidMoviePlayer
LogPluginManager: Mounting plugin AndroidPermission
LogPluginManager: Mounting plugin AppleMoviePlayer
LogPluginManager: Mounting plugin ArchVisCharacter
LogPluginManager: Mounting plugin CableComponent
LogPluginManager: Mounting plugin CustomMeshComponent
LogPluginManager: Mounting plugin ExampleDeviceProfileSelector
LogPluginManager: Mounting plugin GoogleCloudMessaging
LogPluginManager: Mounting plugin ImmediatePhysics
LogPluginManager: Mounting plugin IOSDeviceProfileSelector
LogPluginManager: Mounting plugin LinuxDeviceProfileSelector
LogPluginManager: Mounting plugin LocationServicesBPLibrary
LogPluginManager: Mounting plugin MobilePatchingUtils
LogPluginManager: Mounting plugin OculusVR
LogPluginManager: Mounting plugin PhysXVehicles
LogPluginManager: Mounting plugin ProceduralMeshComponent
LogPluginManager: Mounting plugin RuntimePhysXCooking
LogPluginManager: Mounting plugin SteamVR
LogPluginManager: Mounting plugin WindowsMoviePlayer
LogInit: Using libcurl 7.47.1
LogInit:  - built for x86_64-pc-win32
LogInit:  - supports SSL with OpenSSL/1.0.2g
LogInit:  - supports HTTP deflate (compression) using libz 1.2.8
LogInit:  - other features:
LogInit:      CURL_VERSION_SSL
LogInit:      CURL_VERSION_LIBZ
LogInit:      CURL_VERSION_IPV6
LogInit:      CURL_VERSION_ASYNCHDNS
LogInit:      CURL_VERSION_LARGEFILE
LogInit:      CURL_VERSION_IDN
LogInit:  CurlRequestOptions (configurable via config and command line):
LogInit:  - bVerifyPeer = false  - Libcurl will NOT verify peer certificate
LogInit:  - bUseHttpProxy = false  - Libcurl will NOT use HTTP proxy
LogInit:  - bDontReuseConnections = false  - Libcurl will reuse connections
LogInit:  - CertBundlePath = nullptr  - Libcurl will use whatever was configured at build time.
LogInit: Build: ++UE4+Release-4.17-CL-3586342
LogInit: Engine Version: 4.17.1-3586342+++UE4+Release-4.17
LogInit: Compatible Engine Version: 4.17.0-3573198+++UE4+Release-4.17
LogInit: Net CL: 3573198
LogDevObjectVersion: Number of dev versions registered: 16
LogDevObjectVersion:   Dev-Blueprints (B0D832E4-1F89-4F0D-ACCF-7EB736FD4AA2): 10
LogDevObjectVersion:   Dev-Build (E1C64328-A22C-4D53-A36C-8E866417BD8C): 0
LogDevObjectVersion:   Dev-Core (375EC13C-06E4-48FB-B500-84F0262A717E): 2
LogDevObjectVersion:   Dev-Editor (E4B068ED-F494-42E9-A231-DA0B2E46BB41): 20
LogDevObjectVersion:   Dev-Framework (CFFC743F-43B0-4480-9391-14DF171D2073): 28
LogDevObjectVersion:   Dev-Mobile (B02B49B5-BB20-44E9-A304-32B752E40360): 0
LogDevObjectVersion:   Dev-Networking (A4E4105C-59A1-49B5-A7C5-40C4547EDFEE): 0
LogDevObjectVersion:   Dev-Online (39C831C9-5AE6-47DC-9A44-9C173E1C8E7C): 0
LogDevObjectVersion:   Dev-Physics (78F01B33-EBEA-4F98-B9B4-84EACCB95AA2): 0
LogDevObjectVersion:   Dev-Platform (6631380F-2D4D-43E0-8009-CF276956A95A): 0
LogDevObjectVersion:   Dev-Rendering (12F88B9F-8875-4AFC-A67C-D90C383ABD29): 19
LogDevObjectVersion:   Dev-Sequencer (7B5AE74C-D270-4C10-A958-57980B212A5A): 4
LogDevObjectVersion:   Dev-VR (D7296918-1DD6-4BDD-9DE2-64A83CC13884): 0
LogDevObjectVersion:   Dev-LoadTimes (C2A15278-BFE7-4AFE-6C17-90FF531DF755): 1
LogDevObjectVersion:   Private-Geometry (6EACA3D4-40EC-4CC1-B786-8BED09428FC5): 1
LogDevObjectVersion:   Dev-AnimPhys (29E575DD-E0A3-4627-9D10-D276232CDCEA): 7
LogInit: Compiled (64-bit): Aug 15 2017 02:05:26
LogInit: Compiled with Visual C++: 19.00.24215.01
LogInit: Build Configuration: Development
LogInit: Branch Name: ++UE4+Release-4.17
LogInit: Command line: -EpicPortal 
LogInit: Base directory: C:/Program Files/Epic Games/UE_4.17/Engine/Binaries/Win64/
LogInit: Installed Engine Build: 1
LogInit: Presizing for max 8388607 objects, including 0 objects not considered by GC, pre-allocating 0 bytes for permanent pool.
LogInit: Object subsystem initialized
[2017.09.11-00.21.26:007][  0]LogInit: Selected Device Profile: [Windows]
[2017.09.11-00.21.26:007][  0]LogInit: Applying CVar settings loaded from the selected device profile: [Windows]
[2017.09.11-00.21.26:035][  0]LogInit: Computer: NAIKELEA
[2017.09.11-00.21.26:035][  0]LogInit: User: Daniel
[2017.09.11-00.21.26:035][  0]LogInit: CPU Page size=4096, Cores=2
[2017.09.11-00.21.26:035][  0]LogInit: High frequency timer resolution =14.318180 MHz
[2017.09.11-00.21.26:036][  0]LogMemory: Memory total: Physical=7.9GB (8GB approx)
[2017.09.11-00.21.26:036][  0]LogMemory: Platform Memory Stats for Windows
[2017.09.11-00.21.26:036][  0]LogMemory: Process Physical Memory: 275.56 MB used, 275.56 MB peak
[2017.09.11-00.21.26:036][  0]LogMemory: Process Virtual Memory: 275.66 MB used, 275.66 MB peak
[2017.09.11-00.21.26:036][  0]LogMemory: Physical Memory: 5180.09 MB used,  2951.18 MB free, 8131.27 MB total
[2017.09.11-00.21.26:036][  0]LogMemory: Virtual Memory: 649.19 MB used,  2951.18 MB free, 134217728.00 MB total
[2017.09.11-00.21.26:479][  0]LogInit: Using OS detected language (en-US).
[2017.09.11-00.21.26:479][  0]LogInit: Using OS detected locale (en-US).
[2017.09.11-00.21.26:483][  0]LogTextLocalizationManager: No specific localization for 'en-US' exists, so the 'en' localization will be used.
[2017.09.11-00.21.27:826][  0]LogD3D11RHI: D3D11 adapters:
[2017.09.11-00.21.27:866][  0]LogD3D11RHI:    0. 'NVIDIA GeForce GTX 750 Ti' (Feature Level 11_0)
[2017.09.11-00.21.27:866][  0]LogD3D11RHI:       1988/0/2048 MB DedicatedVideo/DedicatedSystem/SharedSystem, Outputs:2, VendorId:0x10de
[2017.09.11-00.21.27:868][  0]LogD3D11RHI:    1. 'Microsoft Basic Render Driver' (Feature Level 11_0)
[2017.09.11-00.21.27:868][  0]LogD3D11RHI:       0/0/256 MB DedicatedVideo/DedicatedSystem/SharedSystem, Outputs:0, VendorId:0x1414
[2017.09.11-00.21.27:868][  0]LogD3D11RHI: Chosen D3D11 Adapter: 0
[2017.09.11-00.21.27:876][  0]LogD3D11RHI: Creating new Direct3DDevice
[2017.09.11-00.21.27:876][  0]LogD3D11RHI:     GPU DeviceId: 0x1380 (for the marketing name, search the web for "GPU Device Id")
[2017.09.11-00.21.27:877][  0]LogWindows: EnumDisplayDevices:
[2017.09.11-00.21.27:877][  0]LogWindows:    0. 'NVIDIA GeForce GTX 750 Ti' (P:1 D:1)
[2017.09.11-00.21.27:877][  0]LogWindows:    1. 'NVIDIA GeForce GTX 750 Ti' (P:0 D:1)
[2017.09.11-00.21.27:877][  0]LogWindows:    2. 'NVIDIA GeForce GTX 750 Ti' (P:0 D:0)
[2017.09.11-00.21.27:877][  0]LogWindows:    3. 'NVIDIA GeForce GTX 750 Ti' (P:0 D:0)
[2017.09.11-00.21.27:877][  0]LogWindows: DebugString: FoundDriverCount:4 
[2017.09.11-00.21.27:877][  0]LogD3D11RHI:     Adapter Name: NVIDIA GeForce GTX 750 Ti
[2017.09.11-00.21.27:877][  0]LogD3D11RHI:   Driver Version: 365.10 (internal:10.18.13.6510, unified:365.10)
[2017.09.11-00.21.27:877][  0]LogD3D11RHI:      Driver Date: 4-27-2016
[2017.09.11-00.21.27:877][  0]LogRHI: Texture pool is 1361 MB (70% of 1945 MB)
[2017.09.11-00.21.27:897][  0]LogD3D11RHI: NvAPI_D3D_GetCurrentSLIState failed: 0xfffffff7
[2017.09.11-00.21.27:897][  0]LogD3D11RHI: Async texture creation enabled
[2017.09.11-00.21.27:918][  0]LogD3D11RHI: GPU Timing Frequency: 1000.000000 (Debug: 2 2)
[2017.09.11-00.21.28:024][  0]LogShaderCompilers: Guid format shader working directory is -43 characters bigger than the processId version (../../../../../../Users/Daniel/Documents/Unreal Projects/Paper2DDemo/darthmaulsuncle 4.17/Intermediate/Shaders/WorkingDirectory/30624/).
[2017.09.11-00.21.28:024][  0]LogShaderCompilers: Cleaned the shader compiler working directory 'C:/Users/Daniel/AppData/Local/Temp/UnrealShaderWorkingDir/A97E88C04D5C6A6761B57AA68AE57532/'.
[2017.09.11-00.21.28:024][  0]LogShaderCompilers: Display: Using Local Shader Compiler.
[2017.09.11-00.21.30:289][  0]LogTemp: Display: Loaded TP AllDesktopTargetPlatform
[2017.09.11-00.21.30:401][  0]LogTemp: Display: Loaded TP MacClientTargetPlatform
[2017.09.11-00.21.30:520][  0]LogTemp: Display: Loaded TP MacNoEditorTargetPlatform
[2017.09.11-00.21.30:650][  0]LogTemp: Display: Loaded TP MacServerTargetPlatform
[2017.09.11-00.21.30:781][  0]LogTemp: Display: Loaded TP MacTargetPlatform
[2017.09.11-00.21.30:911][  0]LogTemp: Display: Loaded TP WindowsClientTargetPlatform
[2017.09.11-00.21.31:023][  0]LogTemp: Display: Loaded TP WindowsNoEditorTargetPlatform
[2017.09.11-00.21.31:132][  0]LogTemp: Display: Loaded TP WindowsServerTargetPlatform
[2017.09.11-00.21.31:242][  0]LogTemp: Display: Loaded TP WindowsTargetPlatform
[2017.09.11-00.21.31:339][  0]LogTemp: Display: Loaded TP AndroidTargetPlatform
[2017.09.11-00.21.31:450][  0]LogTemp: Display: Loaded TP Android_ASTCTargetPlatform
[2017.09.11-00.21.31:570][  0]LogTemp: Display: Loaded TP Android_ATCTargetPlatform
[2017.09.11-00.21.31:680][  0]LogTemp: Display: Loaded TP Android_DXTTargetPlatform
[2017.09.11-00.21.31:787][  0]LogTemp: Display: Loaded TP Android_ETC1TargetPlatform
[2017.09.11-00.21.31:901][  0]LogTemp: Display: Loaded TP Android_ETC2TargetPlatform
[2017.09.11-00.21.32:121][  0]LogTemp: Display: Loaded TP Android_MultiTargetPlatform
[2017.09.11-00.21.32:121][  0]LogTemp: Display: Loaded TP Android_PVRTCTargetPlatform
[2017.09.11-00.21.32:202][  0]LogTemp: Display: Loaded TP HTML5TargetPlatform
[2017.09.11-00.21.32:400][  0]LogTemp: Display: Loaded TP IOSTargetPlatform
[2017.09.11-00.21.32:468][  0]LogTemp: Display: Loaded TP TVOSTargetPlatform
[2017.09.11-00.21.32:565][  0]LogTemp: Display: Loaded TP LinuxClientTargetPlatform
[2017.09.11-00.21.32:657][  0]LogTemp: Display: Loaded TP LinuxNoEditorTargetPlatform
[2017.09.11-00.21.32:766][  0]LogTemp: Display: Loaded TP LinuxServerTargetPlatform
[2017.09.11-00.21.32:874][  0]LogTemp: Display: Loaded TP LinuxTargetPlatform
[2017.09.11-00.21.32:874][  0]LogTargetPlatformManager: Display: Building Assets For Windows
[2017.09.11-00.21.33:928][  0]LogDerivedDataCache: Display: Max Cache Size: 512 MB
[2017.09.11-00.21.34:166][  0]LogDerivedDataCache: Loaded boot cache 0.24s 93MB C:/Users/Daniel/AppData/Local/UnrealEngine/4.17/DerivedDataCache/Boot.ddc.
[2017.09.11-00.21.34:166][  0]LogDerivedDataCache: Display: Loaded Boot cache: C:/Users/Daniel/AppData/Local/UnrealEngine/4.17/DerivedDataCache/Boot.ddc
[2017.09.11-00.21.34:166][  0]LogDerivedDataCache: FDerivedDataBackendGraph:  Pak pak cache file ../../../../../../Users/Daniel/Documents/Unreal Projects/Paper2DDemo/darthmaulsuncle 4.17/DerivedDataCache/DDC.ddp not found, will not use a pak cache.
[2017.09.11-00.21.34:166][  0]LogDerivedDataCache: Unable to find inner node Pak for hierarchical cache Hierarchy.
[2017.09.11-00.21.34:166][  0]LogDerivedDataCache: FDerivedDataBackendGraph:  CompressedPak pak cache file ../../../../../../Users/Daniel/Documents/Unreal Projects/Paper2DDemo/darthmaulsuncle 4.17/DerivedDataCache/Compressed.ddp not found, will not use a pak cache.
[2017.09.11-00.21.34:166][  0]LogDerivedDataCache: Unable to find inner node CompressedPak for hierarchical cache Hierarchy.
[2017.09.11-00.21.34:200][  0]LogDerivedDataCache: Display: Pak cache opened for reading ../../../Engine/DerivedDataCache/Compressed.ddp.
[2017.09.11-00.21.34:213][  0]LogDerivedDataCache: Using Local data cache path C:/Users/Daniel/AppData/Local/UnrealEngine/Common/DerivedDataCache: Writable
[2017.09.11-00.21.34:233][  0]LogMaterial: Verifying Global Shaders for PCD3D_SM5
[2017.09.11-00.21.34:234][  0]LogSlate: Using Freetype 2.6.0
[2017.09.11-00.21.34:235][  0]LogSlate: SlateFontCache - WITH_FREETYPE: 1, WITH_HARFBUZZ: 1
[2017.09.11-00.21.34:235][  0]LogSlate: SlateFontCache - WITH_FREETYPE: 1, WITH_HARFBUZZ: 1
[2017.09.11-00.21.34:793][  0]LogAssetRegistry: FAssetRegistry took 0.0348 seconds to start up
[2017.09.11-00.21.35:099][  0]LogInit: Selected Device Profile: [Windows]
[2017.09.11-00.21.35:491][  0]LogContentStreaming: Texture pool size is 0.00 MB
[2017.09.11-00.21.36:205][  0]LogSimplygon: Simplygon DLL not present - disabling.
[2017.09.11-00.21.36:295][  0]LogMeshReduction: Using SimplygonSwarm for distributed automatic mesh merging
[2017.09.11-00.21.36:296][  0]LogMeshReduction: Using QuadricMeshReduction for automatic static mesh reduction
[2017.09.11-00.21.36:296][  0]LogMeshReduction: No automatic skeletal mesh reduction module available
[2017.09.11-00.21.36:296][  0]LogMeshReduction: No automatic mesh merging module available
[2017.09.11-00.21.36:296][  0]LogMeshMerging: No automatic mesh merging module available
[2017.09.11-00.21.37:208][  0]LogNetVersion: Paper2DDemo , NetCL: 3573198, EngineNetVer: 2, GameNetVer: 0 (Checksum: 26211092)
[2017.09.11-00.21.37:725][  0]LogPackageLocalizationCache: Processed 5 localized package path(s) for 2 prioritized culture(s) in 0.068160 seconds
[2017.09.11-00.21.37:741][  0]LogUObjectArray: 35825 objects as part of root set at end of initial load.
[2017.09.11-00.21.37:741][  0]LogUObjectAllocator: 7529104 out of 0 bytes used by permanent object pool.
[2017.09.11-00.21.37:741][  0]LogUObjectArray: CloseDisregardForGC: 0/0 objects in disregard for GC pool
[2017.09.11-00.21.37:906][  0]LogInit: WinSock: version 1.1 (2.2), MaxSocks=32767, MaxUdp=65467
[2017.09.11-00.21.43:292][  0]LogTcpMessaging: Initializing TcpMessaging bridge
[2017.09.11-00.21.43:373][  0]LogUdpMessaging: Initializing bridge on interface 0.0.0.0:0 to multicast group 230.0.0.1:6666.
[2017.09.11-00.21.44:637][  0]LogMaterial: Uniform references updated for custom material expression Custom.
[2017.09.11-00.21.45:444][  0]SourceControl: Source control is disabled
[2017.09.11-00.21.45:444][  0]SourceControl: Source control is disabled
[2017.09.11-00.21.45:550][  0]SourceControl: Source control is disabled
[2017.09.11-00.21.45:642][  0]SourceControl: Source control is disabled
[2017.09.11-00.21.46:895][  0]LogAndroidPermission: UAndroidPermissionCallbackProxy::GetInstance
[2017.09.11-00.21.47:377][  0]LogOcInput: OculusInput pre-init called
[2017.09.11-00.21.47:927][  0]LogEngine: Initializing Engine...
[2017.09.11-00.21.47:930][  0]LogHMD: Failed to initialize OpenVR with code 110
[2017.09.11-00.21.48:412][  0]LogStats: UGameplayTagsManager::ConstructGameplayTagTree: Construct from data asset -  0.000 s
[2017.09.11-00.21.48:412][  0]LogStats: UGameplayTagsManager::ConstructGameplayTagTree: GameplayTagTreeChangedEvent.Broadcast -  0.000 s
[2017.09.11-00.21.48:718][  0]LogAIModule: Creating AISystem for world Untitled
[2017.09.11-00.21.48:739][  0]LogInit: XAudio2 using 'Speakers (Realtek High Definition Audio)' : 2 channels at 48 kHz using 32 bits per sample (channel mask 0x3)
[2017.09.11-00.21.48:756][  0]LogInit: FAudioDevice initialized.
[2017.09.11-00.21.48:894][  0]LogDerivedDataCache: Saved boot cache 0.14s 93MB C:/Users/Daniel/AppData/Local/UnrealEngine/4.17/DerivedDataCache/Boot.ddc.
[2017.09.11-00.21.48:931][  0]LogInit: Texture streaming: Enabled
[2017.09.11-00.21.49:200][  0]LogEngineSessionManager: EngineSessionManager initialized
[2017.09.11-00.21.49:663][  0]LogInit: Transaction tracking system initialized
[2017.09.11-00.21.50:368][  0]BlueprintLog: New page: Editor Load
[2017.09.11-00.21.52:353][  0]LocalizationService: Localization service is disabled
[2017.09.11-00.21.54:228][  0]LogConsoleResponse: Display: 
[2017.09.11-00.21.54:614][  0]LogCook: Display: Max memory allowance for cook 16384mb min free memory 0mb
[2017.09.11-00.21.54:614][  0]LogCook: Display: Mobile HDR setting 1
[2017.09.11-00.21.54:614][  0]LogGameplayTags: Display: UGameplayTagsManager::DoneAddingNativeTags. DelegateIsBound: 0
[2017.09.11-00.21.54:677][  0]LogFileCache: Scanning file cache for directory 'C:/Users/Daniel/Documents/Unreal Projects/Paper2DDemo/darthmaulsuncle 4.17/Content/' took 0.02s
[2017.09.11-00.21.56:856][  0]SourceControl: Source control is disabled
[2017.09.11-00.21.56:856][  0]Cmd: MAP LOAD FILE="../../../Engine/Content/Maps/Templates/Template_Default.umap" TEMPLATE=1 SHOWPROGRESS=1 FEATURELEVEL=3
[2017.09.11-00.21.56:857][  0]LightingResults: New page: Lighting Build
[2017.09.11-00.21.56:959][  0]MapCheck: New page: Map Check
[2017.09.11-00.21.56:960][  0]LightingResults: New page: Lighting Build
[2017.09.11-00.21.57:430][  0]LogAIModule: Creating AISystem for world Untitled_1
[2017.09.11-00.21.57:440][  0]LogEditorServer: Finished looking for orphan Actors (0.000 secs)
[2017.09.11-00.21.57:467][  0]Cmd: MAP CHECKDEP NOCLEARLOG
[2017.09.11-00.21.57:567][  0]MapCheck: Map check complete: 0 Error(s), 0 Warning(s), took 99.953ms to complete.
[2017.09.11-00.21.57:567][  0]LogFileHelpers: Loading map 'Template_Default' took 0.711
[2017.09.11-00.21.57:828][  0]LogCollectionManager: Loaded 0 collections in 0.002076 seconds
[2017.09.11-00.21.57:970][  0]LogFileCache: Scanning file cache for directory 'C:/Users/Daniel/Documents/Unreal Projects/Paper2DDemo/darthmaulsuncle 4.17/Saved/Collections/' took 0.01s
[2017.09.11-00.21.57:970][  0]LogFileCache: Scanning file cache for directory 'C:/Users/Daniel/Documents/Unreal Projects/Paper2DDemo/darthmaulsuncle 4.17/Content/Developers/Daniel/Collections/' took 0.01s
[2017.09.11-00.21.57:970][  0]LogFileCache: Scanning file cache for directory 'C:/Users/Daniel/Documents/Unreal Projects/Paper2DDemo/darthmaulsuncle 4.17/Content/Collections/' took 0.01s
[2017.09.11-00.21.57:970][  0]LogCollectionManager: Rebuilt the GUID cache for 0 collections in 0.000002 seconds
[2017.09.11-00.21.57:990][  0]LogContentBrowser: Native class hierarchy populated in 0.0200 seconds. Added 2386 classes and 500 folders.
[2017.09.11-00.21.58:130][  0]LogContentBrowser: Native class hierarchy updated for 'WidgetCarousel' in 0.0008 seconds. Added 0 classes and 0 folders.
[2017.09.11-00.21.58:207][  0]LogContentBrowser: Native class hierarchy updated for 'AddContentDialog' in 0.0012 seconds. Added 0 classes and 0 folders.
[2017.09.11-00.21.58:299][  0]LogContentBrowser: Native class hierarchy updated for 'SceneOutliner' in 0.0010 seconds. Added 1 classes and 2 folders.
[2017.09.11-00.22.00:149][  0]LogSlate: Took 0.000276 seconds to synchronously load lazily loaded font '../../../Engine/Content/Slate/Fonts/Roboto-Regular.ttf' (155K)
[2017.09.11-00.22.00:155][  0]LogSlate: Took 0.000694 seconds to synchronously load lazily loaded font '../../../Engine/Content/Slate/Fonts/Roboto-Bold.ttf' (160K)
[2017.09.11-00.22.00:168][  0]LogSlate: Took 0.000514 seconds to synchronously load lazily loaded font '../../../Engine/Content/Editor/Slate/Fonts/FontAwesome.ttf' (139K)
[2017.09.11-00.22.00:442][  0]LogTemp: Executing iPhonePackager certificates Engine -bundlename com.YourCompany.Paper2DDemo
[2017.09.11-00.22.00:442][  0]LogTemp: CWD: C:\Program Files\Epic Games\UE_4.17\Engine\Binaries\DotNET\IOS
[2017.09.11-00.22.00:442][  0]LogTemp: Initial Dir: C:\Program Files\Epic Games\UE_4.17
[2017.09.11-00.22.00:442][  0]LogTemp: Env CWD: C:\Program Files\Epic Games\UE_4.17\Engine\Binaries\DotNET\IOS
[2017.09.11-00.22.00:442][  0]LogTemp: BranchPath = NAIKELEA/C/Program Files/Epic Games/UE_4.17/Engine/Binaries --- GameBranchPath = NAIKELEA/C/Program Files/Epic Games/UE_4.17/Engine/Binaries
[2017.09.11-00.22.00:442][  0]LogTemp: IPP ERROR: Could not find provision directory 'C:\Users\Daniel\AppData\Local/Apple Computer/MobileDevice/Provisioning Profiles/'.
[2017.09.11-00.22.00:442][  0]LogRenderer: Reallocating scene render targets to support 1140x576 Format 9 NumSamples 1 (Frame:1).
[2017.09.11-00.22.00:841][  0]LogContentBrowser: Native class hierarchy updated for 'HierarchicalLODOutliner' in 0.0040 seconds. Added 1 classes and 2 folders.
[2017.09.11-00.22.00:842][  0]LogLoad: (Engine Initialization) Total time: 37.65 seconds
[2017.09.11-00.22.00:842][  0]LogLoad: (Engine Initialization) Total Blueprint compile time: 0.00 seconds
[2017.09.11-00.22.00:842][  0]LogExternalProfiler: Found external profiler: VSPerf
[2017.09.11-00.22.00:842][  0]LogExternalProfiler: Using external profiler: VSPerf
[2017.09.11-00.22.00:887][  0]LogContentStreaming: Texture pool size now 400 MB
[2017.09.11-00.22.00:908][  0]LogSlate: Took 0.000264 seconds to synchronously load lazily loaded font '../../../Engine/Content/Slate/Fonts/Roboto-Light.ttf' (159K)
[2017.09.11-00.22.01:096][  3]LogAssetRegistry: Asset discovery search completed in 26.3256 seconds
[2017.09.11-00.22.01:103][  3]LogCollectionManager: Rebuilt the object cache for 0 collections in 0.000002 seconds (found 0 objects)
[2017.09.11-00.22.01:104][  3]LogCollectionManager: Fixed up redirectors for 0 collections in 0.000149 seconds (updated 0 objects)
[2017.09.11-00.22.01:920][ 61]LogSlate: Took 0.000258 seconds to synchronously load lazily loaded font '../../../Engine/Content/Slate/Fonts/Roboto-Light.ttf' (159K)
[2017.09.11-00.22.06:417][399]LogSlate: Took 0.000317 seconds to synchronously load lazily loaded font '../../../Engine/Content/Slate/Fonts/Roboto-Light.ttf' (159K)
[2017.09.11-00.22.06:666][399]LogClass: Warning: Enum '/Game/SpriteTexture/Anim_States.Anim_States' was upgraded to use FText to store its display name data. Please re-save this asset to avoid issues with localization and determinstic cooking.
[2017.09.11-00.22.07:074][399]LogAIModule: Creating AISystem for world PaperGame
[2017.09.11-00.22.07:120][399]Cmd: MAP LOAD FILE="../../../../../../Users/Daniel/Documents/Unreal Projects/Paper2DDemo/darthmaulsuncle 4.17/Content/PaperGame.umap" TEMPLATE=0 SHOWPROGRESS=1 FEATURELEVEL=3
[2017.09.11-00.22.07:121][399]LightingResults: New page: Lighting Build
[2017.09.11-00.22.07:124][399]LoadErrors: New page: Loading map: PaperGame.umap
[2017.09.11-00.22.07:126][399]MapCheck: New page: Map Check
[2017.09.11-00.22.07:126][399]LightingResults: New page: Lighting Build
[2017.09.11-00.22.07:252][399]LogEditorServer: Finished looking for orphan Actors (0.000 secs)
[2017.09.11-00.22.07:325][399]Cmd: MAP CHECKDEP NOCLEARLOG
[2017.09.11-00.22.07:442][399]MapCheck: Map check complete: 0 Error(s), 0 Warning(s), took 116.646ms to complete.
[2017.09.11-00.22.07:442][399]LogFileHelpers: Loading map 'PaperGame' took 0.323
[2017.09.11-00.22.12:716][774]LogTemp: Repeating last play command: Selected Viewport
[2017.09.11-00.22.12:793][774]LogBlueprintUserMessages: Early PlayInEditor Detection: Level '/Game/PaperGame.PaperGame:PersistentLevel' has LevelScriptBlueprint '/Game/PaperGame.PaperGame:PersistentLevel.PaperGame' with GeneratedClass '/Game/PaperGame.PaperGame_C' with ClassGeneratedBy '/Game/PaperGame.PaperGame:PersistentLevel.PaperGame'
[2017.09.11-00.22.12:793][774]LogPlayLevel: PlayLevel: No blueprints needed recompiling
[2017.09.11-00.22.12:794][774]PIE: New page: PIE session: PaperGame (Sep 10, 2017, 4:22:12 PM)
[2017.09.11-00.22.12:794][774]LogPlayLevel: Creating play world package: /Game/UEDPIE_0_PaperGame
[2017.09.11-00.22.12:801][774]LogPlayLevel: PIE: StaticDuplicateObject took: (0.007364s)
[2017.09.11-00.22.12:803][774]LogAIModule: Creating AISystem for world PaperGame
[2017.09.11-00.22.12:803][774]LogPlayLevel: PIE: World Init took: (0.002019s)
[2017.09.11-00.22.12:803][774]LogPlayLevel: PIE: Created PIE world by copying editor world from /Game/PaperGame.PaperGame to /Game/UEDPIE_0_PaperGame.PaperGame (0.009833s)
[2017.09.11-00.22.12:835][774]LogInit: XAudio2 using 'Speakers (Realtek High Definition Audio)' : 2 channels at 48 kHz using 32 bits per sample (channel mask 0x3)
[2017.09.11-00.22.12:850][774]LogInit: FAudioDevice initialized.
[2017.09.11-00.22.12:906][774]LogLoad: Game class is 'PaperGameMode_C'
[2017.09.11-00.22.12:911][774]LogWorld: Bringing World /Game/UEDPIE_0_PaperGame.PaperGame up for play (max tick rate 0) at 2017.09.10-20.22.12
[2017.09.11-00.22.12:917][774]LogWorld: Bringing up level for play took: 0.009575
[2017.09.11-00.22.12:918][774]LogSpawn: Warning: SpawnActor failed because no class was specified
[2017.09.11-00.22.12:996][774]LogContentBrowser: Native class hierarchy updated for 'MovieSceneCapture' in 0.0009 seconds. Added 11 classes and 0 folders.
[2017.09.11-00.22.12:997][774]LogGameMode: Display: Match State Changed from EnteringMap to WaitingToStart
[2017.09.11-00.22.12:997][774]LogGameState: Match State Changed from EnteringMap to WaitingToStart
[2017.09.11-00.22.12:997][774]LogGameMode: Display: Match State Changed from WaitingToStart to InProgress
[2017.09.11-00.22.13:001][774]LogGameState: Match State Changed from WaitingToStart to InProgress
[2017.09.11-00.22.13:002][774]PIE: Play in editor start time for /Game/UEDPIE_0_PaperGame -0.245
[2017.09.11-00.22.13:003][774]LogBlueprintUserMessages: Late PlayInEditor Detection: Level '/Game/PaperGame.PaperGame:PersistentLevel' has LevelScriptBlueprint '/Game/PaperGame.PaperGame:PersistentLevel.PaperGame' with GeneratedClass '/Game/PaperGame.PaperGame_C' with ClassGeneratedBy '/Game/PaperGame.PaperGame:PersistentLevel.PaperGame'
[2017.09.11-00.22.15:540][943]LogGameMode: Display: Match State Changed from InProgress to LeavingMap
[2017.09.11-00.22.15:540][943]LogGameState: Match State Changed from InProgress to LeavingMap
[2017.09.11-00.22.15:540][943]LogNet: Browse: /Game/PaperGame
[2017.09.11-00.22.15:543][943]LogLoad: LoadMap: /Game/PaperGame
[2017.09.11-00.22.15:571][943]Cmd: MEM
[2017.09.11-00.22.15:596][943]LogMemory: Platform Memory Stats for Windows
[2017.09.11-00.22.15:596][943]LogMemory: Process Physical Memory: 1038.43 MB used, 1246.66 MB peak
[2017.09.11-00.22.15:596][943]LogMemory: Process Virtual Memory: 1537.92 MB used, 1572.37 MB peak
[2017.09.11-00.22.15:596][943]LogMemory: Physical Memory: 5371.59 MB used,  2759.68 MB free, 8131.27 MB total
[2017.09.11-00.22.15:596][943]LogMemory: Virtual Memory: 2273.05 MB used,  2759.68 MB free, 134217728.00 MB total
[2017.09.11-00.22.15:596][943]LogMemory: 
[2017.09.11-00.22.15:596][943]Allocator Stats for TBB: (not implemented)
[2017.09.11-00.22.15:596][943]LogPlayLevel: Creating play world package: /Game/UEDPIE_0_PaperGame
[2017.09.11-00.22.15:602][943]LogPlayLevel: PIE: StaticDuplicateObject took: (0.005349s)
[2017.09.11-00.22.15:603][943]LogAIModule: Creating AISystem for world PaperGame
[2017.09.11-00.22.15:603][943]LogPlayLevel: PIE: World Init took: (0.001454s)
[2017.09.11-00.22.15:603][943]LogPlayLevel: PIE: Created PIE world by copying editor world from /Game/PaperGame.PaperGame to /Game/UEDPIE_0_PaperGame.PaperGame (0.007245s)
[2017.09.11-00.22.15:603][943]LogLoad: Game class is 'PaperGameMode_C'
[2017.09.11-00.22.15:608][943]LogWorld: Bringing World /Game/UEDPIE_0_PaperGame.PaperGame up for play (max tick rate 0) at 2017.09.10-20.22.15
[2017.09.11-00.22.15:611][943]LogWorld: Bringing up level for play took: 0.006664
[2017.09.11-00.22.15:612][943]LogSpawn: Warning: SpawnActor failed because no class was specified
[2017.09.11-00.22.15:612][943]LogGameMode: Display: Match State Changed from EnteringMap to WaitingToStart
[2017.09.11-00.22.15:612][943]LogGameState: Match State Changed from EnteringMap to WaitingToStart
[2017.09.11-00.22.15:612][943]LogGameMode: Display: Match State Changed from WaitingToStart to InProgress
[2017.09.11-00.22.15:615][943]LogGameState: Match State Changed from WaitingToStart to InProgress
[2017.09.11-00.22.15:615][943]LogLoad: Took 0.071380 seconds to LoadMap(/Game/UEDPIE_0_PaperGame)
[2017.09.11-00.22.17:888][101]LogBlueprintUserMessages: Early EndPlayMap Detection: Level '/Game/PaperGame.PaperGame:PersistentLevel' has LevelScriptBlueprint '/Game/PaperGame.PaperGame:PersistentLevel.PaperGame' with GeneratedClass '/Game/PaperGame.PaperGame_C' with ClassGeneratedBy '/Game/PaperGame.PaperGame:PersistentLevel.PaperGame'
[2017.09.11-00.22.17:926][101]LogBlueprintUserMessages: Late EndPlayMap Detection: Level '/Game/PaperGame.PaperGame:PersistentLevel' has LevelScriptBlueprint '/Game/PaperGame.PaperGame:PersistentLevel.PaperGame' with GeneratedClass '/Game/PaperGame.PaperGame_C' with ClassGeneratedBy '/Game/PaperGame.PaperGame:PersistentLevel.PaperGame'
[2017.09.11-00.22.21:330][259]LogContentBrowser: Native class hierarchy updated for 'BlueprintGraph' in 0.0020 seconds. Added 113 classes and 0 folders.
[2017.09.11-00.22.22:724][259]LogSlate: Took 0.000490 seconds to synchronously load lazily loaded font '../../../Engine/Content/Editor/Slate/Fonts/Roboto-BoldCondensed.ttf' (158K)
[2017.09.11-00.22.22:791][260]LogSlate: Took 0.000367 seconds to synchronously load lazily loaded font '../../../Engine/Content/Editor/Slate/Fonts/Roboto-Italic.ttf' (157K)
[2017.09.11-00.22.35:154][502]BlueprintLog: New page: Compile PaperGame
[2017.09.11-00.22.36:991][657]LogTemp: Repeating last play command: Selected Viewport
[2017.09.11-00.22.37:027][657]LogBlueprintUserMessages: Early PlayInEditor Detection: Level '/Game/PaperGame.PaperGame:PersistentLevel' has LevelScriptBlueprint '/Game/PaperGame.PaperGame:PersistentLevel.PaperGame' with GeneratedClass '/Game/PaperGame.PaperGame_C' with ClassGeneratedBy '/Game/PaperGame.PaperGame:PersistentLevel.PaperGame'
[2017.09.11-00.22.37:027][657]LogPlayLevel: PlayLevel: No blueprints needed recompiling
[2017.09.11-00.22.37:027][657]PIE: New page: PIE session: PaperGame (Sep 10, 2017, 4:22:37 PM)
[2017.09.11-00.22.37:027][657]LogPlayLevel: Creating play world package: /Game/UEDPIE_0_PaperGame
[2017.09.11-00.22.37:034][657]LogPlayLevel: PIE: StaticDuplicateObject took: (0.007299s)
[2017.09.11-00.22.37:038][657]LogAIModule: Creating AISystem for world PaperGame
[2017.09.11-00.22.37:039][657]LogPlayLevel: PIE: World Init took: (0.004129s)
[2017.09.11-00.22.37:039][657]LogPlayLevel: PIE: Created PIE world by copying editor world from /Game/PaperGame.PaperGame to /Game/UEDPIE_0_PaperGame.PaperGame (0.012340s)
[2017.09.11-00.22.37:086][657]LogInit: XAudio2 using 'Speakers (Realtek High Definition Audio)' : 2 channels at 48 kHz using 32 bits per sample (channel mask 0x3)
[2017.09.11-00.22.37:111][657]LogInit: FAudioDevice initialized.
[2017.09.11-00.22.37:149][657]LogLoad: Game class is 'PaperGameMode_C'
[2017.09.11-00.22.37:155][657]LogWorld: Bringing World /Game/UEDPIE_0_PaperGame.PaperGame up for play (max tick rate 0) at 2017.09.10-20.22.37
[2017.09.11-00.22.37:161][657]LogWorld: Bringing up level for play took: 0.010787
[2017.09.11-00.22.37:162][657]LogSpawn: Warning: SpawnActor failed because no class was specified
[2017.09.11-00.22.37:163][657]LogGameMode: Display: Match State Changed from EnteringMap to WaitingToStart
[2017.09.11-00.22.37:163][657]LogGameState: Match State Changed from EnteringMap to WaitingToStart
[2017.09.11-00.22.37:163][657]LogGameMode: Display: Match State Changed from WaitingToStart to InProgress
[2017.09.11-00.22.37:165][657]LogGameState: Match State Changed from WaitingToStart to InProgress
[2017.09.11-00.22.37:165][657]PIE: Play in editor start time for /Game/UEDPIE_0_PaperGame -0.081
[2017.09.11-00.22.37:165][657]LogBlueprintUserMessages: Late PlayInEditor Detection: Level '/Game/PaperGame.PaperGame:PersistentLevel' has LevelScriptBlueprint '/Game/PaperGame.PaperGame:PersistentLevel.PaperGame' with GeneratedClass '/Game/PaperGame.PaperGame_C' with ClassGeneratedBy '/Game/PaperGame.PaperGame:PersistentLevel.PaperGame'
[2017.09.11-00.22.45:827][251]LogBlueprintUserMessages: Early EndPlayMap Detection: Level '/Game/PaperGame.PaperGame:PersistentLevel' has LevelScriptBlueprint '/Game/PaperGame.PaperGame:PersistentLevel.PaperGame' with GeneratedClass '/Game/PaperGame.PaperGame_C' with ClassGeneratedBy '/Game/PaperGame.PaperGame:PersistentLevel.PaperGame'
[2017.09.11-00.22.45:873][251]LogBlueprintUserMessages: Late EndPlayMap Detection: Level '/Game/PaperGame.PaperGame:PersistentLevel' has LevelScriptBlueprint '/Game/PaperGame.PaperGame:PersistentLevel.PaperGame' with GeneratedClass '/Game/PaperGame.PaperGame_C' with ClassGeneratedBy '/Game/PaperGame.PaperGame:PersistentLevel.PaperGame'
[2017.09.11-00.22.49:548][356]LogSavePackage: Save=152.11ms
[2017.09.11-00.22.49:548][356]LogSavePackage: Moving '../../../../../../Users/Daniel/Documents/Unreal Projects/Paper2DDemo/darthmaulsuncle 4.17/Saved/PaperGameD1F73A6448997480F62763AAB4B543CF.tmp' to '../../../../../../Users/Daniel/Documents/Unreal Projects/Paper2DDemo/darthmaulsuncle 4.17/Content/PaperGame.umap'
[2017.09.11-00.22.49:557][356]LogSavePackage: Display: Finished SavePackage ../../../../../../Users/Daniel/Documents/Unreal Projects/Paper2DDemo/darthmaulsuncle 4.17/Content/PaperGame.umap
[2017.09.11-00.22.49:608][356]LogFileHelpers: Saving map 'PaperGame' took 0.387
[2017.09.11-00.22.49:793][356]LogWindowsTextInputMethodSystem: Display: IME system now deactivated.
[2017.09.11-00.22.50:093][357]Cmd: QUIT_EDITOR
[2017.09.11-00.22.50:559][357]LogExit: Preparing to exit.
[2017.09.11-00.22.51:558][357]LogDirectoryWatcher: A directory notification for 'C:/Users/Daniel/Documents/Unreal Projects/Paper2DDemo/darthmaulsuncle 4.17/Content/' was aborted.
[2017.09.11-00.22.51:630][357]LogExit: Editor shut down
[2017.09.11-00.22.51:643][357]LogExit: Transaction tracking system shut down
[2017.09.11-00.22.51:961][357]LogDirectoryWatcher: A directory notification for '../../../Engine/Content/' was aborted.
[2017.09.11-00.22.51:961][357]LogDirectoryWatcher: A directory notification for '../../../../../../Users/Daniel/Documents/Unreal Projects/Paper2DDemo/darthmaulsuncle 4.17/Content/' was aborted.
[2017.09.11-00.22.51:962][357]LogDirectoryWatcher: A directory notification for '../../../Engine/Plugins/2D/Paper2D/Content/' was aborted.
[2017.09.11-00.22.51:963][357]LogDirectoryWatcher: A directory notification for '../../../Engine/Plugins/Runtime/Oculus/OculusVR/Content/' was aborted.
[2017.09.11-00.22.51:963][357]LogDirectoryWatcher: A directory notification for '../../../Engine/Plugins/Runtime/Steam/SteamVR/Content/' was aborted.
[2017.09.11-00.22.52:152][357]LogExit: Object subsystem successfully closed.
[2017.09.11-00.22.52:185][357]LogD3D11RHI: Shutdown
[2017.09.11-00.22.52:185][357]LogD3D11RHI: CleanupD3DDevice
[2017.09.11-00.22.52:326][357]LogD3D11RHI: ~FD3D11DynamicRHI
[2017.09.11-00.22.52:368][357]LogModuleManager: Shutting down and abandoning module BlueprintGraph (538)
[2017.09.11-00.22.52:368][357]LogModuleManager: Shutting down and abandoning module BlueprintProfiler (536)
[2017.09.11-00.22.52:369][357]LogModuleManager: Shutting down and abandoning module MovieSceneCapture (534)
[2017.09.11-00.22.52:369][357]LogModuleManager: Shutting down and abandoning module HierarchicalLODOutliner (532)
[2017.09.11-00.22.52:369][357]LogModuleManager: Shutting down and abandoning module ExternalImagePicker (530)
[2017.09.11-00.22.52:369][357]LogModuleManager: Shutting down and abandoning module SceneOutliner (528)
[2017.09.11-00.22.52:369][357]LogModuleManager: Shutting down and abandoning module AddContentDialog (526)
[2017.09.11-00.22.52:370][357]LogDirectoryWatcher: A directory notification for 'C:/Program Files/Epic Games/UE_4.17/FeaturePacks/' was aborted.
[2017.09.11-00.22.52:372][357]LogModuleManager: Shutting down and abandoning module WidgetCarousel (525)
[2017.09.11-00.22.52:373][357]LogModuleManager: Shutting down and abandoning module EditorWidgets (522)
[2017.09.11-00.22.52:373][357]LogModuleManager: Shutting down and abandoning module CollectionManager (520)
[2017.09.11-00.22.52:373][357]LogDirectoryWatcher: A directory notification for 'C:/Users/Daniel/Documents/Unreal Projects/Paper2DDemo/darthmaulsuncle 4.17/Content/Collections/' was aborted.
[2017.09.11-00.22.52:373][357]LogDirectoryWatcher: A directory notification for 'C:/Users/Daniel/Documents/Unreal Projects/Paper2DDemo/darthmaulsuncle 4.17/Content/Developers/Daniel/Collections/' was aborted.
[2017.09.11-00.22.52:373][357]LogDirectoryWatcher: A directory notification for 'C:/Users/Daniel/Documents/Unreal Projects/Paper2DDemo/darthmaulsuncle 4.17/Saved/Collections/' was aborted.
[2017.09.11-00.22.52:373][357]LogModuleManager: Shutting down and abandoning module StatsViewer (518)
[2017.09.11-00.22.52:373][357]LogModuleManager: Shutting down and abandoning module FoliageEdit (516)
[2017.09.11-00.22.52:373][357]LogModuleManager: Shutting down and abandoning module LandscapeEditor (514)
[2017.09.11-00.22.52:373][357]LogModuleManager: Shutting down and abandoning module MeshPaintMode (512)
[2017.09.11-00.22.52:373][357]LogModuleManager: Shutting down and abandoning module SceneDepthPickerMode (510)
[2017.09.11-00.22.52:373][357]LogModuleManager: Shutting down and abandoning module ActorPickerMode (508)
[2017.09.11-00.22.52:373][357]LogModuleManager: Shutting down and abandoning module GeometryMode (506)
[2017.09.11-00.22.52:373][357]LogModuleManager: Shutting down and abandoning module TextureAlignMode (504)
[2017.09.11-00.22.52:374][357]LogModuleManager: Shutting down and abandoning module BspMode (502)
[2017.09.11-00.22.52:374][357]LogModuleManager: Shutting down and abandoning module PIEPreviewDeviceProfileSelector (500)
[2017.09.11-00.22.52:374][357]LogModuleManager: Shutting down and abandoning module HardwareSurvey (498)
[2017.09.11-00.22.52:374][357]LogModuleManager: Shutting down and abandoning module SequenceRecorderSections (496)
[2017.09.11-00.22.52:374][357]LogModuleManager: Shutting down and abandoning module AutomationWorker (494)
[2017.09.11-00.22.52:374][357]LogModuleManager: Shutting down and abandoning module MatineeToLevelSequence (492)
[2017.09.11-00.22.52:374][357]LogModuleManager: Shutting down and abandoning module LevelSequenceEditor (490)
[2017.09.11-00.22.52:374][357]LogModuleManager: Shutting down and abandoning module PlacementMode (489)
[2017.09.11-00.22.52:374][357]LogModuleManager: Shutting down and abandoning module WmfMediaFactory (486)
[2017.09.11-00.22.52:374][357]LogModuleManager: Shutting down and abandoning module WmfMediaEditor (484)
[2017.09.11-00.22.52:374][357]LogModuleManager: Shutting down and abandoning module AvfMediaFactory (482)
[2017.09.11-00.22.52:374][357]LogModuleManager: Shutting down and abandoning module AvfMediaEditor (480)
[2017.09.11-00.22.52:374][357]LogModuleManager: Shutting down and abandoning module AndroidMediaFactory (478)
[2017.09.11-00.22.52:374][357]LogModuleManager: Shutting down and abandoning module Media (477)
[2017.09.11-00.22.52:374][357]LogModuleManager: Shutting down and abandoning module AndroidMediaEditor (474)
[2017.09.11-00.22.52:374][357]LogModuleManager: Shutting down and abandoning module CharacterAI (472)
[2017.09.11-00.22.52:374][357]LogModuleManager: Shutting down and abandoning module AudioCapture (470)
[2017.09.11-00.22.52:375][357]LogModuleManager: Shutting down and abandoning module SequenceRecorder (469)
[2017.09.11-00.22.52:375][357]LogModuleManager: Shutting down and abandoning module SmartSnapping (466)
[2017.09.11-00.22.52:375][357]LogModuleManager: Shutting down and abandoning module SessionServices (464)
[2017.09.11-00.22.52:375][357]LogModuleManager: Shutting down and abandoning module ViewportSnapping (462)
[2017.09.11-00.22.52:375][357]LogModuleManager: Shutting down and abandoning module ViewportInteraction (460)
[2017.09.11-00.22.52:375][357]LogModuleManager: Shutting down and abandoning module ClothPainter (458)
[2017.09.11-00.22.52:376][357]LogModuleManager: Shutting down and abandoning module LogVisualizer (456)
[2017.09.11-00.22.52:378][357]LogModuleManager: Shutting down and abandoning module IntroTutorials (454)
[2017.09.11-00.22.52:378][357]LogModuleManager: Shutting down and abandoning module GameProjectGeneration (453)
[2017.09.11-00.22.52:378][357]LogModuleManager: Shutting down and abandoning module IOSPlatformEditor (450)
[2017.09.11-00.22.52:378][357]LogModuleManager: Shutting down and abandoning module HTML5PlatformEditor (448)
[2017.09.11-00.22.52:378][357]LogModuleManager: Shutting down and abandoning module AndroidPlatformEditor (446)
[2017.09.11-00.22.52:378][357]LogModuleManager: Shutting down and abandoning module AndroidDeviceDetection (445)
[2017.09.11-00.22.53:180][357]LogModuleManager: Shutting down and abandoning module WindowsPlatformEditor (442)
[2017.09.11-00.22.53:180][357]LogModuleManager: Shutting down and abandoning module IOSRuntimeSettings (440)
[2017.09.11-00.22.53:181][357]LogModuleManager: Shutting down and abandoning module AndroidRuntimeSettings (438)
[2017.09.11-00.22.53:181][357]LogModuleManager: Shutting down and abandoning module InputBindingEditor (436)
[2017.09.11-00.22.53:181][357]LogModuleManager: Shutting down and abandoning module MergeActors (434)
[2017.09.11-00.22.53:181][357]LogModuleManager: Shutting down and abandoning module SizeMap (432)
[2017.09.11-00.22.53:183][357]LogModuleManager: Shutting down and abandoning module TreeMap (430)
[2017.09.11-00.22.53:183][357]LogModuleManager: Shutting down and abandoning module ReferenceViewer (428)
[2017.09.11-00.22.53:183][357]LogModuleManager: Shutting down and abandoning module LocalizationDashboard (426)
[2017.09.11-00.22.53:183][357]LogModuleManager: Shutting down and abandoning module LocalizationService (425)
[2017.09.11-00.22.53:183][357]LogModuleManager: Shutting down and abandoning module HardwareTargeting (422)
[2017.09.11-00.22.53:183][357]LogModuleManager: Shutting down and abandoning module DeviceProfileEditor (420)
[2017.09.11-00.22.53:183][357]LogModuleManager: Shutting down and abandoning module UndoHistory (418)
[2017.09.11-00.22.53:183][357]LogModuleManager: Shutting down and abandoning module XmlParser (416)
[2017.09.11-00.22.53:183][357]LogModuleManager: Shutting down and abandoning module Blutility (414)
[2017.09.11-00.22.53:183][357]LogModuleManager: Shutting down and abandoning module ProjectSettingsViewer (412)
[2017.09.11-00.22.53:183][357]LogModuleManager: Shutting down and abandoning module ProjectTargetPlatformEditor (411)
[2017.09.11-00.22.53:183][357]LogModuleManager: Shutting down and abandoning module EditorSettingsViewer (408)
[2017.09.11-00.22.53:184][357]LogModuleManager: Shutting down and abandoning module SettingsEditor (406)
[2017.09.11-00.22.53:184][357]LogModuleManager: Shutting down and abandoning module ProjectLauncher (404)
[2017.09.11-00.22.53:184][357]LogModuleManager: Shutting down and abandoning module SessionFrontend (402)
[2017.09.11-00.22.53:184][357]LogModuleManager: Shutting down and abandoning module ProfilerClient (400)
[2017.09.11-00.22.53:184][357]LogModuleManager: Shutting down and abandoning module DeviceManager (398)
[2017.09.11-00.22.53:184][357]LogModuleManager: Shutting down and abandoning module TargetDeviceServices (397)
[2017.09.11-00.22.53:228][357]LogModuleManager: Shutting down and abandoning module AutomationController (394)
[2017.09.11-00.22.53:228][357]LogModuleManager: Shutting down and abandoning module AutomationWindow (392)
[2017.09.11-00.22.53:228][357]LogModuleManager: Shutting down and abandoning module Layers (390)
[2017.09.11-00.22.53:228][357]LogModuleManager: Shutting down and abandoning module ComponentVisualizers (388)
[2017.09.11-00.22.53:228][357]LogModuleManager: Shutting down and abandoning module DetailCustomizations (386)
[2017.09.11-00.22.53:228][357]LogModuleManager: Shutting down and abandoning module PackagesDialog (384)
[2017.09.11-00.22.53:228][357]LogModuleManager: Shutting down and abandoning module Persona (382)
[2017.09.11-00.22.53:228][357]LogModuleManager: Shutting down and abandoning module AdvancedPreviewScene (381)
[2017.09.11-00.22.53:228][357]LogModuleManager: Shutting down and abandoning module AnimGraph (379)
[2017.09.11-00.22.53:228][357]LogModuleManager: Shutting down and abandoning module Kismet (376)
[2017.09.11-00.22.53:240][357]LogModuleManager: Shutting down and abandoning module ClassViewer (374)
[2017.09.11-00.22.53:240][357]LogModuleManager: Shutting down and abandoning module Toolbox (372)
[2017.09.11-00.22.53:240][357]LogModuleManager: Shutting down and abandoning module ModuleUI (370)
[2017.09.11-00.22.53:241][357]LogModuleManager: Shutting down and abandoning module MovieSceneTools (368)
[2017.09.11-00.22.53:241][357]LogModuleManager: Shutting down and abandoning module OutputLog (366)
[2017.09.11-00.22.53:241][357]LogModuleManager: Shutting down and abandoning module GammaUI (364)
[2017.09.11-00.22.53:241][357]LogModuleManager: Shutting down and abandoning module Documentation (362)
[2017.09.11-00.22.53:241][357]LogModuleManager: Shutting down and abandoning module MovieSceneTracks (360)
[2017.09.11-00.22.53:241][357]LogModuleManager: Shutting down and abandoning module MovieScene (358)
[2017.09.11-00.22.53:241][357]LogModuleManager: Shutting down and abandoning module Niagara (356)
[2017.09.11-00.22.53:241][357]LogModuleManager: Shutting down and abandoning module NiagaraEditor (355)
[2017.09.11-00.22.53:241][357]LogModuleManager: Shutting down and abandoning module StreamingPauseRendering (352)
[2017.09.11-00.22.53:241][357]LogModuleManager: Shutting down and abandoning module LauncherPlatform (350)
[2017.09.11-00.22.53:241][357]LogModuleManager: Shutting down and abandoning module AnalyticsET (348)
[2017.09.11-00.22.53:241][357]LogModuleManager: Shutting down and abandoning module PortalServices (346)
[2017.09.11-00.22.53:241][357]LogModuleManager: Shutting down and abandoning module PortalRpc (344)
[2017.09.11-00.22.53:241][357]LogModuleManager: Shutting down and abandoning module MessagingRpc (342)
[2017.09.11-00.22.53:241][357]LogModuleManager: Shutting down and abandoning module AIModule (340)
[2017.09.11-00.22.53:241][357]LogModuleManager: Shutting down and abandoning module GameplayDebugger (339)
[2017.09.11-00.22.53:241][357]LogModuleManager: Shutting down and abandoning module AITestSuite (337)
[2017.09.11-00.22.53:244][357]LogModuleManager: Shutting down and abandoning module ProfilerService (334)
[2017.09.11-00.22.53:349][357]LogModuleManager: Shutting down and abandoning module TaskGraph (332)
[2017.09.11-00.22.53:350][357]LogModuleManager: Shutting down and abandoning module SteamVRController (330)
[2017.09.11-00.22.53:350][357]LogModuleManager: Shutting down and abandoning module ProceduralMeshComponentEditor (328)
[2017.09.11-00.22.53:350][357]LogModuleManager: Shutting down and abandoning module ProceduralMeshComponent (326)
[2017.09.11-00.22.53:350][357]LogModuleManager: Shutting down and abandoning module OculusInput (324)
[2017.09.11-00.22.53:350][357]LogModuleManager: Shutting down and abandoning module MobilePatchingUtils (322)
[2017.09.11-00.22.53:350][357]LogModuleManager: Shutting down and abandoning module CustomMeshComponent (320)
[2017.09.11-00.22.53:351][357]LogModuleManager: Shutting down and abandoning module CableComponent (318)
[2017.09.11-00.22.53:351][357]LogModuleManager: Shutting down and abandoning module ArchVisCharacter (316)
[2017.09.11-00.22.53:351][357]LogModuleManager: Shutting down and abandoning module AndroidPermission (314)
[2017.09.11-00.22.53:351][357]LogModuleManager: Shutting down and abandoning module MediaPlayerEditor (310)
[2017.09.11-00.22.53:351][357]LogModuleManager: Shutting down and abandoning module HTML5Networking (308)
[2017.09.11-00.22.53:352][357]LogModuleManager: Shutting down and abandoning module AlembicImporter (306)
[2017.09.11-00.22.53:352][357]LogModuleManager: Shutting down and abandoning module AlembicLibrary (305)
[2017.09.11-00.22.53:352][357]LogModuleManager: Shutting down and abandoning module GeometryCache (304)
[2017.09.11-00.22.53:352][357]LogModuleManager: Shutting down and abandoning module GeometryCacheEd (303)
[2017.09.11-00.22.53:352][357]LogModuleManager: Shutting down and abandoning module SpeedTreeImporter (298)
[2017.09.11-00.22.53:352][357]LogModuleManager: Shutting down and abandoning module PluginBrowser (296)
[2017.09.11-00.22.53:353][357]LogModuleManager: Shutting down and abandoning module MobileLauncherProfileWizard (294)
[2017.09.11-00.22.53:353][357]LogModuleManager: Shutting down and abandoning module VisualStudioSourceCodeAccess (292)
[2017.09.11-00.22.53:353][357]LogModuleManager: Shutting down and abandoning module DesktopPlatform (291)
[2017.09.11-00.22.53:353][357]LogModuleManager: Shutting down and abandoning module UObjectPlugin (288)
[2017.09.11-00.22.53:353][357]LogModuleManager: Shutting down and abandoning module SubversionSourceControl (286)
[2017.09.11-00.22.53:353][357]LogModuleManager: Shutting down and abandoning module PerforceSourceControl (284)
[2017.09.11-00.22.53:353][357]LogModuleManager: Shutting down and abandoning module GitSourceControl (282)
[2017.09.11-00.22.53:353][357]LogModuleManager: Shutting down and abandoning module SourceControl (281)
[2017.09.11-00.22.53:353][357]LogModuleManager: Shutting down and abandoning module LightPropagationVolumeEditor (278)
[2017.09.11-00.22.53:353][357]LogModuleManager: Shutting down and abandoning module PaperTiledImporter (276)
[2017.09.11-00.22.53:353][357]LogModuleManager: Shutting down and abandoning module PaperSpriteSheetImporter (274)
[2017.09.11-00.22.53:353][357]LogModuleManager: Shutting down and abandoning module Paper2DEditor (272)
[2017.09.11-00.22.53:353][357]LogModuleManager: Shutting down and abandoning module MeshPaint (271)
[2017.09.11-00.22.53:353][357]LogModuleManager: Shutting down and abandoning module LevelEditor (269)
[2017.09.11-00.22.53:354][357]LogModuleManager: Shutting down and abandoning module PixelInspectorModule (268)
[2017.09.11-00.22.53:354][357]LogModuleManager: Shutting down and abandoning module MainFrame (266)
[2017.09.11-00.22.53:355][357]LogModuleManager: Shutting down and abandoning module HotReload (265)
[2017.09.11-00.22.53:355][357]LogModuleManager: Shutting down and abandoning module RuntimePhysXCooking (260)
[2017.09.11-00.22.53:355][357]LogModuleManager: Shutting down and abandoning module PhysXVehiclesEditor (258)
[2017.09.11-00.22.53:355][357]LogModuleManager: Shutting down and abandoning module PhysXVehicles (256)
[2017.09.11-00.22.53:355][357]LogModuleManager: Shutting down and abandoning module OculusEditor (254)
[2017.09.11-00.22.53:355][357]LogModuleManager: Shutting down and abandoning module LocationServicesBPLibrary (252)
[2017.09.11-00.22.53:355][357]LogModuleManager: Shutting down and abandoning module ImmediatePhysicsEditor (250)
[2017.09.11-00.22.53:355][357]LogModuleManager: Shutting down and abandoning module ImmediatePhysics (248)
[2017.09.11-00.22.53:355][357]LogModuleManager: Shutting down and abandoning module UdpMessaging (246)
[2017.09.11-00.22.53:456][357]LogModuleManager: Shutting down and abandoning module TcpMessaging (244)
[2017.09.11-00.22.53:557][357]LogModuleManager: Shutting down and abandoning module GameplayTagsEditor (242)
[2017.09.11-00.22.53:557][357]LogModuleManager: Shutting down and abandoning module FacialAnimationEditor (240)
[2017.09.11-00.22.53:557][357]LogModuleManager: Shutting down and abandoning module FacialAnimation (238)
[2017.09.11-00.22.53:557][357]LogModuleManager: Shutting down and abandoning module AssetManagerEditor (236)
[2017.09.11-00.22.53:558][357]LogModuleManager: Shutting down and abandoning module GraphEditor (235)
[2017.09.11-00.22.53:558][357]LogModuleManager: Shutting down and abandoning module ContentBrowser (233)
[2017.09.11-00.22.53:559][357]LogModuleManager: Shutting down and abandoning module LightPropagationVolumeRuntime (230)
[2017.09.11-00.22.53:560][357]LogModuleManager: Shutting down and abandoning module Paper2D (228)
[2017.09.11-00.22.53:560][357]LogModuleManager: Shutting down and abandoning module WindowsMoviePlayer (226)
[2017.09.11-00.22.53:560][357]LogModuleManager: Shutting down and abandoning module WmfMedia (224)
[2017.09.11-00.22.53:560][357]LogModuleManager: Shutting down and abandoning module PacketHandler (222)
[2017.09.11-00.22.53:560][357]LogModuleManager: Shutting down and abandoning module ClothingSystemEditor (220)
[2017.09.11-00.22.53:560][357]LogModuleManager: Shutting down and abandoning module ClothingSystemRuntime (218)
[2017.09.11-00.22.53:560][357]LogModuleManager: Shutting down and abandoning module Overlay (216)
[2017.09.11-00.22.53:560][357]LogModuleManager: Shutting down and abandoning module OverlayEditor (215)
[2017.09.11-00.22.53:560][357]LogModuleManager: Shutting down and abandoning module MediaAssets (212)
[2017.09.11-00.22.53:560][357]LogModuleManager: Shutting down and abandoning module VREditor (210)
[2017.09.11-00.22.53:560][357]LogModuleManager: Shutting down and abandoning module StringTableEditor (208)
[2017.09.11-00.22.53:560][357]LogModuleManager: Shutting down and abandoning module GameplayTasksEditor (206)
[2017.09.11-00.22.53:560][357]LogModuleManager: Shutting down and abandoning module BehaviorTreeEditor (204)
[2017.09.11-00.22.53:560][357]LogModuleManager: Shutting down and abandoning module FunctionalTesting (202)
[2017.09.11-00.22.53:560][357]LogModuleManager: Shutting down and abandoning module CollisionAnalyzer (200)
[2017.09.11-00.22.53:560][357]LogModuleManager: Shutting down and abandoning module WorkspaceMenuStructure (199)
[2017.09.11-00.22.53:560][357]LogModuleManager: Shutting down and abandoning module UMG (196)
[2017.09.11-00.22.53:560][357]LogModuleManager: Shutting down and abandoning module UMGEditor (195)
[2017.09.11-00.22.53:560][357]LogModuleManager: Shutting down and abandoning module Sequencer (194)
[2017.09.11-00.22.53:560][357]LogModuleManager: Shutting down and abandoning module MessageLog (191)
[2017.09.11-00.22.53:560][357]LogModuleManager: Shutting down and abandoning module SlateReflector (186)
[2017.09.11-00.22.53:561][357]LogModuleManager: Shutting down and abandoning module Slate (184)
[2017.09.11-00.22.53:561][357]LogModuleManager: Shutting down and abandoning module EditorStyle (182)
[2017.09.11-00.22.53:565][357]LogModuleManager: Shutting down and abandoning module MRMesh (180)
[2017.09.11-00.22.53:565][357]LogModuleManager: Shutting down and abandoning module SourceCodeAccess (178)
[2017.09.11-00.22.53:565][357]LogModuleManager: Shutting down and abandoning module HeadMountedDisplay (176)
[2017.09.11-00.22.53:565][357]LogModuleManager: Shutting down and abandoning module XAudio2 (174)
[2017.09.11-00.22.53:565][357]LogModuleManager: Shutting down and abandoning module Networking (172)
[2017.09.11-00.22.53:565][357]LogModuleManager: Shutting down and abandoning module Core (168)
[2017.09.11-00.22.53:565][357]LogModuleManager: Shutting down and abandoning module KismetCompiler (164)
[2017.09.11-00.22.53:565][357]LogModuleManager: Shutting down and abandoning module LevelSequence (162)
[2017.09.11-00.22.53:565][357]LogModuleManager: Shutting down and abandoning module MeshUtilities (160)
[2017.09.11-00.22.53:565][357]LogModuleManager: Shutting down and abandoning module MeshMergeUtilities (159)
[2017.09.11-00.22.53:565][357]LogModuleManager: Shutting down and abandoning module MeshReductionInterface (158)
[2017.09.11-00.22.53:565][357]LogModuleManager: Shutting down and abandoning module SimplygonSwarm (157)
[2017.09.11-00.22.53:565][357]LogModuleManager: Shutting down and abandoning module SimplygonMeshReduction (155)
[2017.09.11-00.22.53:566][357]LogModuleManager: Shutting down and abandoning module QuadricMeshReduction (153)
[2017.09.11-00.22.53:566][357]LogModuleManager: Shutting down and abandoning module MaterialBaking (149)
[2017.09.11-00.22.53:566][357]LogModuleManager: Shutting down and abandoning module DirectoryWatcher (146)
[2017.09.11-00.22.53:567][357]LogModuleManager: Shutting down and abandoning module DerivedDataCache (144)
[2017.09.11-00.22.53:803][357]LogDerivedDataCache: Shutdown
[2017.09.11-00.22.53:803][357]LogModuleManager: Shutting down and abandoning module TargetPlatform (142)
[2017.09.11-00.22.53:803][357]LogModuleManager: Shutting down and abandoning module VulkanShaderFormat (141)
[2017.09.11-00.22.53:803][357]LogModuleManager: Shutting down and abandoning module ShaderFormatVectorVM (139)
[2017.09.11-00.22.53:804][357]LogModuleManager: Shutting down and abandoning module ShaderFormatOpenGL (137)
[2017.09.11-00.22.53:804][357]LogModuleManager: Shutting down and abandoning module ShaderFormatD3D (135)
[2017.09.11-00.22.53:804][357]LogModuleManager: Shutting down and abandoning module MetalShaderFormat (133)
[2017.09.11-00.22.53:804][357]LogModuleManager: Shutting down and abandoning module TextureFormatUncompressed (131)
[2017.09.11-00.22.53:804][357]LogModuleManager: Shutting down and abandoning module TextureFormatPVR (129)
[2017.09.11-00.22.53:804][357]LogModuleManager: Shutting down and abandoning module TextureFormatDXT (127)
[2017.09.11-00.22.53:805][357]LogModuleManager: Shutting down and abandoning module TextureFormatIntelISPCTexComp (125)
[2017.09.11-00.22.53:805][357]LogModuleManager: Shutting down and abandoning module TextureFormatASTC (123)
[2017.09.11-00.22.53:805][357]LogModuleManager: Shutting down and abandoning module ImageWrapper (122)
[2017.09.11-00.22.53:805][357]LogModuleManager: Shutting down and abandoning module TextureFormatAndroid (119)
[2017.09.11-00.22.53:805][357]LogModuleManager: Shutting down and abandoning module AudioFormatOpus (117)
[2017.09.11-00.22.53:805][357]LogModuleManager: Shutting down and abandoning module AudioFormatOgg (115)
[2017.09.11-00.22.53:806][357]LogModuleManager: Shutting down and abandoning module AudioFormatADPCM (113)
[2017.09.11-00.22.53:806][357]LogModuleManager: Shutting down and abandoning module LinuxTargetPlatform (111)
[2017.09.11-00.22.53:806][357]LogModuleManager: Shutting down and abandoning module LinuxServerTargetPlatform (109)
[2017.09.11-00.22.53:806][357]LogModuleManager: Shutting down and abandoning module LinuxNoEditorTargetPlatform (107)
[2017.09.11-00.22.53:806][357]LogModuleManager: Shutting down and abandoning module LinuxClientTargetPlatform (105)
[2017.09.11-00.22.53:806][357]LogModuleManager: Shutting down and abandoning module TVOSTargetPlatform (103)
[2017.09.11-00.22.53:807][357]LogModuleManager: Shutting down and abandoning module Messaging (101)
[2017.09.11-00.22.53:807][357]LogModuleManager: Shutting down and abandoning module IOSTargetPlatform (99)
[2017.09.11-00.22.53:807][357]LogModuleManager: Shutting down and abandoning module HTML5TargetPlatform (97)
[2017.09.11-00.22.53:807][357]LogModuleManager: Shutting down and abandoning module Android_PVRTCTargetPlatform (95)
[2017.09.11-00.22.53:807][357]LogModuleManager: Shutting down and abandoning module Android_MultiTargetPlatform (93)
[2017.09.11-00.22.53:807][357]LogModuleManager: Shutting down and abandoning module Android_ETC2TargetPlatform (91)
[2017.09.11-00.22.53:807][357]LogModuleManager: Shutting down and abandoning module Android_ETC1TargetPlatform (89)
[2017.09.11-00.22.53:807][357]LogModuleManager: Shutting down and abandoning module Android_DXTTargetPlatform (87)
[2017.09.11-00.22.53:807][357]LogModuleManager: Shutting down and abandoning module Android_ATCTargetPlatform (85)
[2017.09.11-00.22.53:807][357]LogModuleManager: Shutting down and abandoning module Android_ASTCTargetPlatform (83)
[2017.09.11-00.22.53:807][357]LogModuleManager: Shutting down and abandoning module AndroidTargetPlatform (81)
[2017.09.11-00.22.53:807][357]LogModuleManager: Shutting down and abandoning module WindowsTargetPlatform (79)
[2017.09.11-00.22.53:808][357]LogModuleManager: Shutting down and abandoning module WindowsServerTargetPlatform (77)
[2017.09.11-00.22.53:808][357]LogModuleManager: Shutting down and abandoning module WindowsNoEditorTargetPlatform (75)
[2017.09.11-00.22.53:808][357]LogModuleManager: Shutting down and abandoning module WindowsClientTargetPlatform (73)
[2017.09.11-00.22.53:808][357]LogModuleManager: Shutting down and abandoning module MacTargetPlatform (71)
[2017.09.11-00.22.53:808][357]LogModuleManager: Shutting down and abandoning module MacServerTargetPlatform (69)
[2017.09.11-00.22.53:808][357]LogModuleManager: Shutting down and abandoning module MacNoEditorTargetPlatform (67)
[2017.09.11-00.22.53:808][357]LogModuleManager: Shutting down and abandoning module MacClientTargetPlatform (65)
[2017.09.11-00.22.53:808][357]LogModuleManager: Shutting down and abandoning module AllDesktopTargetPlatform (63)
[2017.09.11-00.22.53:808][357]LogModuleManager: Shutting down and abandoning module InputCore (60)
[2017.09.11-00.22.53:808][357]LogModuleManager: Shutting down and abandoning module Settings (58)
[2017.09.11-00.22.53:808][357]LogModuleManager: Shutting down and abandoning module PhysXCooking (56)
[2017.09.11-00.22.53:808][357]LogModuleManager: Shutting down and abandoning module SteamVR (54)
[2017.09.11-00.22.53:808][357]LogModuleManager: Shutting down and abandoning module OculusHMD (52)
[2017.09.11-00.22.53:808][357]LogModuleManager: Shutting down and abandoning module ExampleDeviceProfileSelector (50)
[2017.09.11-00.22.53:808][357]LogModuleManager: Shutting down and abandoning module OnlineBlueprintSupport (48)
[2017.09.11-00.22.53:808][357]LogModuleManager: Shutting down and abandoning module OnlineSubsystem (44)
[2017.09.11-00.22.53:808][357]LogOnline: Display: Unloading online subsystem: NULL
[2017.09.11-00.22.53:808][357]LogModuleManager: Shutting down and abandoning module XMPP (43)
[2017.09.11-00.22.53:808][357]LogModuleManager: Shutting down and abandoning module HTTP (41)
[2017.09.11-00.22.53:808][357]LogHttp: Display: Http module shutting down, but needs to wait on 1 outstanding Http requests:
[2017.09.11-00.22.53:809][357]LogHttp: Display: 	verb=[POST] url=[https://datarouter.ol.epicgames.com/datarouter/api/v1/public/data?SessionID=%7B6F46DB68-451B-68F4-02AE-FA8D4F516693%7D&AppID=UEEditor.Rocket.Release&AppVersion=4.17.1-3586342%2B%2B%2BUE4%2BRelease-4.17&UserID=c2734a9d457717d137afce911711fb33%7Cba6a842b939a41ddb1b979d2dfe335c5%7C72dd98c4-efd1-4545-8970-b801795d04f1&AppEnvironment=datacollector-binary&UploadType=eteventstream] status=Processing
[2017.09.11-00.22.53:822][357]LogModuleManager: Shutting down and abandoning module SSL (40)
[2017.09.11-00.22.53:829][357]LogModuleManager: Shutting down and abandoning module AnimationModifiers (36)
[2017.09.11-00.22.53:830][357]LogModuleManager: Shutting down and abandoning module PropertyEditor (35)
[2017.09.11-00.22.53:830][357]LogModuleManager: Shutting down and abandoning module AudioEditor (32)
[2017.09.11-00.22.53:830][357]LogModuleManager: Shutting down and abandoning module TextureCompressor (30)
[2017.09.11-00.22.53:830][357]LogModuleManager: Shutting down and abandoning module ShaderCore (28)
[2017.09.11-00.22.53:830][357]LogModuleManager: Shutting down and abandoning module Landscape (26)
[2017.09.11-00.22.53:830][357]LogModuleManager: Shutting down and abandoning module SlateRHIRenderer (24)
[2017.09.11-00.22.53:834][357]LogModuleManager: Shutting down and abandoning module OpenGLDrv (22)
[2017.09.11-00.22.53:834][357]LogModuleManager: Shutting down and abandoning module D3D11RHI (20)
[2017.09.11-00.22.53:834][357]LogModuleManager: Shutting down and abandoning module AnimGraphRuntime (18)
[2017.09.11-00.22.53:834][357]LogModuleManager: Shutting down and abandoning module Renderer (16)
[2017.09.11-00.22.53:834][357]LogModuleManager: Shutting down and abandoning module Engine (14)
[2017.09.11-00.22.53:834][357]LogModuleManager: Shutting down and abandoning module CoreUObject (12)
[2017.09.11-00.22.53:834][357]LogModuleManager: Shutting down and abandoning module NetworkFile (10)
[2017.09.11-00.22.53:835][357]LogModuleManager: Shutting down and abandoning module CookedIterativeFile (8)
[2017.09.11-00.22.53:835][357]LogModuleManager: Shutting down and abandoning module StreamingFile (6)
[2017.09.11-00.22.53:835][357]LogModuleManager: Shutting down and abandoning module SandboxFile (4)
[2017.09.11-00.22.53:835][357]LogModuleManager: Shutting down and abandoning module PakFile (2)
[2017.09.11-00.22.53:838][357]LogExit: Exiting.
[2017.09.11-00.22.53:870][357]Log file closed, 09/10/17 20:22:53
