Log file open, 09/13/17 18:01:43
LogWindows: LoadLibraryWithSearchPaths failed for file aqProf.dll. GetLastError=0
LogWindows: LoadLibraryWithSearchPaths failed for file VtuneApi.dll. GetLastError=0
LogWindows: LoadLibraryWithSearchPaths failed for file VtuneApi32e.dll. GetLastError=0
LogInit: Display: Running engine for game: Paper2DDemo
LogPlatformFile: Not using cached read wrapper
LogInit: Display: RandInit(-174377489) SRandInit(-174377468).
LogTaskGraph: Started task graph with 5 named threads and 8 total threads with 3 sets of task threads.
LogStats: Stats thread started at 0.699470
LogD3D11RHI: Aftermath initialized
LogPluginManager: Mounting plugin Paper2D
LogPluginManager: Mounting plugin LightPropagationVolume
LogPluginManager: Mounting plugin CodeLiteSourceCodeAccess
LogPluginManager: Mounting plugin GitSourceControl
LogPluginManager: Mounting plugin KDevelopSourceCodeAccess
LogPluginManager: Mounting plugin NullSourceCodeAccess
LogPluginManager: Mounting plugin PerforceSourceControl
LogPluginManager: Mounting plugin SubversionSourceControl
LogPluginManager: Mounting plugin UObjectPlugin
LogPluginManager: Mounting plugin VisualStudioSourceCodeAccess
LogPluginManager: Mounting plugin XCodeSourceCodeAccess
LogPluginManager: Mounting plugin AssetManagerEditor
LogPluginManager: Mounting plugin AudioCapture
LogPluginManager: Mounting plugin FacialAnimation
LogPluginManager: Mounting plugin GameplayTagsEditor
LogPluginManager: Mounting plugin MobileLauncherProfileWizard
LogPluginManager: Mounting plugin PluginBrowser
LogPluginManager: Mounting plugin SpeedTreeImporter
LogPluginManager: Mounting plugin AlembicImporter
LogPluginManager: Mounting plugin CharacterAI
LogPluginManager: Mounting plugin HTML5Networking
LogPluginManager: Mounting plugin AndroidMedia
LogPluginManager: Mounting plugin AvfMedia
LogPluginManager: Mounting plugin MediaPlayerEditor
LogPluginManager: Mounting plugin WmfMedia
LogPluginManager: Mounting plugin TcpMessaging
LogPluginManager: Mounting plugin UdpMessaging
LogPluginManager: Mounting plugin LevelSequenceEditor
LogPluginManager: Mounting plugin MatineeToLevelSequence
LogPluginManager: Mounting plugin OnlineSubsystemGooglePlay
LogPluginManager: Mounting plugin OnlineSubsystemIOS
LogPluginManager: Mounting plugin OnlineSubsystem
LogPluginManager: Mounting plugin OnlineSubsystemNull
LogPluginManager: Mounting plugin OnlineSubsystemUtils
LogPluginManager: Mounting plugin AndroidDeviceProfileSelector
LogPluginManager: Mounting plugin AndroidMoviePlayer
LogPluginManager: Mounting plugin AndroidPermission
LogPluginManager: Mounting plugin AppleMoviePlayer
LogPluginManager: Mounting plugin ArchVisCharacter
LogPluginManager: Mounting plugin CableComponent
LogPluginManager: Mounting plugin CustomMeshComponent
LogPluginManager: Mounting plugin ExampleDeviceProfileSelector
LogPluginManager: Mounting plugin GoogleCloudMessaging
LogPluginManager: Mounting plugin ImmediatePhysics
LogPluginManager: Mounting plugin IOSDeviceProfileSelector
LogPluginManager: Mounting plugin LinuxDeviceProfileSelector
LogPluginManager: Mounting plugin LocationServicesBPLibrary
LogPluginManager: Mounting plugin MobilePatchingUtils
LogPluginManager: Mounting plugin OculusVR
LogPluginManager: Mounting plugin PhysXVehicles
LogPluginManager: Mounting plugin ProceduralMeshComponent
LogPluginManager: Mounting plugin RuntimePhysXCooking
LogPluginManager: Mounting plugin SteamVR
LogPluginManager: Mounting plugin WindowsMoviePlayer
LogInit: Using libcurl 7.47.1
LogInit:  - built for x86_64-pc-win32
LogInit:  - supports SSL with OpenSSL/1.0.2g
LogInit:  - supports HTTP deflate (compression) using libz 1.2.8
LogInit:  - other features:
LogInit:      CURL_VERSION_SSL
LogInit:      CURL_VERSION_LIBZ
LogInit:      CURL_VERSION_IPV6
LogInit:      CURL_VERSION_ASYNCHDNS
LogInit:      CURL_VERSION_LARGEFILE
LogInit:      CURL_VERSION_IDN
LogInit:  CurlRequestOptions (configurable via config and command line):
LogInit:  - bVerifyPeer = false  - Libcurl will NOT verify peer certificate
LogInit:  - bUseHttpProxy = false  - Libcurl will NOT use HTTP proxy
LogInit:  - bDontReuseConnections = false  - Libcurl will reuse connections
LogInit:  - CertBundlePath = nullptr  - Libcurl will use whatever was configured at build time.
LogInit: Build: ++UE4+Release-4.17-CL-3586342
LogInit: Engine Version: 4.17.1-3586342+++UE4+Release-4.17
LogInit: Compatible Engine Version: 4.17.0-3573198+++UE4+Release-4.17
LogInit: Net CL: 3573198
LogDevObjectVersion: Number of dev versions registered: 16
LogDevObjectVersion:   Dev-Blueprints (B0D832E4-1F89-4F0D-ACCF-7EB736FD4AA2): 10
LogDevObjectVersion:   Dev-Build (E1C64328-A22C-4D53-A36C-8E866417BD8C): 0
LogDevObjectVersion:   Dev-Core (375EC13C-06E4-48FB-B500-84F0262A717E): 2
LogDevObjectVersion:   Dev-Editor (E4B068ED-F494-42E9-A231-DA0B2E46BB41): 20
LogDevObjectVersion:   Dev-Framework (CFFC743F-43B0-4480-9391-14DF171D2073): 28
LogDevObjectVersion:   Dev-Mobile (B02B49B5-BB20-44E9-A304-32B752E40360): 0
LogDevObjectVersion:   Dev-Networking (A4E4105C-59A1-49B5-A7C5-40C4547EDFEE): 0
LogDevObjectVersion:   Dev-Online (39C831C9-5AE6-47DC-9A44-9C173E1C8E7C): 0
LogDevObjectVersion:   Dev-Physics (78F01B33-EBEA-4F98-B9B4-84EACCB95AA2): 0
LogDevObjectVersion:   Dev-Platform (6631380F-2D4D-43E0-8009-CF276956A95A): 0
LogDevObjectVersion:   Dev-Rendering (12F88B9F-8875-4AFC-A67C-D90C383ABD29): 19
LogDevObjectVersion:   Dev-Sequencer (7B5AE74C-D270-4C10-A958-57980B212A5A): 4
LogDevObjectVersion:   Dev-VR (D7296918-1DD6-4BDD-9DE2-64A83CC13884): 0
LogDevObjectVersion:   Dev-LoadTimes (C2A15278-BFE7-4AFE-6C17-90FF531DF755): 1
LogDevObjectVersion:   Private-Geometry (6EACA3D4-40EC-4CC1-B786-8BED09428FC5): 1
LogDevObjectVersion:   Dev-AnimPhys (29E575DD-E0A3-4627-9D10-D276232CDCEA): 7
LogInit: Compiled (64-bit): Aug 15 2017 02:05:26
LogInit: Compiled with Visual C++: 19.00.24215.01
LogInit: Build Configuration: Development
LogInit: Branch Name: ++UE4+Release-4.17
LogInit: Command line:  
LogInit: Base directory: C:/Program Files/Epic Games/UE_4.17/Engine/Binaries/Win64/
LogInit: Installed Engine Build: 1
LogInit: Presizing for max 8388607 objects, including 0 objects not considered by GC, pre-allocating 0 bytes for permanent pool.
LogInit: Object subsystem initialized
[2017.09.13-22.01.45:067][  0]LogInit: Selected Device Profile: [Windows]
[2017.09.13-22.01.45:067][  0]LogInit: Applying CVar settings loaded from the selected device profile: [Windows]
[2017.09.13-22.01.45:087][  0]LogInit: Computer: NAIKELEA
[2017.09.13-22.01.45:087][  0]LogInit: User: Daniel
[2017.09.13-22.01.45:087][  0]LogInit: CPU Page size=4096, Cores=2
[2017.09.13-22.01.45:087][  0]LogInit: High frequency timer resolution =14.318180 MHz
[2017.09.13-22.01.45:088][  0]LogMemory: Memory total: Physical=7.9GB (8GB approx)
[2017.09.13-22.01.45:088][  0]LogMemory: Platform Memory Stats for Windows
[2017.09.13-22.01.45:088][  0]LogMemory: Process Physical Memory: 275.03 MB used, 275.03 MB peak
[2017.09.13-22.01.45:088][  0]LogMemory: Process Virtual Memory: 275.71 MB used, 275.71 MB peak
[2017.09.13-22.01.45:088][  0]LogMemory: Physical Memory: 3683.18 MB used,  4448.09 MB free, 8131.27 MB total
[2017.09.13-22.01.45:088][  0]LogMemory: Virtual Memory: 649.20 MB used,  4448.09 MB free, 134217728.00 MB total
[2017.09.13-22.01.45:497][  0]LogInit: Using OS detected language (en-US).
[2017.09.13-22.01.45:497][  0]LogInit: Using OS detected locale (en-US).
[2017.09.13-22.01.45:516][  0]LogTextLocalizationManager: No specific localization for 'en-US' exists, so the 'en' localization will be used.
[2017.09.13-22.01.46:957][  0]LogD3D11RHI: D3D11 adapters:
[2017.09.13-22.01.46:998][  0]LogD3D11RHI:    0. 'NVIDIA GeForce GTX 750 Ti' (Feature Level 11_0)
[2017.09.13-22.01.46:998][  0]LogD3D11RHI:       1988/0/2048 MB DedicatedVideo/DedicatedSystem/SharedSystem, Outputs:2, VendorId:0x10de
[2017.09.13-22.01.47:000][  0]LogD3D11RHI:    1. 'Microsoft Basic Render Driver' (Feature Level 11_0)
[2017.09.13-22.01.47:000][  0]LogD3D11RHI:       0/0/256 MB DedicatedVideo/DedicatedSystem/SharedSystem, Outputs:0, VendorId:0x1414
[2017.09.13-22.01.47:000][  0]LogD3D11RHI: Chosen D3D11 Adapter: 0
[2017.09.13-22.01.47:010][  0]LogD3D11RHI: Creating new Direct3DDevice
[2017.09.13-22.01.47:010][  0]LogD3D11RHI:     GPU DeviceId: 0x1380 (for the marketing name, search the web for "GPU Device Id")
[2017.09.13-22.01.47:010][  0]LogWindows: EnumDisplayDevices:
[2017.09.13-22.01.47:011][  0]LogWindows:    0. 'NVIDIA GeForce GTX 750 Ti' (P:1 D:1)
[2017.09.13-22.01.47:011][  0]LogWindows:    1. 'NVIDIA GeForce GTX 750 Ti' (P:0 D:1)
[2017.09.13-22.01.47:011][  0]LogWindows:    2. 'NVIDIA GeForce GTX 750 Ti' (P:0 D:0)
[2017.09.13-22.01.47:011][  0]LogWindows:    3. 'NVIDIA GeForce GTX 750 Ti' (P:0 D:0)
[2017.09.13-22.01.47:011][  0]LogWindows: DebugString: FoundDriverCount:4 
[2017.09.13-22.01.47:011][  0]LogD3D11RHI:     Adapter Name: NVIDIA GeForce GTX 750 Ti
[2017.09.13-22.01.47:011][  0]LogD3D11RHI:   Driver Version: 365.10 (internal:10.18.13.6510, unified:365.10)
[2017.09.13-22.01.47:011][  0]LogD3D11RHI:      Driver Date: 4-27-2016
[2017.09.13-22.01.47:012][  0]LogRHI: Texture pool is 1361 MB (70% of 1945 MB)
[2017.09.13-22.01.47:030][  0]LogD3D11RHI: NvAPI_D3D_GetCurrentSLIState failed: 0xfffffff7
[2017.09.13-22.01.47:030][  0]LogD3D11RHI: Async texture creation enabled
[2017.09.13-22.01.47:062][  0]LogD3D11RHI: GPU Timing Frequency: 1000.000000 (Debug: 2 2)
[2017.09.13-22.01.47:170][  0]LogShaderCompilers: Guid format shader working directory is -42 characters bigger than the processId version (../../../../../../Users/Daniel/Documents/Unreal Projects/Paper2DDemo/darthmaulsuncle 4.17/Intermediate/Shaders/WorkingDirectory/6032/).
[2017.09.13-22.01.47:170][  0]LogShaderCompilers: Cleaned the shader compiler working directory 'C:/Users/Daniel/AppData/Local/Temp/UnrealShaderWorkingDir/E7B7864B48AF354FDD1991B13352A2F1/'.
[2017.09.13-22.01.47:171][  0]LogShaderCompilers: Display: Using Local Shader Compiler.
[2017.09.13-22.01.49:520][  0]LogTemp: Display: Loaded TP AllDesktopTargetPlatform
[2017.09.13-22.01.49:622][  0]LogTemp: Display: Loaded TP MacClientTargetPlatform
[2017.09.13-22.01.49:731][  0]LogTemp: Display: Loaded TP MacNoEditorTargetPlatform
[2017.09.13-22.01.49:835][  0]LogTemp: Display: Loaded TP MacServerTargetPlatform
[2017.09.13-22.01.49:937][  0]LogTemp: Display: Loaded TP MacTargetPlatform
[2017.09.13-22.01.50:048][  0]LogTemp: Display: Loaded TP WindowsClientTargetPlatform
[2017.09.13-22.01.50:149][  0]LogTemp: Display: Loaded TP WindowsNoEditorTargetPlatform
[2017.09.13-22.01.50:248][  0]LogTemp: Display: Loaded TP WindowsServerTargetPlatform
[2017.09.13-22.01.50:319][  0]LogTemp: Display: Loaded TP WindowsTargetPlatform
[2017.09.13-22.01.50:407][  0]LogTemp: Display: Loaded TP AndroidTargetPlatform
[2017.09.13-22.01.50:505][  0]LogTemp: Display: Loaded TP Android_ASTCTargetPlatform
[2017.09.13-22.01.50:616][  0]LogTemp: Display: Loaded TP Android_ATCTargetPlatform
[2017.09.13-22.01.50:737][  0]LogTemp: Display: Loaded TP Android_DXTTargetPlatform
[2017.09.13-22.01.50:838][  0]LogTemp: Display: Loaded TP Android_ETC1TargetPlatform
[2017.09.13-22.01.50:929][  0]LogTemp: Display: Loaded TP Android_ETC2TargetPlatform
[2017.09.13-22.01.51:131][  0]LogTemp: Display: Loaded TP Android_MultiTargetPlatform
[2017.09.13-22.01.51:131][  0]LogTemp: Display: Loaded TP Android_PVRTCTargetPlatform
[2017.09.13-22.01.51:205][  0]LogTemp: Display: Loaded TP HTML5TargetPlatform
[2017.09.13-22.01.51:381][  0]LogTemp: Display: Loaded TP IOSTargetPlatform
[2017.09.13-22.01.51:444][  0]LogTemp: Display: Loaded TP TVOSTargetPlatform
[2017.09.13-22.01.51:537][  0]LogTemp: Display: Loaded TP LinuxClientTargetPlatform
[2017.09.13-22.01.51:627][  0]LogTemp: Display: Loaded TP LinuxNoEditorTargetPlatform
[2017.09.13-22.01.51:738][  0]LogTemp: Display: Loaded TP LinuxServerTargetPlatform
[2017.09.13-22.01.51:851][  0]LogTemp: Display: Loaded TP LinuxTargetPlatform
[2017.09.13-22.01.51:851][  0]LogTargetPlatformManager: Display: Building Assets For Windows
[2017.09.13-22.01.52:845][  0]LogDerivedDataCache: Display: Max Cache Size: 512 MB
[2017.09.13-22.01.53:246][  0]LogDerivedDataCache: Loaded boot cache 0.40s 93MB C:/Users/Daniel/AppData/Local/UnrealEngine/4.17/DerivedDataCache/Boot.ddc.
[2017.09.13-22.01.53:246][  0]LogDerivedDataCache: Display: Loaded Boot cache: C:/Users/Daniel/AppData/Local/UnrealEngine/4.17/DerivedDataCache/Boot.ddc
[2017.09.13-22.01.53:246][  0]LogDerivedDataCache: FDerivedDataBackendGraph:  Pak pak cache file ../../../../../../Users/Daniel/Documents/Unreal Projects/Paper2DDemo/darthmaulsuncle 4.17/DerivedDataCache/DDC.ddp not found, will not use a pak cache.
[2017.09.13-22.01.53:246][  0]LogDerivedDataCache: Unable to find inner node Pak for hierarchical cache Hierarchy.
[2017.09.13-22.01.53:246][  0]LogDerivedDataCache: FDerivedDataBackendGraph:  CompressedPak pak cache file ../../../../../../Users/Daniel/Documents/Unreal Projects/Paper2DDemo/darthmaulsuncle 4.17/DerivedDataCache/Compressed.ddp not found, will not use a pak cache.
[2017.09.13-22.01.53:246][  0]LogDerivedDataCache: Unable to find inner node CompressedPak for hierarchical cache Hierarchy.
[2017.09.13-22.01.53:302][  0]LogDerivedDataCache: Display: Pak cache opened for reading ../../../Engine/DerivedDataCache/Compressed.ddp.
[2017.09.13-22.01.53:318][  0]LogDerivedDataCache: Using Local data cache path C:/Users/Daniel/AppData/Local/UnrealEngine/Common/DerivedDataCache: Writable
[2017.09.13-22.01.53:344][  0]LogMaterial: Verifying Global Shaders for PCD3D_SM5
[2017.09.13-22.01.53:348][  0]LogSlate: Using Freetype 2.6.0
[2017.09.13-22.01.53:353][  0]LogSlate: SlateFontCache - WITH_FREETYPE: 1, WITH_HARFBUZZ: 1
[2017.09.13-22.01.53:353][  0]LogSlate: SlateFontCache - WITH_FREETYPE: 1, WITH_HARFBUZZ: 1
[2017.09.13-22.01.54:204][  0]LogAssetRegistry: FAssetRegistry took 0.0310 seconds to start up
[2017.09.13-22.01.54:516][  0]LogInit: Selected Device Profile: [Windows]
[2017.09.13-22.01.54:921][  0]LogContentStreaming: Texture pool size is 0.00 MB
[2017.09.13-22.01.55:600][  0]LogSimplygon: Simplygon DLL not present - disabling.
[2017.09.13-22.01.55:691][  0]LogMeshReduction: Using SimplygonSwarm for distributed automatic mesh merging
[2017.09.13-22.01.55:691][  0]LogMeshReduction: Using QuadricMeshReduction for automatic static mesh reduction
[2017.09.13-22.01.55:692][  0]LogMeshReduction: No automatic skeletal mesh reduction module available
[2017.09.13-22.01.55:692][  0]LogMeshReduction: No automatic mesh merging module available
[2017.09.13-22.01.55:692][  0]LogMeshMerging: No automatic mesh merging module available
[2017.09.13-22.01.56:547][  0]LogNetVersion: Paper2DDemo , NetCL: 3573198, EngineNetVer: 2, GameNetVer: 0 (Checksum: 26211092)
[2017.09.13-22.01.57:096][  0]LogPackageLocalizationCache: Processed 5 localized package path(s) for 2 prioritized culture(s) in 0.081477 seconds
[2017.09.13-22.01.57:115][  0]LogUObjectArray: 35825 objects as part of root set at end of initial load.
[2017.09.13-22.01.57:115][  0]LogUObjectAllocator: 7529104 out of 0 bytes used by permanent object pool.
[2017.09.13-22.01.57:115][  0]LogUObjectArray: CloseDisregardForGC: 0/0 objects in disregard for GC pool
[2017.09.13-22.01.57:240][  0]LogInit: WinSock: version 1.1 (2.2), MaxSocks=32767, MaxUdp=65467
[2017.09.13-22.02.02:869][  0]LogTcpMessaging: Initializing TcpMessaging bridge
[2017.09.13-22.02.02:945][  0]LogUdpMessaging: Initializing bridge on interface 0.0.0.0:0 to multicast group 230.0.0.1:6666.
[2017.09.13-22.02.04:251][  0]LogMaterial: Uniform references updated for custom material expression Custom.
[2017.09.13-22.02.05:062][  0]SourceControl: Source control is disabled
[2017.09.13-22.02.05:062][  0]SourceControl: Source control is disabled
[2017.09.13-22.02.05:169][  0]SourceControl: Source control is disabled
[2017.09.13-22.02.05:257][  0]SourceControl: Source control is disabled
[2017.09.13-22.02.06:417][  0]LogAndroidPermission: UAndroidPermissionCallbackProxy::GetInstance
[2017.09.13-22.02.06:876][  0]LogOcInput: OculusInput pre-init called
[2017.09.13-22.02.07:411][  0]LogEngine: Initializing Engine...
[2017.09.13-22.02.07:417][  0]LogHMD: Failed to initialize OpenVR with code 110
[2017.09.13-22.02.08:003][  0]LogStats: UGameplayTagsManager::ConstructGameplayTagTree: Construct from data asset -  0.000 s
[2017.09.13-22.02.08:003][  0]LogStats: UGameplayTagsManager::ConstructGameplayTagTree: GameplayTagTreeChangedEvent.Broadcast -  0.000 s
[2017.09.13-22.02.08:319][  0]LogAIModule: Creating AISystem for world Untitled
[2017.09.13-22.02.08:350][  0]LogInit: XAudio2 using 'Speakers (Realtek High Definition Audio)' : 2 channels at 48 kHz using 32 bits per sample (channel mask 0x3)
[2017.09.13-22.02.08:370][  0]LogInit: FAudioDevice initialized.
[2017.09.13-22.02.08:551][  0]LogDerivedDataCache: Saved boot cache 0.18s 93MB C:/Users/Daniel/AppData/Local/UnrealEngine/4.17/DerivedDataCache/Boot.ddc.
[2017.09.13-22.02.08:587][  0]LogInit: Texture streaming: Enabled
[2017.09.13-22.02.08:829][  0]LogEngineSessionManager: EngineSessionManager initialized
[2017.09.13-22.02.09:329][  0]LogInit: Transaction tracking system initialized
[2017.09.13-22.02.10:004][  0]BlueprintLog: New page: Editor Load
[2017.09.13-22.02.12:101][  0]LocalizationService: Localization service is disabled
[2017.09.13-22.02.14:161][  0]LogConsoleResponse: Display: 
[2017.09.13-22.02.14:646][  0]LogCook: Display: Max memory allowance for cook 16384mb min free memory 0mb
[2017.09.13-22.02.14:646][  0]LogCook: Display: Mobile HDR setting 1
[2017.09.13-22.02.14:649][  0]LogGameplayTags: Display: UGameplayTagsManager::DoneAddingNativeTags. DelegateIsBound: 0
[2017.09.13-22.02.15:500][  0]LogFileCache: Scanning file cache for directory 'C:/Users/Daniel/Documents/Unreal Projects/Paper2DDemo/darthmaulsuncle 4.17/Content/' took 0.02s
[2017.09.13-22.02.16:993][  0]SourceControl: Source control is disabled
[2017.09.13-22.02.16:995][  0]Cmd: MAP LOAD FILE="../../../Engine/Content/Maps/Templates/Template_Default.umap" TEMPLATE=1 SHOWPROGRESS=1 FEATURELEVEL=3
[2017.09.13-22.02.16:999][  0]LightingResults: New page: Lighting Build
[2017.09.13-22.02.17:122][  0]MapCheck: New page: Map Check
[2017.09.13-22.02.17:122][  0]LightingResults: New page: Lighting Build
[2017.09.13-22.02.17:674][  0]LogAIModule: Creating AISystem for world Untitled_1
[2017.09.13-22.02.17:714][  0]LogEditorServer: Finished looking for orphan Actors (0.000 secs)
[2017.09.13-22.02.17:756][  0]Cmd: MAP CHECKDEP NOCLEARLOG
[2017.09.13-22.02.17:847][  0]MapCheck: Map check complete: 0 Error(s), 0 Warning(s), took 91.017ms to complete.
[2017.09.13-22.02.17:847][  0]LogFileHelpers: Loading map 'Template_Default' took 0.853
[2017.09.13-22.02.18:218][  0]LogCollectionManager: Loaded 0 collections in 0.002406 seconds
[2017.09.13-22.02.18:385][  0]LogFileCache: Scanning file cache for directory 'C:/Users/Daniel/Documents/Unreal Projects/Paper2DDemo/darthmaulsuncle 4.17/Saved/Collections/' took 0.01s
[2017.09.13-22.02.18:385][  0]LogFileCache: Scanning file cache for directory 'C:/Users/Daniel/Documents/Unreal Projects/Paper2DDemo/darthmaulsuncle 4.17/Content/Developers/Daniel/Collections/' took 0.01s
[2017.09.13-22.02.18:385][  0]LogFileCache: Scanning file cache for directory 'C:/Users/Daniel/Documents/Unreal Projects/Paper2DDemo/darthmaulsuncle 4.17/Content/Collections/' took 0.01s
[2017.09.13-22.02.18:385][  0]LogCollectionManager: Rebuilt the GUID cache for 0 collections in 0.000001 seconds
[2017.09.13-22.02.18:409][  0]LogContentBrowser: Native class hierarchy populated in 0.0220 seconds. Added 2386 classes and 500 folders.
[2017.09.13-22.02.18:542][  0]LogContentBrowser: Native class hierarchy updated for 'WidgetCarousel' in 0.0008 seconds. Added 0 classes and 0 folders.
[2017.09.13-22.02.18:715][  0]LogContentBrowser: Native class hierarchy updated for 'AddContentDialog' in 0.0018 seconds. Added 0 classes and 0 folders.
[2017.09.13-22.02.18:816][  0]LogContentBrowser: Native class hierarchy updated for 'SceneOutliner' in 0.0010 seconds. Added 1 classes and 2 folders.
[2017.09.13-22.02.21:034][  0]LogSlate: Took 0.001203 seconds to synchronously load lazily loaded font '../../../Engine/Content/Slate/Fonts/Roboto-Regular.ttf' (155K)
[2017.09.13-22.02.21:039][  0]LogSlate: Took 0.001175 seconds to synchronously load lazily loaded font '../../../Engine/Content/Slate/Fonts/Roboto-Bold.ttf' (160K)
[2017.09.13-22.02.21:059][  0]LogSlate: Took 0.001516 seconds to synchronously load lazily loaded font '../../../Engine/Content/Editor/Slate/Fonts/FontAwesome.ttf' (139K)
[2017.09.13-22.02.21:360][  0]LogTemp: Executing iPhonePackager certificates Engine -bundlename com.YourCompany.Paper2DDemo
[2017.09.13-22.02.21:360][  0]LogTemp: CWD: C:\Program Files\Epic Games\UE_4.17\Engine\Binaries\DotNET\IOS
[2017.09.13-22.02.21:360][  0]LogTemp: Initial Dir: C:\Program Files\Epic Games\UE_4.17
[2017.09.13-22.02.21:360][  0]LogTemp: Env CWD: C:\Program Files\Epic Games\UE_4.17\Engine\Binaries\DotNET\IOS
[2017.09.13-22.02.21:360][  0]LogTemp: BranchPath = NAIKELEA/C/Program Files/Epic Games/UE_4.17/Engine/Binaries --- GameBranchPath = NAIKELEA/C/Program Files/Epic Games/UE_4.17/Engine/Binaries
[2017.09.13-22.02.21:360][  0]LogTemp: IPP ERROR: Could not find provision directory 'C:\Users\Daniel\AppData\Local/Apple Computer/MobileDevice/Provisioning Profiles/'.
[2017.09.13-22.02.21:360][  0]LogRenderer: Reallocating scene render targets to support 1140x576 Format 9 NumSamples 1 (Frame:1).
[2017.09.13-22.02.21:802][  0]LogContentBrowser: Native class hierarchy updated for 'HierarchicalLODOutliner' in 0.0009 seconds. Added 1 classes and 2 folders.
[2017.09.13-22.02.21:802][  0]LogLoad: (Engine Initialization) Total time: 40.09 seconds
[2017.09.13-22.02.21:802][  0]LogLoad: (Engine Initialization) Total Blueprint compile time: 0.00 seconds
[2017.09.13-22.02.21:803][  0]LogExternalProfiler: Found external profiler: VSPerf
[2017.09.13-22.02.21:803][  0]LogExternalProfiler: Using external profiler: VSPerf
[2017.09.13-22.02.21:851][  0]LogContentStreaming: Texture pool size now 400 MB
[2017.09.13-22.02.21:876][  0]LogSlate: Took 0.001117 seconds to synchronously load lazily loaded font '../../../Engine/Content/Slate/Fonts/Roboto-Light.ttf' (159K)
[2017.09.13-22.02.22:095][  3]LogAssetRegistry: Asset discovery search completed in 27.9151 seconds
[2017.09.13-22.02.22:102][  3]LogCollectionManager: Rebuilt the object cache for 0 collections in 0.000003 seconds (found 0 objects)
[2017.09.13-22.02.22:102][  3]LogCollectionManager: Fixed up redirectors for 0 collections in 0.000262 seconds (updated 0 objects)
[2017.09.13-22.02.27:004][382]LogSlate: Took 0.000205 seconds to synchronously load lazily loaded font '../../../Engine/Content/Slate/Fonts/Roboto-Light.ttf' (159K)
[2017.09.13-22.02.27:258][382]LogClass: Warning: Enum '/Game/SpriteTexture/Anim_States.Anim_States' was upgraded to use FText to store its display name data. Please re-save this asset to avoid issues with localization and determinstic cooking.
[2017.09.13-22.02.27:686][382]LogAIModule: Creating AISystem for world PaperGame
[2017.09.13-22.02.27:739][382]Cmd: MAP LOAD FILE="../../../../../../Users/Daniel/Documents/Unreal Projects/Paper2DDemo/darthmaulsuncle 4.17/Content/PaperGame.umap" TEMPLATE=0 SHOWPROGRESS=1 FEATURELEVEL=3
[2017.09.13-22.02.27:739][382]LightingResults: New page: Lighting Build
[2017.09.13-22.02.27:740][382]LoadErrors: New page: Loading map: PaperGame.umap
[2017.09.13-22.02.27:742][382]MapCheck: New page: Map Check
[2017.09.13-22.02.27:742][382]LightingResults: New page: Lighting Build
[2017.09.13-22.02.27:880][382]LogEditorServer: Finished looking for orphan Actors (0.000 secs)
[2017.09.13-22.02.27:954][382]Cmd: MAP CHECKDEP NOCLEARLOG
[2017.09.13-22.02.28:065][382]MapCheck: Map check complete: 0 Error(s), 0 Warning(s), took 110.867ms to complete.
[2017.09.13-22.02.28:065][382]LogFileHelpers: Loading map 'PaperGame' took 0.329
[2017.09.13-22.02.30:088][527]LogTemp: Repeating last play command: Selected Viewport
[2017.09.13-22.02.30:150][527]LogBlueprintUserMessages: Early PlayInEditor Detection: Level '/Game/PaperGame.PaperGame:PersistentLevel' has LevelScriptBlueprint '/Game/PaperGame.PaperGame:PersistentLevel.PaperGame' with GeneratedClass '/Game/PaperGame.PaperGame_C' with ClassGeneratedBy '/Game/PaperGame.PaperGame:PersistentLevel.PaperGame'
[2017.09.13-22.02.30:151][527]LogPlayLevel: PlayLevel: No blueprints needed recompiling
[2017.09.13-22.02.30:154][527]PIE: New page: PIE session: PaperGame (Sep 13, 2017, 2:02:30 PM)
[2017.09.13-22.02.30:155][527]LogPlayLevel: Creating play world package: /Game/UEDPIE_0_PaperGame
[2017.09.13-22.02.30:161][527]LogPlayLevel: PIE: StaticDuplicateObject took: (0.006660s)
[2017.09.13-22.02.30:162][527]LogAIModule: Creating AISystem for world PaperGame
[2017.09.13-22.02.30:163][527]LogPlayLevel: PIE: World Init took: (0.001235s)
[2017.09.13-22.02.30:163][527]LogPlayLevel: PIE: Created PIE world by copying editor world from /Game/PaperGame.PaperGame to /Game/UEDPIE_0_PaperGame.PaperGame (0.008745s)
[2017.09.13-22.02.30:197][527]LogInit: XAudio2 using 'Speakers (Realtek High Definition Audio)' : 2 channels at 48 kHz using 32 bits per sample (channel mask 0x3)
[2017.09.13-22.02.30:215][527]LogInit: FAudioDevice initialized.
[2017.09.13-22.02.30:267][527]LogLoad: Game class is 'PaperGameMode_C'
[2017.09.13-22.02.30:280][527]LogWorld: Bringing World /Game/UEDPIE_0_PaperGame.PaperGame up for play (max tick rate 0) at 2017.09.13-18.02.30
[2017.09.13-22.02.30:286][527]LogWorld: Bringing up level for play took: 0.010140
[2017.09.13-22.02.30:293][527]LogSpawn: Warning: SpawnActor failed because no class was specified
[2017.09.13-22.02.30:366][527]LogContentBrowser: Native class hierarchy updated for 'MovieSceneCapture' in 0.0010 seconds. Added 11 classes and 0 folders.
[2017.09.13-22.02.30:367][527]LogGameMode: Display: Match State Changed from EnteringMap to WaitingToStart
[2017.09.13-22.02.30:367][527]LogGameState: Match State Changed from EnteringMap to WaitingToStart
[2017.09.13-22.02.30:367][527]LogGameMode: Display: Match State Changed from WaitingToStart to InProgress
[2017.09.13-22.02.30:374][527]LogGameState: Match State Changed from WaitingToStart to InProgress
[2017.09.13-22.02.30:374][527]PIE: Play in editor start time for /Game/UEDPIE_0_PaperGame 0.712
[2017.09.13-22.02.30:375][527]LogBlueprintUserMessages: Late PlayInEditor Detection: Level '/Game/PaperGame.PaperGame:PersistentLevel' has LevelScriptBlueprint '/Game/PaperGame.PaperGame:PersistentLevel.PaperGame' with GeneratedClass '/Game/PaperGame.PaperGame_C' with ClassGeneratedBy '/Game/PaperGame.PaperGame:PersistentLevel.PaperGame'
[2017.09.13-22.02.37:397][ 21]LogBlueprintUserMessages: Early EndPlayMap Detection: Level '/Game/PaperGame.PaperGame:PersistentLevel' has LevelScriptBlueprint '/Game/PaperGame.PaperGame:PersistentLevel.PaperGame' with GeneratedClass '/Game/PaperGame.PaperGame_C' with ClassGeneratedBy '/Game/PaperGame.PaperGame:PersistentLevel.PaperGame'
[2017.09.13-22.02.37:437][ 21]LogBlueprintUserMessages: Late EndPlayMap Detection: Level '/Game/PaperGame.PaperGame:PersistentLevel' has LevelScriptBlueprint '/Game/PaperGame.PaperGame:PersistentLevel.PaperGame' with GeneratedClass '/Game/PaperGame.PaperGame_C' with ClassGeneratedBy '/Game/PaperGame.PaperGame:PersistentLevel.PaperGame'
[2017.09.13-22.10.24:109][142]LogTemp: Repeating last play command: Selected Viewport
[2017.09.13-22.10.24:147][142]LogBlueprintUserMessages: Early PlayInEditor Detection: Level '/Game/PaperGame.PaperGame:PersistentLevel' has LevelScriptBlueprint '/Game/PaperGame.PaperGame:PersistentLevel.PaperGame' with GeneratedClass '/Game/PaperGame.PaperGame_C' with ClassGeneratedBy '/Game/PaperGame.PaperGame:PersistentLevel.PaperGame'
[2017.09.13-22.10.24:147][142]LogPlayLevel: PlayLevel: No blueprints needed recompiling
[2017.09.13-22.10.24:147][142]PIE: New page: PIE session: PaperGame (Sep 13, 2017, 2:10:24 PM)
[2017.09.13-22.10.24:147][142]LogPlayLevel: Creating play world package: /Game/UEDPIE_0_PaperGame
[2017.09.13-22.10.24:154][142]LogPlayLevel: PIE: StaticDuplicateObject took: (0.006689s)
[2017.09.13-22.10.24:155][142]LogAIModule: Creating AISystem for world PaperGame
[2017.09.13-22.10.24:155][142]LogPlayLevel: PIE: World Init took: (0.001290s)
[2017.09.13-22.10.24:155][142]LogPlayLevel: PIE: Created PIE world by copying editor world from /Game/PaperGame.PaperGame to /Game/UEDPIE_0_PaperGame.PaperGame (0.008394s)
[2017.09.13-22.10.24:190][142]LogInit: XAudio2 using 'Speakers (Realtek High Definition Audio)' : 2 channels at 48 kHz using 32 bits per sample (channel mask 0x3)
[2017.09.13-22.10.24:212][142]LogInit: FAudioDevice initialized.
[2017.09.13-22.10.24:248][142]LogLoad: Game class is 'PaperGameMode_C'
[2017.09.13-22.10.24:254][142]LogWorld: Bringing World /Game/UEDPIE_0_PaperGame.PaperGame up for play (max tick rate 0) at 2017.09.13-18.10.24
[2017.09.13-22.10.24:260][142]LogWorld: Bringing up level for play took: 0.011324
[2017.09.13-22.10.24:261][142]LogSpawn: Warning: SpawnActor failed because no class was specified
[2017.09.13-22.10.24:261][142]LogGameMode: Display: Match State Changed from EnteringMap to WaitingToStart
[2017.09.13-22.10.24:261][142]LogGameState: Match State Changed from EnteringMap to WaitingToStart
[2017.09.13-22.10.24:261][142]LogGameMode: Display: Match State Changed from WaitingToStart to InProgress
[2017.09.13-22.10.24:263][142]LogGameState: Match State Changed from WaitingToStart to InProgress
[2017.09.13-22.10.24:263][142]PIE: Play in editor start time for /Game/UEDPIE_0_PaperGame 0.601
[2017.09.13-22.10.24:263][142]LogBlueprintUserMessages: Late PlayInEditor Detection: Level '/Game/PaperGame.PaperGame:PersistentLevel' has LevelScriptBlueprint '/Game/PaperGame.PaperGame:PersistentLevel.PaperGame' with GeneratedClass '/Game/PaperGame.PaperGame_C' with ClassGeneratedBy '/Game/PaperGame.PaperGame:PersistentLevel.PaperGame'
[2017.09.13-22.10.29:237][481]LogBlueprintUserMessages: Early EndPlayMap Detection: Level '/Game/PaperGame.PaperGame:PersistentLevel' has LevelScriptBlueprint '/Game/PaperGame.PaperGame:PersistentLevel.PaperGame' with GeneratedClass '/Game/PaperGame.PaperGame_C' with ClassGeneratedBy '/Game/PaperGame.PaperGame:PersistentLevel.PaperGame'
[2017.09.13-22.10.29:280][481]LogBlueprintUserMessages: Late EndPlayMap Detection: Level '/Game/PaperGame.PaperGame:PersistentLevel' has LevelScriptBlueprint '/Game/PaperGame.PaperGame:PersistentLevel.PaperGame' with GeneratedClass '/Game/PaperGame.PaperGame_C' with ClassGeneratedBy '/Game/PaperGame.PaperGame:PersistentLevel.PaperGame'
[2017.09.13-22.11.50:385][976]LogWindowsTextInputMethodSystem: Display: IME system now deactivated.
[2017.09.13-22.11.50:890][977]Cmd: QUIT_EDITOR
[2017.09.13-22.11.51:840][977]LogExit: Preparing to exit.
[2017.09.13-22.11.53:137][977]LogDirectoryWatcher: A directory notification for 'C:/Users/Daniel/Documents/Unreal Projects/Paper2DDemo/darthmaulsuncle 4.17/Content/' was aborted.
[2017.09.13-22.11.53:172][977]LogExit: Editor shut down
[2017.09.13-22.11.53:182][977]LogExit: Transaction tracking system shut down
[2017.09.13-22.11.53:382][977]LogDirectoryWatcher: A directory notification for '../../../Engine/Content/' was aborted.
[2017.09.13-22.11.53:382][977]LogDirectoryWatcher: A directory notification for '../../../../../../Users/Daniel/Documents/Unreal Projects/Paper2DDemo/darthmaulsuncle 4.17/Content/' was aborted.
[2017.09.13-22.11.53:382][977]LogDirectoryWatcher: A directory notification for '../../../Engine/Plugins/2D/Paper2D/Content/' was aborted.
[2017.09.13-22.11.53:383][977]LogDirectoryWatcher: A directory notification for '../../../Engine/Plugins/Runtime/Oculus/OculusVR/Content/' was aborted.
[2017.09.13-22.11.53:383][977]LogDirectoryWatcher: A directory notification for '../../../Engine/Plugins/Runtime/Steam/SteamVR/Content/' was aborted.
[2017.09.13-22.11.53:475][977]LogExit: Object subsystem successfully closed.
[2017.09.13-22.11.53:495][977]LogD3D11RHI: Shutdown
[2017.09.13-22.11.53:495][977]LogD3D11RHI: CleanupD3DDevice
[2017.09.13-22.11.53:631][977]LogD3D11RHI: ~FD3D11DynamicRHI
[2017.09.13-22.11.53:658][977]LogModuleManager: Shutting down and abandoning module MovieSceneCapture (534)
[2017.09.13-22.11.53:658][977]LogModuleManager: Shutting down and abandoning module HierarchicalLODOutliner (532)
[2017.09.13-22.11.53:659][977]LogModuleManager: Shutting down and abandoning module ExternalImagePicker (530)
[2017.09.13-22.11.53:659][977]LogModuleManager: Shutting down and abandoning module SceneOutliner (528)
[2017.09.13-22.11.53:659][977]LogModuleManager: Shutting down and abandoning module AddContentDialog (526)
[2017.09.13-22.11.53:659][977]LogDirectoryWatcher: A directory notification for 'C:/Program Files/Epic Games/UE_4.17/FeaturePacks/' was aborted.
[2017.09.13-22.11.53:663][977]LogModuleManager: Shutting down and abandoning module WidgetCarousel (525)
[2017.09.13-22.11.53:663][977]LogModuleManager: Shutting down and abandoning module EditorWidgets (522)
[2017.09.13-22.11.53:663][977]LogModuleManager: Shutting down and abandoning module CollectionManager (520)
[2017.09.13-22.11.53:663][977]LogDirectoryWatcher: A directory notification for 'C:/Users/Daniel/Documents/Unreal Projects/Paper2DDemo/darthmaulsuncle 4.17/Content/Collections/' was aborted.
[2017.09.13-22.11.53:663][977]LogDirectoryWatcher: A directory notification for 'C:/Users/Daniel/Documents/Unreal Projects/Paper2DDemo/darthmaulsuncle 4.17/Content/Developers/Daniel/Collections/' was aborted.
[2017.09.13-22.11.53:663][977]LogDirectoryWatcher: A directory notification for 'C:/Users/Daniel/Documents/Unreal Projects/Paper2DDemo/darthmaulsuncle 4.17/Saved/Collections/' was aborted.
[2017.09.13-22.11.53:663][977]LogModuleManager: Shutting down and abandoning module StatsViewer (518)
[2017.09.13-22.11.53:663][977]LogModuleManager: Shutting down and abandoning module FoliageEdit (516)
[2017.09.13-22.11.53:663][977]LogModuleManager: Shutting down and abandoning module LandscapeEditor (514)
[2017.09.13-22.11.53:663][977]LogModuleManager: Shutting down and abandoning module MeshPaintMode (512)
[2017.09.13-22.11.53:663][977]LogModuleManager: Shutting down and abandoning module SceneDepthPickerMode (510)
[2017.09.13-22.11.53:663][977]LogModuleManager: Shutting down and abandoning module ActorPickerMode (508)
[2017.09.13-22.11.53:663][977]LogModuleManager: Shutting down and abandoning module GeometryMode (506)
[2017.09.13-22.11.53:663][977]LogModuleManager: Shutting down and abandoning module TextureAlignMode (504)
[2017.09.13-22.11.53:663][977]LogModuleManager: Shutting down and abandoning module BspMode (502)
[2017.09.13-22.11.53:663][977]LogModuleManager: Shutting down and abandoning module PIEPreviewDeviceProfileSelector (500)
[2017.09.13-22.11.53:663][977]LogModuleManager: Shutting down and abandoning module HardwareSurvey (498)
[2017.09.13-22.11.53:663][977]LogModuleManager: Shutting down and abandoning module SequenceRecorderSections (496)
[2017.09.13-22.11.53:663][977]LogModuleManager: Shutting down and abandoning module AutomationWorker (494)
[2017.09.13-22.11.53:664][977]LogModuleManager: Shutting down and abandoning module MatineeToLevelSequence (492)
[2017.09.13-22.11.53:664][977]LogModuleManager: Shutting down and abandoning module LevelSequenceEditor (490)
[2017.09.13-22.11.53:664][977]LogModuleManager: Shutting down and abandoning module PlacementMode (489)
[2017.09.13-22.11.53:664][977]LogModuleManager: Shutting down and abandoning module WmfMediaFactory (486)
[2017.09.13-22.11.53:664][977]LogModuleManager: Shutting down and abandoning module WmfMediaEditor (484)
[2017.09.13-22.11.53:664][977]LogModuleManager: Shutting down and abandoning module AvfMediaFactory (482)
[2017.09.13-22.11.53:664][977]LogModuleManager: Shutting down and abandoning module AvfMediaEditor (480)
[2017.09.13-22.11.53:664][977]LogModuleManager: Shutting down and abandoning module AndroidMediaFactory (478)
[2017.09.13-22.11.53:664][977]LogModuleManager: Shutting down and abandoning module Media (477)
[2017.09.13-22.11.53:664][977]LogModuleManager: Shutting down and abandoning module AndroidMediaEditor (474)
[2017.09.13-22.11.53:664][977]LogModuleManager: Shutting down and abandoning module CharacterAI (472)
[2017.09.13-22.11.53:664][977]LogModuleManager: Shutting down and abandoning module AudioCapture (470)
[2017.09.13-22.11.53:664][977]LogModuleManager: Shutting down and abandoning module SequenceRecorder (469)
[2017.09.13-22.11.53:664][977]LogModuleManager: Shutting down and abandoning module SmartSnapping (466)
[2017.09.13-22.11.53:664][977]LogModuleManager: Shutting down and abandoning module SessionServices (464)
[2017.09.13-22.11.53:664][977]LogModuleManager: Shutting down and abandoning module ViewportSnapping (462)
[2017.09.13-22.11.53:664][977]LogModuleManager: Shutting down and abandoning module ViewportInteraction (460)
[2017.09.13-22.11.53:664][977]LogModuleManager: Shutting down and abandoning module ClothPainter (458)
[2017.09.13-22.11.53:664][977]LogModuleManager: Shutting down and abandoning module LogVisualizer (456)
[2017.09.13-22.11.53:664][977]LogModuleManager: Shutting down and abandoning module IntroTutorials (454)
[2017.09.13-22.11.53:664][977]LogModuleManager: Shutting down and abandoning module GameProjectGeneration (453)
[2017.09.13-22.11.53:664][977]LogModuleManager: Shutting down and abandoning module IOSPlatformEditor (450)
[2017.09.13-22.11.53:664][977]LogModuleManager: Shutting down and abandoning module HTML5PlatformEditor (448)
[2017.09.13-22.11.53:664][977]LogModuleManager: Shutting down and abandoning module AndroidPlatformEditor (446)
[2017.09.13-22.11.53:664][977]LogModuleManager: Shutting down and abandoning module AndroidDeviceDetection (445)
[2017.09.13-22.11.54:201][977]LogModuleManager: Shutting down and abandoning module WindowsPlatformEditor (442)
[2017.09.13-22.11.54:201][977]LogModuleManager: Shutting down and abandoning module IOSRuntimeSettings (440)
[2017.09.13-22.11.54:201][977]LogModuleManager: Shutting down and abandoning module AndroidRuntimeSettings (438)
[2017.09.13-22.11.54:201][977]LogModuleManager: Shutting down and abandoning module InputBindingEditor (436)
[2017.09.13-22.11.54:201][977]LogModuleManager: Shutting down and abandoning module MergeActors (434)
[2017.09.13-22.11.54:201][977]LogModuleManager: Shutting down and abandoning module SizeMap (432)
[2017.09.13-22.11.54:201][977]LogModuleManager: Shutting down and abandoning module TreeMap (430)
[2017.09.13-22.11.54:201][977]LogModuleManager: Shutting down and abandoning module ReferenceViewer (428)
[2017.09.13-22.11.54:201][977]LogModuleManager: Shutting down and abandoning module LocalizationDashboard (426)
[2017.09.13-22.11.54:201][977]LogModuleManager: Shutting down and abandoning module LocalizationService (425)
[2017.09.13-22.11.54:201][977]LogModuleManager: Shutting down and abandoning module HardwareTargeting (422)
[2017.09.13-22.11.54:201][977]LogModuleManager: Shutting down and abandoning module DeviceProfileEditor (420)
[2017.09.13-22.11.54:201][977]LogModuleManager: Shutting down and abandoning module UndoHistory (418)
[2017.09.13-22.11.54:201][977]LogModuleManager: Shutting down and abandoning module XmlParser (416)
[2017.09.13-22.11.54:201][977]LogModuleManager: Shutting down and abandoning module Blutility (414)
[2017.09.13-22.11.54:201][977]LogModuleManager: Shutting down and abandoning module ProjectSettingsViewer (412)
[2017.09.13-22.11.54:201][977]LogModuleManager: Shutting down and abandoning module ProjectTargetPlatformEditor (411)
[2017.09.13-22.11.54:202][977]LogModuleManager: Shutting down and abandoning module EditorSettingsViewer (408)
[2017.09.13-22.11.54:202][977]LogModuleManager: Shutting down and abandoning module SettingsEditor (406)
[2017.09.13-22.11.54:202][977]LogModuleManager: Shutting down and abandoning module ProjectLauncher (404)
[2017.09.13-22.11.54:202][977]LogModuleManager: Shutting down and abandoning module SessionFrontend (402)
[2017.09.13-22.11.54:202][977]LogModuleManager: Shutting down and abandoning module ProfilerClient (400)
[2017.09.13-22.11.54:202][977]LogModuleManager: Shutting down and abandoning module DeviceManager (398)
[2017.09.13-22.11.54:202][977]LogModuleManager: Shutting down and abandoning module TargetDeviceServices (397)
[2017.09.13-22.11.54:246][977]LogModuleManager: Shutting down and abandoning module AutomationController (394)
[2017.09.13-22.11.54:246][977]LogModuleManager: Shutting down and abandoning module AutomationWindow (392)
[2017.09.13-22.11.54:246][977]LogModuleManager: Shutting down and abandoning module Layers (390)
[2017.09.13-22.11.54:246][977]LogModuleManager: Shutting down and abandoning module ComponentVisualizers (388)
[2017.09.13-22.11.54:246][977]LogModuleManager: Shutting down and abandoning module DetailCustomizations (386)
[2017.09.13-22.11.54:246][977]LogModuleManager: Shutting down and abandoning module PackagesDialog (384)
[2017.09.13-22.11.54:246][977]LogModuleManager: Shutting down and abandoning module Persona (382)
[2017.09.13-22.11.54:246][977]LogModuleManager: Shutting down and abandoning module AdvancedPreviewScene (381)
[2017.09.13-22.11.54:246][977]LogModuleManager: Shutting down and abandoning module AnimGraph (379)
[2017.09.13-22.11.54:246][977]LogModuleManager: Shutting down and abandoning module Kismet (376)
[2017.09.13-22.11.54:247][977]LogModuleManager: Shutting down and abandoning module ClassViewer (374)
[2017.09.13-22.11.54:247][977]LogModuleManager: Shutting down and abandoning module Toolbox (372)
[2017.09.13-22.11.54:247][977]LogModuleManager: Shutting down and abandoning module ModuleUI (370)
[2017.09.13-22.11.54:247][977]LogModuleManager: Shutting down and abandoning module MovieSceneTools (368)
[2017.09.13-22.11.54:247][977]LogModuleManager: Shutting down and abandoning module OutputLog (366)
[2017.09.13-22.11.54:247][977]LogModuleManager: Shutting down and abandoning module GammaUI (364)
[2017.09.13-22.11.54:247][977]LogModuleManager: Shutting down and abandoning module Documentation (362)
[2017.09.13-22.11.54:247][977]LogModuleManager: Shutting down and abandoning module MovieSceneTracks (360)
[2017.09.13-22.11.54:247][977]LogModuleManager: Shutting down and abandoning module MovieScene (358)
[2017.09.13-22.11.54:247][977]LogModuleManager: Shutting down and abandoning module Niagara (356)
[2017.09.13-22.11.54:247][977]LogModuleManager: Shutting down and abandoning module NiagaraEditor (355)
[2017.09.13-22.11.54:247][977]LogModuleManager: Shutting down and abandoning module StreamingPauseRendering (352)
[2017.09.13-22.11.54:247][977]LogModuleManager: Shutting down and abandoning module LauncherPlatform (350)
[2017.09.13-22.11.54:247][977]LogModuleManager: Shutting down and abandoning module AnalyticsET (348)
[2017.09.13-22.11.54:247][977]LogModuleManager: Shutting down and abandoning module PortalServices (346)
[2017.09.13-22.11.54:247][977]LogModuleManager: Shutting down and abandoning module PortalRpc (344)
[2017.09.13-22.11.54:247][977]LogModuleManager: Shutting down and abandoning module MessagingRpc (342)
[2017.09.13-22.11.54:247][977]LogModuleManager: Shutting down and abandoning module AIModule (340)
[2017.09.13-22.11.54:247][977]LogModuleManager: Shutting down and abandoning module GameplayDebugger (339)
[2017.09.13-22.11.54:247][977]LogModuleManager: Shutting down and abandoning module AITestSuite (337)
[2017.09.13-22.11.54:247][977]LogModuleManager: Shutting down and abandoning module ProfilerService (334)
[2017.09.13-22.11.54:351][977]LogModuleManager: Shutting down and abandoning module TaskGraph (332)
[2017.09.13-22.11.54:351][977]LogModuleManager: Shutting down and abandoning module SteamVRController (330)
[2017.09.13-22.11.54:351][977]LogModuleManager: Shutting down and abandoning module ProceduralMeshComponentEditor (328)
[2017.09.13-22.11.54:351][977]LogModuleManager: Shutting down and abandoning module ProceduralMeshComponent (326)
[2017.09.13-22.11.54:352][977]LogModuleManager: Shutting down and abandoning module OculusInput (324)
[2017.09.13-22.11.54:352][977]LogModuleManager: Shutting down and abandoning module MobilePatchingUtils (322)
[2017.09.13-22.11.54:352][977]LogModuleManager: Shutting down and abandoning module CustomMeshComponent (320)
[2017.09.13-22.11.54:352][977]LogModuleManager: Shutting down and abandoning module CableComponent (318)
[2017.09.13-22.11.54:352][977]LogModuleManager: Shutting down and abandoning module ArchVisCharacter (316)
[2017.09.13-22.11.54:352][977]LogModuleManager: Shutting down and abandoning module AndroidPermission (314)
[2017.09.13-22.11.54:352][977]LogModuleManager: Shutting down and abandoning module MediaPlayerEditor (310)
[2017.09.13-22.11.54:352][977]LogModuleManager: Shutting down and abandoning module HTML5Networking (308)
[2017.09.13-22.11.54:352][977]LogModuleManager: Shutting down and abandoning module AlembicImporter (306)
[2017.09.13-22.11.54:352][977]LogModuleManager: Shutting down and abandoning module AlembicLibrary (305)
[2017.09.13-22.11.54:352][977]LogModuleManager: Shutting down and abandoning module GeometryCache (304)
[2017.09.13-22.11.54:352][977]LogModuleManager: Shutting down and abandoning module GeometryCacheEd (303)
[2017.09.13-22.11.54:352][977]LogModuleManager: Shutting down and abandoning module SpeedTreeImporter (298)
[2017.09.13-22.11.54:352][977]LogModuleManager: Shutting down and abandoning module PluginBrowser (296)
[2017.09.13-22.11.54:352][977]LogModuleManager: Shutting down and abandoning module MobileLauncherProfileWizard (294)
[2017.09.13-22.11.54:352][977]LogModuleManager: Shutting down and abandoning module VisualStudioSourceCodeAccess (292)
[2017.09.13-22.11.54:352][977]LogModuleManager: Shutting down and abandoning module DesktopPlatform (291)
[2017.09.13-22.11.54:352][977]LogModuleManager: Shutting down and abandoning module UObjectPlugin (288)
[2017.09.13-22.11.54:352][977]LogModuleManager: Shutting down and abandoning module SubversionSourceControl (286)
[2017.09.13-22.11.54:352][977]LogModuleManager: Shutting down and abandoning module PerforceSourceControl (284)
[2017.09.13-22.11.54:352][977]LogModuleManager: Shutting down and abandoning module GitSourceControl (282)
[2017.09.13-22.11.54:352][977]LogModuleManager: Shutting down and abandoning module SourceControl (281)
[2017.09.13-22.11.54:352][977]LogModuleManager: Shutting down and abandoning module LightPropagationVolumeEditor (278)
[2017.09.13-22.11.54:352][977]LogModuleManager: Shutting down and abandoning module PaperTiledImporter (276)
[2017.09.13-22.11.54:352][977]LogModuleManager: Shutting down and abandoning module PaperSpriteSheetImporter (274)
[2017.09.13-22.11.54:352][977]LogModuleManager: Shutting down and abandoning module Paper2DEditor (272)
[2017.09.13-22.11.54:352][977]LogModuleManager: Shutting down and abandoning module MeshPaint (271)
[2017.09.13-22.11.54:353][977]LogModuleManager: Shutting down and abandoning module LevelEditor (269)
[2017.09.13-22.11.54:353][977]LogModuleManager: Shutting down and abandoning module PixelInspectorModule (268)
[2017.09.13-22.11.54:353][977]LogModuleManager: Shutting down and abandoning module MainFrame (266)
[2017.09.13-22.11.54:354][977]LogModuleManager: Shutting down and abandoning module HotReload (265)
[2017.09.13-22.11.54:354][977]LogModuleManager: Shutting down and abandoning module RuntimePhysXCooking (260)
[2017.09.13-22.11.54:354][977]LogModuleManager: Shutting down and abandoning module PhysXVehiclesEditor (258)
[2017.09.13-22.11.54:354][977]LogModuleManager: Shutting down and abandoning module PhysXVehicles (256)
[2017.09.13-22.11.54:354][977]LogModuleManager: Shutting down and abandoning module OculusEditor (254)
[2017.09.13-22.11.54:354][977]LogModuleManager: Shutting down and abandoning module LocationServicesBPLibrary (252)
[2017.09.13-22.11.54:354][977]LogModuleManager: Shutting down and abandoning module ImmediatePhysicsEditor (250)
[2017.09.13-22.11.54:354][977]LogModuleManager: Shutting down and abandoning module ImmediatePhysics (248)
[2017.09.13-22.11.54:355][977]LogModuleManager: Shutting down and abandoning module UdpMessaging (246)
[2017.09.13-22.11.54:456][977]LogModuleManager: Shutting down and abandoning module TcpMessaging (244)
[2017.09.13-22.11.54:557][977]LogModuleManager: Shutting down and abandoning module GameplayTagsEditor (242)
[2017.09.13-22.11.54:557][977]LogModuleManager: Shutting down and abandoning module FacialAnimationEditor (240)
[2017.09.13-22.11.54:557][977]LogModuleManager: Shutting down and abandoning module FacialAnimation (238)
[2017.09.13-22.11.54:557][977]LogModuleManager: Shutting down and abandoning module AssetManagerEditor (236)
[2017.09.13-22.11.54:557][977]LogModuleManager: Shutting down and abandoning module GraphEditor (235)
[2017.09.13-22.11.54:557][977]LogModuleManager: Shutting down and abandoning module ContentBrowser (233)
[2017.09.13-22.11.54:558][977]LogModuleManager: Shutting down and abandoning module LightPropagationVolumeRuntime (230)
[2017.09.13-22.11.54:558][977]LogModuleManager: Shutting down and abandoning module Paper2D (228)
[2017.09.13-22.11.54:558][977]LogModuleManager: Shutting down and abandoning module WindowsMoviePlayer (226)
[2017.09.13-22.11.54:558][977]LogModuleManager: Shutting down and abandoning module WmfMedia (224)
[2017.09.13-22.11.54:559][977]LogModuleManager: Shutting down and abandoning module PacketHandler (222)
[2017.09.13-22.11.54:559][977]LogModuleManager: Shutting down and abandoning module ClothingSystemEditor (220)
[2017.09.13-22.11.54:559][977]LogModuleManager: Shutting down and abandoning module ClothingSystemRuntime (218)
[2017.09.13-22.11.54:559][977]LogModuleManager: Shutting down and abandoning module Overlay (216)
[2017.09.13-22.11.54:559][977]LogModuleManager: Shutting down and abandoning module OverlayEditor (215)
[2017.09.13-22.11.54:559][977]LogModuleManager: Shutting down and abandoning module MediaAssets (212)
[2017.09.13-22.11.54:559][977]LogModuleManager: Shutting down and abandoning module VREditor (210)
[2017.09.13-22.11.54:559][977]LogModuleManager: Shutting down and abandoning module StringTableEditor (208)
[2017.09.13-22.11.54:559][977]LogModuleManager: Shutting down and abandoning module GameplayTasksEditor (206)
[2017.09.13-22.11.54:559][977]LogModuleManager: Shutting down and abandoning module BehaviorTreeEditor (204)
[2017.09.13-22.11.54:559][977]LogModuleManager: Shutting down and abandoning module FunctionalTesting (202)
[2017.09.13-22.11.54:559][977]LogModuleManager: Shutting down and abandoning module CollisionAnalyzer (200)
[2017.09.13-22.11.54:559][977]LogModuleManager: Shutting down and abandoning module WorkspaceMenuStructure (199)
[2017.09.13-22.11.54:559][977]LogModuleManager: Shutting down and abandoning module UMG (196)
[2017.09.13-22.11.54:559][977]LogModuleManager: Shutting down and abandoning module UMGEditor (195)
[2017.09.13-22.11.54:559][977]LogModuleManager: Shutting down and abandoning module Sequencer (194)
[2017.09.13-22.11.54:559][977]LogModuleManager: Shutting down and abandoning module MessageLog (191)
[2017.09.13-22.11.54:560][977]LogModuleManager: Shutting down and abandoning module SlateReflector (186)
[2017.09.13-22.11.54:560][977]LogModuleManager: Shutting down and abandoning module Slate (184)
[2017.09.13-22.11.54:560][977]LogModuleManager: Shutting down and abandoning module EditorStyle (182)
[2017.09.13-22.11.54:563][977]LogModuleManager: Shutting down and abandoning module MRMesh (180)
[2017.09.13-22.11.54:563][977]LogModuleManager: Shutting down and abandoning module SourceCodeAccess (178)
[2017.09.13-22.11.54:563][977]LogModuleManager: Shutting down and abandoning module HeadMountedDisplay (176)
[2017.09.13-22.11.54:563][977]LogModuleManager: Shutting down and abandoning module XAudio2 (174)
[2017.09.13-22.11.54:563][977]LogModuleManager: Shutting down and abandoning module Networking (172)
[2017.09.13-22.11.54:563][977]LogModuleManager: Shutting down and abandoning module Core (168)
[2017.09.13-22.11.54:564][977]LogModuleManager: Shutting down and abandoning module KismetCompiler (164)
[2017.09.13-22.11.54:564][977]LogModuleManager: Shutting down and abandoning module LevelSequence (162)
[2017.09.13-22.11.54:564][977]LogModuleManager: Shutting down and abandoning module MeshUtilities (160)
[2017.09.13-22.11.54:564][977]LogModuleManager: Shutting down and abandoning module MeshMergeUtilities (159)
[2017.09.13-22.11.54:564][977]LogModuleManager: Shutting down and abandoning module MeshReductionInterface (158)
[2017.09.13-22.11.54:564][977]LogModuleManager: Shutting down and abandoning module SimplygonSwarm (157)
[2017.09.13-22.11.54:564][977]LogModuleManager: Shutting down and abandoning module SimplygonMeshReduction (155)
[2017.09.13-22.11.54:564][977]LogModuleManager: Shutting down and abandoning module QuadricMeshReduction (153)
[2017.09.13-22.11.54:564][977]LogModuleManager: Shutting down and abandoning module MaterialBaking (149)
[2017.09.13-22.11.54:564][977]LogModuleManager: Shutting down and abandoning module DirectoryWatcher (146)
[2017.09.13-22.11.54:565][977]LogModuleManager: Shutting down and abandoning module DerivedDataCache (144)
[2017.09.13-22.11.54:626][977]LogDerivedDataCache: Shutdown
[2017.09.13-22.11.54:626][977]LogModuleManager: Shutting down and abandoning module TargetPlatform (142)
[2017.09.13-22.11.54:626][977]LogModuleManager: Shutting down and abandoning module VulkanShaderFormat (141)
[2017.09.13-22.11.54:626][977]LogModuleManager: Shutting down and abandoning module ShaderFormatVectorVM (139)
[2017.09.13-22.11.54:626][977]LogModuleManager: Shutting down and abandoning module ShaderFormatOpenGL (137)
[2017.09.13-22.11.54:626][977]LogModuleManager: Shutting down and abandoning module ShaderFormatD3D (135)
[2017.09.13-22.11.54:627][977]LogModuleManager: Shutting down and abandoning module MetalShaderFormat (133)
[2017.09.13-22.11.54:627][977]LogModuleManager: Shutting down and abandoning module TextureFormatUncompressed (131)
[2017.09.13-22.11.54:627][977]LogModuleManager: Shutting down and abandoning module TextureFormatPVR (129)
[2017.09.13-22.11.54:627][977]LogModuleManager: Shutting down and abandoning module TextureFormatDXT (127)
[2017.09.13-22.11.54:627][977]LogModuleManager: Shutting down and abandoning module TextureFormatIntelISPCTexComp (125)
[2017.09.13-22.11.54:627][977]LogModuleManager: Shutting down and abandoning module TextureFormatASTC (123)
[2017.09.13-22.11.54:628][977]LogModuleManager: Shutting down and abandoning module ImageWrapper (122)
[2017.09.13-22.11.54:628][977]LogModuleManager: Shutting down and abandoning module TextureFormatAndroid (119)
[2017.09.13-22.11.54:628][977]LogModuleManager: Shutting down and abandoning module AudioFormatOpus (117)
[2017.09.13-22.11.54:628][977]LogModuleManager: Shutting down and abandoning module AudioFormatOgg (115)
[2017.09.13-22.11.54:628][977]LogModuleManager: Shutting down and abandoning module AudioFormatADPCM (113)
[2017.09.13-22.11.54:628][977]LogModuleManager: Shutting down and abandoning module LinuxTargetPlatform (111)
[2017.09.13-22.11.54:628][977]LogModuleManager: Shutting down and abandoning module LinuxServerTargetPlatform (109)
[2017.09.13-22.11.54:628][977]LogModuleManager: Shutting down and abandoning module LinuxNoEditorTargetPlatform (107)
[2017.09.13-22.11.54:629][977]LogModuleManager: Shutting down and abandoning module LinuxClientTargetPlatform (105)
[2017.09.13-22.11.54:629][977]LogModuleManager: Shutting down and abandoning module TVOSTargetPlatform (103)
[2017.09.13-22.11.54:629][977]LogModuleManager: Shutting down and abandoning module Messaging (101)
[2017.09.13-22.11.54:629][977]LogModuleManager: Shutting down and abandoning module IOSTargetPlatform (99)
[2017.09.13-22.11.54:629][977]LogModuleManager: Shutting down and abandoning module HTML5TargetPlatform (97)
[2017.09.13-22.11.54:629][977]LogModuleManager: Shutting down and abandoning module Android_PVRTCTargetPlatform (95)
[2017.09.13-22.11.54:629][977]LogModuleManager: Shutting down and abandoning module Android_MultiTargetPlatform (93)
[2017.09.13-22.11.54:629][977]LogModuleManager: Shutting down and abandoning module Android_ETC2TargetPlatform (91)
[2017.09.13-22.11.54:630][977]LogModuleManager: Shutting down and abandoning module Android_ETC1TargetPlatform (89)
[2017.09.13-22.11.54:630][977]LogModuleManager: Shutting down and abandoning module Android_DXTTargetPlatform (87)
[2017.09.13-22.11.54:630][977]LogModuleManager: Shutting down and abandoning module Android_ATCTargetPlatform (85)
[2017.09.13-22.11.54:630][977]LogModuleManager: Shutting down and abandoning module Android_ASTCTargetPlatform (83)
[2017.09.13-22.11.54:630][977]LogModuleManager: Shutting down and abandoning module AndroidTargetPlatform (81)
[2017.09.13-22.11.54:630][977]LogModuleManager: Shutting down and abandoning module WindowsTargetPlatform (79)
[2017.09.13-22.11.54:630][977]LogModuleManager: Shutting down and abandoning module WindowsServerTargetPlatform (77)
[2017.09.13-22.11.54:631][977]LogModuleManager: Shutting down and abandoning module WindowsNoEditorTargetPlatform (75)
[2017.09.13-22.11.54:631][977]LogModuleManager: Shutting down and abandoning module WindowsClientTargetPlatform (73)
[2017.09.13-22.11.54:631][977]LogModuleManager: Shutting down and abandoning module MacTargetPlatform (71)
[2017.09.13-22.11.54:631][977]LogModuleManager: Shutting down and abandoning module MacServerTargetPlatform (69)
[2017.09.13-22.11.54:631][977]LogModuleManager: Shutting down and abandoning module MacNoEditorTargetPlatform (67)
[2017.09.13-22.11.54:631][977]LogModuleManager: Shutting down and abandoning module MacClientTargetPlatform (65)
[2017.09.13-22.11.54:631][977]LogModuleManager: Shutting down and abandoning module AllDesktopTargetPlatform (63)
[2017.09.13-22.11.54:631][977]LogModuleManager: Shutting down and abandoning module InputCore (60)
[2017.09.13-22.11.54:631][977]LogModuleManager: Shutting down and abandoning module Settings (58)
[2017.09.13-22.11.54:631][977]LogModuleManager: Shutting down and abandoning module PhysXCooking (56)
[2017.09.13-22.11.54:632][977]LogModuleManager: Shutting down and abandoning module SteamVR (54)
[2017.09.13-22.11.54:632][977]LogModuleManager: Shutting down and abandoning module OculusHMD (52)
[2017.09.13-22.11.54:632][977]LogModuleManager: Shutting down and abandoning module ExampleDeviceProfileSelector (50)
[2017.09.13-22.11.54:632][977]LogModuleManager: Shutting down and abandoning module OnlineBlueprintSupport (48)
[2017.09.13-22.11.54:632][977]LogModuleManager: Shutting down and abandoning module OnlineSubsystem (44)
[2017.09.13-22.11.54:632][977]LogOnline: Display: Unloading online subsystem: NULL
[2017.09.13-22.11.54:632][977]LogModuleManager: Shutting down and abandoning module XMPP (43)
[2017.09.13-22.11.54:632][977]LogModuleManager: Shutting down and abandoning module HTTP (41)
[2017.09.13-22.11.54:632][977]LogHttp: Display: Http module shutting down, but needs to wait on 1 outstanding Http requests:
[2017.09.13-22.11.54:632][977]LogHttp: Display: 	verb=[POST] url=[https://datarouter.ol.epicgames.com/datarouter/api/v1/public/data?SessionID=%7BC4824B49-449C-38AF-99E2-F0A5F8F71183%7D&AppID=UEEditor.Rocket.Release&AppVersion=4.17.1-3586342%2B%2B%2BUE4%2BRelease-4.17&UserID=c2734a9d457717d137afce911711fb33%7Cba6a842b939a41ddb1b979d2dfe335c5%7C72dd98c4-efd1-4545-8970-b801795d04f1&AppEnvironment=datacollector-binary&UploadType=eteventstream] status=Processing
[2017.09.13-22.11.54:652][977]LogModuleManager: Shutting down and abandoning module SSL (40)
[2017.09.13-22.11.54:653][977]LogModuleManager: Shutting down and abandoning module AnimationModifiers (36)
[2017.09.13-22.11.54:654][977]LogModuleManager: Shutting down and abandoning module PropertyEditor (35)
[2017.09.13-22.11.54:654][977]LogModuleManager: Shutting down and abandoning module AudioEditor (32)
[2017.09.13-22.11.54:654][977]LogModuleManager: Shutting down and abandoning module TextureCompressor (30)
[2017.09.13-22.11.54:654][977]LogModuleManager: Shutting down and abandoning module ShaderCore (28)
[2017.09.13-22.11.54:654][977]LogModuleManager: Shutting down and abandoning module Landscape (26)
[2017.09.13-22.11.54:654][977]LogModuleManager: Shutting down and abandoning module SlateRHIRenderer (24)
[2017.09.13-22.11.54:655][977]LogModuleManager: Shutting down and abandoning module OpenGLDrv (22)
[2017.09.13-22.11.54:655][977]LogModuleManager: Shutting down and abandoning module D3D11RHI (20)
[2017.09.13-22.11.54:656][977]LogModuleManager: Shutting down and abandoning module AnimGraphRuntime (18)
[2017.09.13-22.11.54:656][977]LogModuleManager: Shutting down and abandoning module Renderer (16)
[2017.09.13-22.11.54:656][977]LogModuleManager: Shutting down and abandoning module Engine (14)
[2017.09.13-22.11.54:656][977]LogModuleManager: Shutting down and abandoning module CoreUObject (12)
[2017.09.13-22.11.54:656][977]LogModuleManager: Shutting down and abandoning module NetworkFile (10)
[2017.09.13-22.11.54:656][977]LogModuleManager: Shutting down and abandoning module CookedIterativeFile (8)
[2017.09.13-22.11.54:656][977]LogModuleManager: Shutting down and abandoning module StreamingFile (6)
[2017.09.13-22.11.54:656][977]LogModuleManager: Shutting down and abandoning module SandboxFile (4)
[2017.09.13-22.11.54:656][977]LogModuleManager: Shutting down and abandoning module PakFile (2)
[2017.09.13-22.11.54:658][977]LogExit: Exiting.
[2017.09.13-22.11.54:684][977]Log file closed, 09/13/17 18:11:54
